{"/home/bernt-popp/development/vntyper-online-frontend/resources/js/apiInteractions.js": {"path":"/home/bernt-popp/development/vntyper-online-frontend/resources/js/apiInteractions.js","statementMap":{"0":{"start":{"line":23,"column":25},"end":{"line":34,"column":3}},"1":{"start":{"line":25,"column":21},"end":{"line":25,"column":64}},"2":{"start":{"line":28,"column":4},"end":{"line":30,"column":null}},"3":{"start":{"line":29,"column":6},"end":{"line":29,"column":null}},"4":{"start":{"line":33,"column":4},"end":{"line":33,"column":null}},"5":{"start":{"line":38,"column":2},"end":{"line":40,"column":null}},"6":{"start":{"line":39,"column":4},"end":{"line":39,"column":null}},"7":{"start":{"line":42,"column":2},"end":{"line":42,"column":null}},"8":{"start":{"line":57,"column":2},"end":{"line":92,"column":null}},"9":{"start":{"line":58,"column":4},"end":{"line":58,"column":null}},"10":{"start":{"line":61,"column":4},"end":{"line":78,"column":null}},"11":{"start":{"line":62,"column":6},"end":{"line":65,"column":null}},"12":{"start":{"line":63,"column":8},"end":{"line":63,"column":null}},"13":{"start":{"line":64,"column":8},"end":{"line":64,"column":null}},"14":{"start":{"line":66,"column":6},"end":{"line":66,"column":null}},"15":{"start":{"line":67,"column":6},"end":{"line":67,"column":null}},"16":{"start":{"line":70,"column":6},"end":{"line":77,"column":null}},"17":{"start":{"line":71,"column":8},"end":{"line":74,"column":null}},"18":{"start":{"line":72,"column":10},"end":{"line":72,"column":null}},"19":{"start":{"line":73,"column":10},"end":{"line":73,"column":null}},"20":{"start":{"line":75,"column":8},"end":{"line":75,"column":null}},"21":{"start":{"line":76,"column":8},"end":{"line":76,"column":null}},"22":{"start":{"line":81,"column":17},"end":{"line":85,"column":5}},"23":{"start":{"line":87,"column":4},"end":{"line":87,"column":null}},"24":{"start":{"line":88,"column":4},"end":{"line":88,"column":null}},"25":{"start":{"line":90,"column":4},"end":{"line":90,"column":null}},"26":{"start":{"line":91,"column":4},"end":{"line":91,"column":null}},"27":{"start":{"line":106,"column":2},"end":{"line":109,"column":null}},"28":{"start":{"line":107,"column":4},"end":{"line":107,"column":null}},"29":{"start":{"line":108,"column":4},"end":{"line":108,"column":null}},"30":{"start":{"line":111,"column":2},"end":{"line":126,"column":null}},"31":{"start":{"line":112,"column":4},"end":{"line":112,"column":null}},"32":{"start":{"line":115,"column":17},"end":{"line":119,"column":5}},"33":{"start":{"line":121,"column":4},"end":{"line":121,"column":null}},"34":{"start":{"line":122,"column":4},"end":{"line":122,"column":null}},"35":{"start":{"line":124,"column":4},"end":{"line":124,"column":null}},"36":{"start":{"line":125,"column":4},"end":{"line":125,"column":null}},"37":{"start":{"line":142,"column":2},"end":{"line":145,"column":null}},"38":{"start":{"line":143,"column":4},"end":{"line":143,"column":null}},"39":{"start":{"line":144,"column":4},"end":{"line":144,"column":null}},"40":{"start":{"line":147,"column":2},"end":{"line":179,"column":null}},"41":{"start":{"line":148,"column":4},"end":{"line":148,"column":null}},"42":{"start":{"line":151,"column":14},"end":{"line":151,"column":97}},"43":{"start":{"line":153,"column":4},"end":{"line":160,"column":null}},"44":{"start":{"line":154,"column":6},"end":{"line":157,"column":null}},"45":{"start":{"line":155,"column":8},"end":{"line":155,"column":null}},"46":{"start":{"line":156,"column":8},"end":{"line":156,"column":null}},"47":{"start":{"line":158,"column":6},"end":{"line":158,"column":null}},"48":{"start":{"line":159,"column":6},"end":{"line":159,"column":null}},"49":{"start":{"line":162,"column":4},"end":{"line":169,"column":null}},"50":{"start":{"line":163,"column":6},"end":{"line":166,"column":null}},"51":{"start":{"line":164,"column":8},"end":{"line":164,"column":null}},"52":{"start":{"line":165,"column":8},"end":{"line":165,"column":null}},"53":{"start":{"line":167,"column":6},"end":{"line":167,"column":null}},"54":{"start":{"line":168,"column":6},"end":{"line":168,"column":null}},"55":{"start":{"line":172,"column":17},"end":{"line":172,"column":49}},"56":{"start":{"line":174,"column":4},"end":{"line":174,"column":null}},"57":{"start":{"line":175,"column":4},"end":{"line":175,"column":null}},"58":{"start":{"line":177,"column":4},"end":{"line":177,"column":null}},"59":{"start":{"line":178,"column":4},"end":{"line":178,"column":null}},"60":{"start":{"line":206,"column":17},"end":{"line":239,"column":3}},"61":{"start":{"line":207,"column":4},"end":{"line":209,"column":null}},"62":{"start":{"line":208,"column":6},"end":{"line":208,"column":null}},"63":{"start":{"line":212,"column":17},"end":{"line":212,"column":42}},"64":{"start":{"line":215,"column":4},"end":{"line":215,"column":null}},"65":{"start":{"line":216,"column":4},"end":{"line":216,"column":null}},"66":{"start":{"line":219,"column":4},"end":{"line":221,"column":null}},"67":{"start":{"line":220,"column":6},"end":{"line":220,"column":null}},"68":{"start":{"line":224,"column":4},"end":{"line":235,"column":null}},"69":{"start":{"line":225,"column":6},"end":{"line":234,"column":null}},"70":{"start":{"line":226,"column":26},"end":{"line":226,"column":56}},"71":{"start":{"line":227,"column":8},"end":{"line":227,"column":null}},"72":{"start":{"line":228,"column":8},"end":{"line":228,"column":null}},"73":{"start":{"line":230,"column":8},"end":{"line":233,"column":null}},"74":{"start":{"line":238,"column":4},"end":{"line":238,"column":null}},"75":{"start":{"line":242,"column":22},"end":{"line":267,"column":4}},"76":{"start":{"line":250,"column":6},"end":{"line":250,"column":null}},"77":{"start":{"line":251,"column":6},"end":{"line":251,"column":null}},"78":{"start":{"line":253,"column":6},"end":{"line":261,"column":null}},"79":{"start":{"line":254,"column":8},"end":{"line":254,"column":null}},"80":{"start":{"line":255,"column":8},"end":{"line":255,"column":null}},"81":{"start":{"line":256,"column":8},"end":{"line":256,"column":null}},"82":{"start":{"line":257,"column":13},"end":{"line":261,"column":null}},"83":{"start":{"line":258,"column":25},"end":{"line":258,"column":52}},"84":{"start":{"line":259,"column":8},"end":{"line":259,"column":null}},"85":{"start":{"line":260,"column":8},"end":{"line":260,"column":null}},"86":{"start":{"line":264,"column":6},"end":{"line":264,"column":null}},"87":{"start":{"line":265,"column":6},"end":{"line":265,"column":null}},"88":{"start":{"line":269,"column":2},"end":{"line":269,"column":null}},"89":{"start":{"line":296,"column":17},"end":{"line":322,"column":3}},"90":{"start":{"line":297,"column":4},"end":{"line":300,"column":null}},"91":{"start":{"line":298,"column":6},"end":{"line":298,"column":null}},"92":{"start":{"line":299,"column":6},"end":{"line":299,"column":null}},"93":{"start":{"line":303,"column":17},"end":{"line":303,"column":60}},"94":{"start":{"line":306,"column":4},"end":{"line":306,"column":null}},"95":{"start":{"line":309,"column":4},"end":{"line":312,"column":null}},"96":{"start":{"line":310,"column":6},"end":{"line":310,"column":null}},"97":{"start":{"line":311,"column":6},"end":{"line":311,"column":null}},"98":{"start":{"line":315,"column":25},"end":{"line":315,"column":75}},"99":{"start":{"line":315,"column":48},"end":{"line":315,"column":74}},"100":{"start":{"line":318,"column":4},"end":{"line":321,"column":null}},"101":{"start":{"line":325,"column":22},"end":{"line":350,"column":4}},"102":{"start":{"line":333,"column":6},"end":{"line":344,"column":null}},"103":{"start":{"line":334,"column":29},"end":{"line":334,"column":79}},"104":{"start":{"line":334,"column":52},"end":{"line":334,"column":78}},"105":{"start":{"line":336,"column":8},"end":{"line":343,"column":null}},"106":{"start":{"line":337,"column":10},"end":{"line":337,"column":null}},"107":{"start":{"line":338,"column":10},"end":{"line":338,"column":null}},"108":{"start":{"line":339,"column":15},"end":{"line":343,"column":null}},"109":{"start":{"line":340,"column":27},"end":{"line":340,"column":68}},"110":{"start":{"line":341,"column":10},"end":{"line":341,"column":null}},"111":{"start":{"line":342,"column":10},"end":{"line":342,"column":null}},"112":{"start":{"line":347,"column":6},"end":{"line":347,"column":null}},"113":{"start":{"line":348,"column":6},"end":{"line":348,"column":null}},"114":{"start":{"line":352,"column":2},"end":{"line":352,"column":null}},"115":{"start":{"line":365,"column":2},"end":{"line":387,"column":null}},"116":{"start":{"line":366,"column":4},"end":{"line":366,"column":null}},"117":{"start":{"line":368,"column":14},"end":{"line":368,"column":51}},"118":{"start":{"line":369,"column":4},"end":{"line":371,"column":null}},"119":{"start":{"line":370,"column":6},"end":{"line":370,"column":null}},"120":{"start":{"line":374,"column":17},"end":{"line":374,"column":49}},"121":{"start":{"line":376,"column":4},"end":{"line":379,"column":null}},"122":{"start":{"line":380,"column":4},"end":{"line":380,"column":null}},"123":{"start":{"line":382,"column":4},"end":{"line":385,"column":null}},"124":{"start":{"line":386,"column":4},"end":{"line":386,"column":null}},"125":{"start":{"line":402,"column":2},"end":{"line":405,"column":null}},"126":{"start":{"line":403,"column":4},"end":{"line":403,"column":null}},"127":{"start":{"line":404,"column":4},"end":{"line":404,"column":null}},"128":{"start":{"line":408,"column":2},"end":{"line":411,"column":null}},"129":{"start":{"line":409,"column":4},"end":{"line":409,"column":null}},"130":{"start":{"line":410,"column":4},"end":{"line":410,"column":null}},"131":{"start":{"line":413,"column":2},"end":{"line":439,"column":null}},"132":{"start":{"line":414,"column":4},"end":{"line":414,"column":null}},"133":{"start":{"line":417,"column":19},"end":{"line":417,"column":40}},"134":{"start":{"line":418,"column":4},"end":{"line":418,"column":null}},"135":{"start":{"line":419,"column":4},"end":{"line":419,"column":null}},"136":{"start":{"line":419,"column":20},"end":{"line":419,"column":null}},"137":{"start":{"line":422,"column":17},"end":{"line":432,"column":5}},"138":{"start":{"line":434,"column":4},"end":{"line":434,"column":null}},"139":{"start":{"line":435,"column":4},"end":{"line":435,"column":null}},"140":{"start":{"line":437,"column":4},"end":{"line":437,"column":null}},"141":{"start":{"line":438,"column":4},"end":{"line":438,"column":null}}},"fnMap":{"0":{"name":"apiRequest","decl":{"start":{"line":22,"column":15},"end":{"line":22,"column":25}},"loc":{"start":{"line":22,"column":66},"end":{"line":43,"column":null}},"line":22},"1":{"name":"(anonymous_1)","decl":{"start":{"line":23,"column":25},"end":{"line":23,"column":30}},"loc":{"start":{"line":23,"column":37},"end":{"line":34,"column":3}},"line":23},"2":{"name":"submitJobToAPI","decl":{"start":{"line":56,"column":22},"end":{"line":56,"column":36}},"loc":{"start":{"line":56,"column":83},"end":{"line":93,"column":null}},"line":56},"3":{"name":"getJobStatus","decl":{"start":{"line":104,"column":22},"end":{"line":104,"column":34}},"loc":{"start":{"line":104,"column":42},"end":{"line":127,"column":null}},"line":104},"4":{"name":"getCohortStatus","decl":{"start":{"line":140,"column":22},"end":{"line":140,"column":37}},"loc":{"start":{"line":140,"column":81},"end":{"line":180,"column":null}},"line":140},"5":{"name":"pollJobStatusAPI","decl":{"start":{"line":197,"column":16},"end":{"line":197,"column":32}},"loc":{"start":{"line":204,"column":2},"end":{"line":270,"column":null}},"line":204},"6":{"name":"(anonymous_6)","decl":{"start":{"line":206,"column":17},"end":{"line":206,"column":22}},"loc":{"start":{"line":206,"column":29},"end":{"line":239,"column":3}},"line":206},"7":{"name":"(anonymous_7)","decl":{"start":{"line":246,"column":14},"end":{"line":246,"column":19}},"loc":{"start":{"line":246,"column":23},"end":{"line":248,"column":5}},"line":246},"8":{"name":"(anonymous_8)","decl":{"start":{"line":249,"column":16},"end":{"line":249,"column":20}},"loc":{"start":{"line":249,"column":24},"end":{"line":262,"column":5}},"line":249},"9":{"name":"(anonymous_9)","decl":{"start":{"line":263,"column":13},"end":{"line":263,"column":18}},"loc":{"start":{"line":263,"column":22},"end":{"line":266,"column":5}},"line":263},"10":{"name":"pollCohortStatusAPI","decl":{"start":{"line":287,"column":16},"end":{"line":287,"column":35}},"loc":{"start":{"line":294,"column":2},"end":{"line":353,"column":null}},"line":294},"11":{"name":"(anonymous_11)","decl":{"start":{"line":296,"column":17},"end":{"line":296,"column":22}},"loc":{"start":{"line":296,"column":29},"end":{"line":322,"column":3}},"line":296},"12":{"name":"(anonymous_12)","decl":{"start":{"line":315,"column":41},"end":{"line":315,"column":44}},"loc":{"start":{"line":315,"column":48},"end":{"line":315,"column":74}},"line":315},"13":{"name":"(anonymous_13)","decl":{"start":{"line":329,"column":14},"end":{"line":329,"column":19}},"loc":{"start":{"line":329,"column":23},"end":{"line":331,"column":5}},"line":329},"14":{"name":"(anonymous_14)","decl":{"start":{"line":332,"column":16},"end":{"line":332,"column":20}},"loc":{"start":{"line":332,"column":24},"end":{"line":345,"column":5}},"line":332},"15":{"name":"(anonymous_15)","decl":{"start":{"line":334,"column":45},"end":{"line":334,"column":48}},"loc":{"start":{"line":334,"column":52},"end":{"line":334,"column":78}},"line":334},"16":{"name":"(anonymous_16)","decl":{"start":{"line":346,"column":13},"end":{"line":346,"column":18}},"loc":{"start":{"line":346,"column":22},"end":{"line":349,"column":5}},"line":346},"17":{"name":"getJobQueueStatus","decl":{"start":{"line":364,"column":22},"end":{"line":364,"column":39}},"loc":{"start":{"line":364,"column":47},"end":{"line":388,"column":null}},"line":364},"18":{"name":"createCohort","decl":{"start":{"line":400,"column":22},"end":{"line":400,"column":34}},"loc":{"start":{"line":400,"column":61},"end":{"line":440,"column":null}},"line":400}},"branchMap":{"0":{"loc":{"start":{"line":22,"column":31},"end":{"line":22,"column":43}},"type":"default-arg","locations":[{"start":{"line":22,"column":41},"end":{"line":22,"column":43}}],"line":22},"1":{"loc":{"start":{"line":22,"column":45},"end":{"line":22,"column":64}},"type":"default-arg","locations":[{"start":{"line":22,"column":59},"end":{"line":22,"column":64}}],"line":22},"2":{"loc":{"start":{"line":28,"column":4},"end":{"line":30,"column":null}},"type":"if","locations":[{"start":{"line":28,"column":4},"end":{"line":30,"column":null}},{"start":{},"end":{}}],"line":28},"3":{"loc":{"start":{"line":38,"column":2},"end":{"line":40,"column":null}},"type":"if","locations":[{"start":{"line":38,"column":2},"end":{"line":40,"column":null}},{"start":{},"end":{}}],"line":38},"4":{"loc":{"start":{"line":56,"column":47},"end":{"line":56,"column":62}},"type":"default-arg","locations":[{"start":{"line":56,"column":58},"end":{"line":56,"column":62}}],"line":56},"5":{"loc":{"start":{"line":56,"column":64},"end":{"line":56,"column":81}},"type":"default-arg","locations":[{"start":{"line":56,"column":77},"end":{"line":56,"column":81}}],"line":56},"6":{"loc":{"start":{"line":61,"column":4},"end":{"line":78,"column":null}},"type":"if","locations":[{"start":{"line":61,"column":4},"end":{"line":78,"column":null}},{"start":{},"end":{}}],"line":61},"7":{"loc":{"start":{"line":62,"column":6},"end":{"line":65,"column":null}},"type":"if","locations":[{"start":{"line":62,"column":6},"end":{"line":65,"column":null}},{"start":{},"end":{}}],"line":62},"8":{"loc":{"start":{"line":62,"column":10},"end":{"line":62,"column":64}},"type":"binary-expr","locations":[{"start":{"line":62,"column":10},"end":{"line":62,"column":38}},{"start":{"line":62,"column":42},"end":{"line":62,"column":64}}],"line":62},"9":{"loc":{"start":{"line":70,"column":6},"end":{"line":77,"column":null}},"type":"if","locations":[{"start":{"line":70,"column":6},"end":{"line":77,"column":null}},{"start":{},"end":{}}],"line":70},"10":{"loc":{"start":{"line":71,"column":8},"end":{"line":74,"column":null}},"type":"if","locations":[{"start":{"line":71,"column":8},"end":{"line":74,"column":null}},{"start":{},"end":{}}],"line":71},"11":{"loc":{"start":{"line":106,"column":2},"end":{"line":109,"column":null}},"type":"if","locations":[{"start":{"line":106,"column":2},"end":{"line":109,"column":null}},{"start":{},"end":{}}],"line":106},"12":{"loc":{"start":{"line":106,"column":6},"end":{"line":106,"column":54}},"type":"binary-expr","locations":[{"start":{"line":106,"column":6},"end":{"line":106,"column":31}},{"start":{"line":106,"column":35},"end":{"line":106,"column":54}}],"line":106},"13":{"loc":{"start":{"line":140,"column":48},"end":{"line":140,"column":65}},"type":"default-arg","locations":[{"start":{"line":140,"column":61},"end":{"line":140,"column":65}}],"line":140},"14":{"loc":{"start":{"line":140,"column":67},"end":{"line":140,"column":79}},"type":"default-arg","locations":[{"start":{"line":140,"column":75},"end":{"line":140,"column":79}}],"line":140},"15":{"loc":{"start":{"line":142,"column":2},"end":{"line":145,"column":null}},"type":"if","locations":[{"start":{"line":142,"column":2},"end":{"line":145,"column":null}},{"start":{},"end":{}}],"line":142},"16":{"loc":{"start":{"line":142,"column":6},"end":{"line":142,"column":60}},"type":"binary-expr","locations":[{"start":{"line":142,"column":6},"end":{"line":142,"column":34}},{"start":{"line":142,"column":38},"end":{"line":142,"column":60}}],"line":142},"17":{"loc":{"start":{"line":153,"column":4},"end":{"line":160,"column":null}},"type":"if","locations":[{"start":{"line":153,"column":4},"end":{"line":160,"column":null}},{"start":{},"end":{}}],"line":153},"18":{"loc":{"start":{"line":154,"column":6},"end":{"line":157,"column":null}},"type":"if","locations":[{"start":{"line":154,"column":6},"end":{"line":157,"column":null}},{"start":{},"end":{}}],"line":154},"19":{"loc":{"start":{"line":162,"column":4},"end":{"line":169,"column":null}},"type":"if","locations":[{"start":{"line":162,"column":4},"end":{"line":169,"column":null}},{"start":{},"end":{}}],"line":162},"20":{"loc":{"start":{"line":163,"column":6},"end":{"line":166,"column":null}},"type":"if","locations":[{"start":{"line":163,"column":6},"end":{"line":166,"column":null}},{"start":{},"end":{}}],"line":163},"21":{"loc":{"start":{"line":202,"column":2},"end":{"line":202,"column":15}},"type":"default-arg","locations":[{"start":{"line":202,"column":11},"end":{"line":202,"column":15}}],"line":202},"22":{"loc":{"start":{"line":203,"column":2},"end":{"line":203,"column":null}},"type":"default-arg","locations":[{"start":{"line":203,"column":18},"end":{"line":203,"column":null}}],"line":203},"23":{"loc":{"start":{"line":207,"column":4},"end":{"line":209,"column":null}},"type":"if","locations":[{"start":{"line":207,"column":4},"end":{"line":209,"column":null}},{"start":{},"end":{}}],"line":207},"24":{"loc":{"start":{"line":207,"column":8},"end":{"line":207,"column":46}},"type":"binary-expr","locations":[{"start":{"line":207,"column":8},"end":{"line":207,"column":14}},{"start":{"line":207,"column":18},"end":{"line":207,"column":46}}],"line":207},"25":{"loc":{"start":{"line":219,"column":4},"end":{"line":221,"column":null}},"type":"if","locations":[{"start":{"line":219,"column":4},"end":{"line":221,"column":null}},{"start":{},"end":{}}],"line":219},"26":{"loc":{"start":{"line":224,"column":4},"end":{"line":235,"column":null}},"type":"if","locations":[{"start":{"line":224,"column":4},"end":{"line":235,"column":null}},{"start":{},"end":{}}],"line":224},"27":{"loc":{"start":{"line":224,"column":8},"end":{"line":224,"column":60}},"type":"binary-expr","locations":[{"start":{"line":224,"column":8},"end":{"line":224,"column":21}},{"start":{"line":224,"column":25},"end":{"line":224,"column":60}}],"line":224},"28":{"loc":{"start":{"line":253,"column":6},"end":{"line":261,"column":null}},"type":"if","locations":[{"start":{"line":253,"column":6},"end":{"line":261,"column":null}},{"start":{"line":257,"column":13},"end":{"line":261,"column":null}}],"line":253},"29":{"loc":{"start":{"line":257,"column":13},"end":{"line":261,"column":null}},"type":"if","locations":[{"start":{"line":257,"column":13},"end":{"line":261,"column":null}},{"start":{},"end":{}}],"line":257},"30":{"loc":{"start":{"line":258,"column":25},"end":{"line":258,"column":52}},"type":"binary-expr","locations":[{"start":{"line":258,"column":25},"end":{"line":258,"column":35}},{"start":{"line":258,"column":39},"end":{"line":258,"column":52}}],"line":258},"31":{"loc":{"start":{"line":292,"column":2},"end":{"line":292,"column":15}},"type":"default-arg","locations":[{"start":{"line":292,"column":11},"end":{"line":292,"column":15}}],"line":292},"32":{"loc":{"start":{"line":293,"column":2},"end":{"line":293,"column":null}},"type":"default-arg","locations":[{"start":{"line":293,"column":15},"end":{"line":293,"column":null}}],"line":293},"33":{"loc":{"start":{"line":297,"column":4},"end":{"line":300,"column":null}},"type":"if","locations":[{"start":{"line":297,"column":4},"end":{"line":300,"column":null}},{"start":{},"end":{}}],"line":297},"34":{"loc":{"start":{"line":297,"column":8},"end":{"line":297,"column":46}},"type":"binary-expr","locations":[{"start":{"line":297,"column":8},"end":{"line":297,"column":14}},{"start":{"line":297,"column":18},"end":{"line":297,"column":46}}],"line":297},"35":{"loc":{"start":{"line":309,"column":4},"end":{"line":312,"column":null}},"type":"if","locations":[{"start":{"line":309,"column":4},"end":{"line":312,"column":null}},{"start":{},"end":{}}],"line":309},"36":{"loc":{"start":{"line":309,"column":8},"end":{"line":309,"column":47}},"type":"binary-expr","locations":[{"start":{"line":309,"column":8},"end":{"line":309,"column":18}},{"start":{"line":309,"column":22},"end":{"line":309,"column":47}}],"line":309},"37":{"loc":{"start":{"line":320,"column":14},"end":{"line":320,"column":93}},"type":"cond-expr","locations":[{"start":{"line":320,"column":29},"end":{"line":320,"column":40}},{"start":{"line":320,"column":43},"end":{"line":320,"column":93}}],"line":320},"38":{"loc":{"start":{"line":320,"column":43},"end":{"line":320,"column":93}},"type":"cond-expr","locations":[{"start":{"line":320,"column":70},"end":{"line":320,"column":78}},{"start":{"line":320,"column":81},"end":{"line":320,"column":93}}],"line":320},"39":{"loc":{"start":{"line":333,"column":6},"end":{"line":344,"column":null}},"type":"if","locations":[{"start":{"line":333,"column":6},"end":{"line":344,"column":null}},{"start":{},"end":{}}],"line":333},"40":{"loc":{"start":{"line":333,"column":10},"end":{"line":333,"column":47}},"type":"binary-expr","locations":[{"start":{"line":333,"column":10},"end":{"line":333,"column":19}},{"start":{"line":333,"column":23},"end":{"line":333,"column":47}}],"line":333},"41":{"loc":{"start":{"line":336,"column":8},"end":{"line":343,"column":null}},"type":"if","locations":[{"start":{"line":336,"column":8},"end":{"line":343,"column":null}},{"start":{"line":339,"column":15},"end":{"line":343,"column":null}}],"line":336},"42":{"loc":{"start":{"line":339,"column":15},"end":{"line":343,"column":null}},"type":"if","locations":[{"start":{"line":339,"column":15},"end":{"line":343,"column":null}},{"start":{},"end":{}}],"line":339},"43":{"loc":{"start":{"line":340,"column":27},"end":{"line":340,"column":68}},"type":"binary-expr","locations":[{"start":{"line":340,"column":27},"end":{"line":340,"column":37}},{"start":{"line":340,"column":41},"end":{"line":340,"column":68}}],"line":340},"44":{"loc":{"start":{"line":366,"column":39},"end":{"line":366,"column":75}},"type":"cond-expr","locations":[{"start":{"line":366,"column":47},"end":{"line":366,"column":70}},{"start":{"line":366,"column":73},"end":{"line":366,"column":75}}],"line":366},"45":{"loc":{"start":{"line":369,"column":4},"end":{"line":371,"column":null}},"type":"if","locations":[{"start":{"line":369,"column":4},"end":{"line":371,"column":null}},{"start":{},"end":{}}],"line":369},"46":{"loc":{"start":{"line":377,"column":29},"end":{"line":377,"column":64}},"type":"cond-expr","locations":[{"start":{"line":377,"column":37},"end":{"line":377,"column":59}},{"start":{"line":377,"column":62},"end":{"line":377,"column":64}}],"line":377},"47":{"loc":{"start":{"line":383,"column":35},"end":{"line":383,"column":70}},"type":"cond-expr","locations":[{"start":{"line":383,"column":43},"end":{"line":383,"column":65}},{"start":{"line":383,"column":68},"end":{"line":383,"column":70}}],"line":383},"48":{"loc":{"start":{"line":400,"column":42},"end":{"line":400,"column":59}},"type":"default-arg","locations":[{"start":{"line":400,"column":55},"end":{"line":400,"column":59}}],"line":400},"49":{"loc":{"start":{"line":402,"column":2},"end":{"line":405,"column":null}},"type":"if","locations":[{"start":{"line":402,"column":2},"end":{"line":405,"column":null}},{"start":{},"end":{}}],"line":402},"50":{"loc":{"start":{"line":402,"column":6},"end":{"line":402,"column":54}},"type":"binary-expr","locations":[{"start":{"line":402,"column":6},"end":{"line":402,"column":31}},{"start":{"line":402,"column":35},"end":{"line":402,"column":54}}],"line":402},"51":{"loc":{"start":{"line":408,"column":2},"end":{"line":411,"column":null}},"type":"if","locations":[{"start":{"line":408,"column":2},"end":{"line":411,"column":null}},{"start":{},"end":{}}],"line":408},"52":{"loc":{"start":{"line":408,"column":6},"end":{"line":408,"column":59}},"type":"binary-expr","locations":[{"start":{"line":408,"column":6},"end":{"line":408,"column":25}},{"start":{"line":408,"column":29},"end":{"line":408,"column":59}}],"line":408},"53":{"loc":{"start":{"line":419,"column":4},"end":{"line":419,"column":null}},"type":"if","locations":[{"start":{"line":419,"column":4},"end":{"line":419,"column":null}},{"start":{},"end":{}}],"line":419}},"s":{"0":0,"1":0,"2":0,"3":0,"4":0,"5":0,"6":0,"7":0,"8":0,"9":0,"10":0,"11":0,"12":0,"13":0,"14":0,"15":0,"16":0,"17":0,"18":0,"19":0,"20":0,"21":0,"22":0,"23":0,"24":0,"25":0,"26":0,"27":0,"28":0,"29":0,"30":0,"31":0,"32":0,"33":0,"34":0,"35":0,"36":0,"37":0,"38":0,"39":0,"40":0,"41":0,"42":0,"43":0,"44":0,"45":0,"46":0,"47":0,"48":0,"49":0,"50":0,"51":0,"52":0,"53":0,"54":0,"55":0,"56":0,"57":0,"58":0,"59":0,"60":0,"61":0,"62":0,"63":0,"64":0,"65":0,"66":0,"67":0,"68":0,"69":0,"70":0,"71":0,"72":0,"73":0,"74":0,"75":0,"76":0,"77":0,"78":0,"79":0,"80":0,"81":0,"82":0,"83":0,"84":0,"85":0,"86":0,"87":0,"88":0,"89":0,"90":0,"91":0,"92":0,"93":0,"94":0,"95":0,"96":0,"97":0,"98":0,"99":0,"100":0,"101":0,"102":0,"103":0,"104":0,"105":0,"106":0,"107":0,"108":0,"109":0,"110":0,"111":0,"112":0,"113":0,"114":0,"115":0,"116":0,"117":0,"118":0,"119":0,"120":0,"121":0,"122":0,"123":0,"124":0,"125":0,"126":0,"127":0,"128":0,"129":0,"130":0,"131":0,"132":0,"133":0,"134":0,"135":0,"136":0,"137":0,"138":0,"139":0,"140":0,"141":0},"f":{"0":0,"1":0,"2":0,"3":0,"4":0,"5":0,"6":0,"7":0,"8":0,"9":0,"10":0,"11":0,"12":0,"13":0,"14":0,"15":0,"16":0,"17":0,"18":0},"b":{"0":[0],"1":[0],"2":[0,0],"3":[0,0],"4":[0],"5":[0],"6":[0,0],"7":[0,0],"8":[0,0],"9":[0,0],"10":[0,0],"11":[0,0],"12":[0,0],"13":[0],"14":[0],"15":[0,0],"16":[0,0],"17":[0,0],"18":[0,0],"19":[0,0],"20":[0,0],"21":[0],"22":[0],"23":[0,0],"24":[0,0],"25":[0,0],"26":[0,0],"27":[0,0],"28":[0,0],"29":[0,0],"30":[0,0],"31":[0],"32":[0],"33":[0,0],"34":[0,0],"35":[0,0],"36":[0,0],"37":[0,0],"38":[0,0],"39":[0,0],"40":[0,0],"41":[0,0],"42":[0,0],"43":[0,0],"44":[0,0],"45":[0,0],"46":[0,0],"47":[0,0],"48":[0],"49":[0,0],"50":[0,0],"51":[0,0],"52":[0,0],"53":[0,0]},"meta":{"lastBranch":54,"lastFunction":19,"lastStatement":142,"seen":{"f:22:15:22:25":0,"b:22:41:22:43":0,"b:22:59:22:64":1,"s:23:25:34:3":0,"f:23:25:23:30":1,"s:25:21:25:64":1,"b:28:4:30:Infinity:undefined:undefined:undefined:undefined":2,"s:28:4:30:Infinity":2,"s:29:6:29:Infinity":3,"s:33:4:33:Infinity":4,"b:38:2:40:Infinity:undefined:undefined:undefined:undefined":3,"s:38:2:40:Infinity":5,"s:39:4:39:Infinity":6,"s:42:2:42:Infinity":7,"f:56:22:56:36":2,"b:56:58:56:62":4,"b:56:77:56:81":5,"s:57:2:92:Infinity":8,"s:58:4:58:Infinity":9,"b:61:4:78:Infinity:undefined:undefined:undefined:undefined":6,"s:61:4:78:Infinity":10,"b:62:6:65:Infinity:undefined:undefined:undefined:undefined":7,"s:62:6:65:Infinity":11,"b:62:10:62:38:62:42:62:64":8,"s:63:8:63:Infinity":12,"s:64:8:64:Infinity":13,"s:66:6:66:Infinity":14,"s:67:6:67:Infinity":15,"b:70:6:77:Infinity:undefined:undefined:undefined:undefined":9,"s:70:6:77:Infinity":16,"b:71:8:74:Infinity:undefined:undefined:undefined:undefined":10,"s:71:8:74:Infinity":17,"s:72:10:72:Infinity":18,"s:73:10:73:Infinity":19,"s:75:8:75:Infinity":20,"s:76:8:76:Infinity":21,"s:81:17:85:5":22,"s:87:4:87:Infinity":23,"s:88:4:88:Infinity":24,"s:90:4:90:Infinity":25,"s:91:4:91:Infinity":26,"f:104:22:104:34":3,"b:106:2:109:Infinity:undefined:undefined:undefined:undefined":11,"s:106:2:109:Infinity":27,"b:106:6:106:31:106:35:106:54":12,"s:107:4:107:Infinity":28,"s:108:4:108:Infinity":29,"s:111:2:126:Infinity":30,"s:112:4:112:Infinity":31,"s:115:17:119:5":32,"s:121:4:121:Infinity":33,"s:122:4:122:Infinity":34,"s:124:4:124:Infinity":35,"s:125:4:125:Infinity":36,"f:140:22:140:37":4,"b:140:61:140:65":13,"b:140:75:140:79":14,"b:142:2:145:Infinity:undefined:undefined:undefined:undefined":15,"s:142:2:145:Infinity":37,"b:142:6:142:34:142:38:142:60":16,"s:143:4:143:Infinity":38,"s:144:4:144:Infinity":39,"s:147:2:179:Infinity":40,"s:148:4:148:Infinity":41,"s:151:14:151:97":42,"b:153:4:160:Infinity:undefined:undefined:undefined:undefined":17,"s:153:4:160:Infinity":43,"b:154:6:157:Infinity:undefined:undefined:undefined:undefined":18,"s:154:6:157:Infinity":44,"s:155:8:155:Infinity":45,"s:156:8:156:Infinity":46,"s:158:6:158:Infinity":47,"s:159:6:159:Infinity":48,"b:162:4:169:Infinity:undefined:undefined:undefined:undefined":19,"s:162:4:169:Infinity":49,"b:163:6:166:Infinity:undefined:undefined:undefined:undefined":20,"s:163:6:166:Infinity":50,"s:164:8:164:Infinity":51,"s:165:8:165:Infinity":52,"s:167:6:167:Infinity":53,"s:168:6:168:Infinity":54,"s:172:17:172:49":55,"s:174:4:174:Infinity":56,"s:175:4:175:Infinity":57,"s:177:4:177:Infinity":58,"s:178:4:178:Infinity":59,"f:197:16:197:32":5,"b:202:11:202:15":21,"b:203:18:203:Infinity":22,"s:206:17:239:3":60,"f:206:17:206:22":6,"b:207:4:209:Infinity:undefined:undefined:undefined:undefined":23,"s:207:4:209:Infinity":61,"b:207:8:207:14:207:18:207:46":24,"s:208:6:208:Infinity":62,"s:212:17:212:42":63,"s:215:4:215:Infinity":64,"s:216:4:216:Infinity":65,"b:219:4:221:Infinity:undefined:undefined:undefined:undefined":25,"s:219:4:221:Infinity":66,"s:220:6:220:Infinity":67,"b:224:4:235:Infinity:undefined:undefined:undefined:undefined":26,"s:224:4:235:Infinity":68,"b:224:8:224:21:224:25:224:60":27,"s:225:6:234:Infinity":69,"s:226:26:226:56":70,"s:227:8:227:Infinity":71,"s:228:8:228:Infinity":72,"s:230:8:233:Infinity":73,"s:238:4:238:Infinity":74,"s:242:22:267:4":75,"f:246:14:246:19":7,"f:249:16:249:20":8,"s:250:6:250:Infinity":76,"s:251:6:251:Infinity":77,"b:253:6:261:Infinity:257:13:261:Infinity":28,"s:253:6:261:Infinity":78,"s:254:8:254:Infinity":79,"s:255:8:255:Infinity":80,"s:256:8:256:Infinity":81,"b:257:13:261:Infinity:undefined:undefined:undefined:undefined":29,"s:257:13:261:Infinity":82,"s:258:25:258:52":83,"b:258:25:258:35:258:39:258:52":30,"s:259:8:259:Infinity":84,"s:260:8:260:Infinity":85,"f:263:13:263:18":9,"s:264:6:264:Infinity":86,"s:265:6:265:Infinity":87,"s:269:2:269:Infinity":88,"f:287:16:287:35":10,"b:292:11:292:15":31,"b:293:15:293:Infinity":32,"s:296:17:322:3":89,"f:296:17:296:22":11,"b:297:4:300:Infinity:undefined:undefined:undefined:undefined":33,"s:297:4:300:Infinity":90,"b:297:8:297:14:297:18:297:46":34,"s:298:6:298:Infinity":91,"s:299:6:299:Infinity":92,"s:303:17:303:60":93,"s:306:4:306:Infinity":94,"b:309:4:312:Infinity:undefined:undefined:undefined:undefined":35,"s:309:4:312:Infinity":95,"b:309:8:309:18:309:22:309:47":36,"s:310:6:310:Infinity":96,"s:311:6:311:Infinity":97,"s:315:25:315:75":98,"f:315:41:315:44":12,"s:315:48:315:74":99,"s:318:4:321:Infinity":100,"b:320:29:320:40:320:43:320:93":37,"b:320:70:320:78:320:81:320:93":38,"s:325:22:350:4":101,"f:329:14:329:19":13,"f:332:16:332:20":14,"b:333:6:344:Infinity:undefined:undefined:undefined:undefined":39,"s:333:6:344:Infinity":102,"b:333:10:333:19:333:23:333:47":40,"s:334:29:334:79":103,"f:334:45:334:48":15,"s:334:52:334:78":104,"b:336:8:343:Infinity:339:15:343:Infinity":41,"s:336:8:343:Infinity":105,"s:337:10:337:Infinity":106,"s:338:10:338:Infinity":107,"b:339:15:343:Infinity:undefined:undefined:undefined:undefined":42,"s:339:15:343:Infinity":108,"s:340:27:340:68":109,"b:340:27:340:37:340:41:340:68":43,"s:341:10:341:Infinity":110,"s:342:10:342:Infinity":111,"f:346:13:346:18":16,"s:347:6:347:Infinity":112,"s:348:6:348:Infinity":113,"s:352:2:352:Infinity":114,"f:364:22:364:39":17,"s:365:2:387:Infinity":115,"s:366:4:366:Infinity":116,"b:366:47:366:70:366:73:366:75":44,"s:368:14:368:51":117,"b:369:4:371:Infinity:undefined:undefined:undefined:undefined":45,"s:369:4:371:Infinity":118,"s:370:6:370:Infinity":119,"s:374:17:374:49":120,"s:376:4:379:Infinity":121,"b:377:37:377:59:377:62:377:64":46,"s:380:4:380:Infinity":122,"s:382:4:385:Infinity":123,"b:383:43:383:65:383:68:383:70":47,"s:386:4:386:Infinity":124,"f:400:22:400:34":18,"b:400:55:400:59":48,"b:402:2:405:Infinity:undefined:undefined:undefined:undefined":49,"s:402:2:405:Infinity":125,"b:402:6:402:31:402:35:402:54":50,"s:403:4:403:Infinity":126,"s:404:4:404:Infinity":127,"b:408:2:411:Infinity:undefined:undefined:undefined:undefined":51,"s:408:2:411:Infinity":128,"b:408:6:408:25:408:29:408:59":52,"s:409:4:409:Infinity":129,"s:410:4:410:Infinity":130,"s:413:2:439:Infinity":131,"s:414:4:414:Infinity":132,"s:417:19:417:40":133,"s:418:4:418:Infinity":134,"b:419:4:419:Infinity:undefined:undefined:undefined:undefined":53,"s:419:4:419:Infinity":135,"s:419:20:419:Infinity":136,"s:422:17:432:5":137,"s:434:4:434:Infinity":138,"s:435:4:435:Infinity":139,"s:437:4:437:Infinity":140,"s:438:4:438:Infinity":141}}}
,"/home/bernt-popp/development/vntyper-online-frontend/resources/js/assemblyConfigs.js": {"path":"/home/bernt-popp/development/vntyper-online-frontend/resources/js/assemblyConfigs.js","statementMap":{"0":{"start":{"line":3,"column":26},"end":{"line":120,"column":1}},"1":{"start":{"line":130,"column":19},"end":{"line":130,"column":47}},"2":{"start":{"line":131,"column":2},"end":{"line":135,"column":null}},"3":{"start":{"line":132,"column":4},"end":{"line":134,"column":null}},"4":{"start":{"line":139,"column":2},"end":{"line":145,"column":null}},"5":{"start":{"line":140,"column":4},"end":{"line":140,"column":null}},"6":{"start":{"line":141,"column":9},"end":{"line":145,"column":null}},"7":{"start":{"line":142,"column":4},"end":{"line":142,"column":null}},"8":{"start":{"line":144,"column":4},"end":{"line":144,"column":null}},"9":{"start":{"line":147,"column":17},"end":{"line":147,"column":63}},"10":{"start":{"line":147,"column":44},"end":{"line":147,"column":62}},"11":{"start":{"line":148,"column":2},"end":{"line":152,"column":null}},"12":{"start":{"line":149,"column":4},"end":{"line":151,"column":null}},"13":{"start":{"line":154,"column":2},"end":{"line":154,"column":null}}},"fnMap":{"0":{"name":"getNcbiAccession","decl":{"start":{"line":129,"column":16},"end":{"line":129,"column":32}},"loc":{"start":{"line":129,"column":69},"end":{"line":155,"column":null}},"line":129},"1":{"name":"(anonymous_1)","decl":{"start":{"line":147,"column":39},"end":{"line":147,"column":40}},"loc":{"start":{"line":147,"column":44},"end":{"line":147,"column":62}},"line":147}},"branchMap":{"0":{"loc":{"start":{"line":131,"column":2},"end":{"line":135,"column":null}},"type":"if","locations":[{"start":{"line":131,"column":2},"end":{"line":135,"column":null}},{"start":{},"end":{}}],"line":131},"1":{"loc":{"start":{"line":139,"column":2},"end":{"line":145,"column":null}},"type":"if","locations":[{"start":{"line":139,"column":2},"end":{"line":145,"column":null}},{"start":{"line":141,"column":9},"end":{"line":145,"column":null}}],"line":139},"2":{"loc":{"start":{"line":139,"column":6},"end":{"line":139,"column":85}},"type":"binary-expr","locations":[{"start":{"line":139,"column":6},"end":{"line":139,"column":29}},{"start":{"line":139,"column":33},"end":{"line":139,"column":57}},{"start":{"line":139,"column":61},"end":{"line":139,"column":85}}],"line":139},"3":{"loc":{"start":{"line":141,"column":9},"end":{"line":145,"column":null}},"type":"if","locations":[{"start":{"line":141,"column":9},"end":{"line":145,"column":null}},{"start":{"line":143,"column":9},"end":{"line":145,"column":null}}],"line":141},"4":{"loc":{"start":{"line":141,"column":13},"end":{"line":141,"column":92}},"type":"binary-expr","locations":[{"start":{"line":141,"column":13},"end":{"line":141,"column":36}},{"start":{"line":141,"column":40},"end":{"line":141,"column":64}},{"start":{"line":141,"column":68},"end":{"line":141,"column":92}}],"line":141},"5":{"loc":{"start":{"line":148,"column":2},"end":{"line":152,"column":null}},"type":"if","locations":[{"start":{"line":148,"column":2},"end":{"line":152,"column":null}},{"start":{},"end":{}}],"line":148},"6":{"loc":{"start":{"line":148,"column":6},"end":{"line":148,"column":38}},"type":"binary-expr","locations":[{"start":{"line":148,"column":6},"end":{"line":148,"column":13}},{"start":{"line":148,"column":17},"end":{"line":148,"column":38}}],"line":148}},"s":{"0":0,"1":0,"2":0,"3":0,"4":0,"5":0,"6":0,"7":0,"8":0,"9":0,"10":0,"11":0,"12":0,"13":0},"f":{"0":0,"1":0},"b":{"0":[0,0],"1":[0,0],"2":[0,0,0],"3":[0,0],"4":[0,0,0],"5":[0,0],"6":[0,0]},"meta":{"lastBranch":7,"lastFunction":2,"lastStatement":14,"seen":{"s:3:26:120:1":0,"f:129:16:129:32":0,"s:130:19:130:47":1,"b:131:2:135:Infinity:undefined:undefined:undefined:undefined":0,"s:131:2:135:Infinity":2,"s:132:4:134:Infinity":3,"b:139:2:145:Infinity:141:9:145:Infinity":1,"s:139:2:145:Infinity":4,"b:139:6:139:29:139:33:139:57:139:61:139:85":2,"s:140:4:140:Infinity":5,"b:141:9:145:Infinity:143:9:145:Infinity":3,"s:141:9:145:Infinity":6,"b:141:13:141:36:141:40:141:64:141:68:141:92":4,"s:142:4:142:Infinity":7,"s:144:4:144:Infinity":8,"s:147:17:147:63":9,"f:147:39:147:40":1,"s:147:44:147:62":10,"b:148:2:152:Infinity:undefined:undefined:undefined:undefined":5,"s:148:2:152:Infinity":11,"b:148:6:148:13:148:17:148:38":6,"s:149:4:151:Infinity":12,"s:154:2:154:Infinity":13}}}
,"/home/bernt-popp/development/vntyper-online-frontend/resources/js/bamProcessing.js": {"path":"/home/bernt-popp/development/vntyper-online-frontend/resources/js/bamProcessing.js","statementMap":{"0":{"start":{"line":21,"column":2},"end":{"line":41,"column":null}},"1":{"start":{"line":22,"column":4},"end":{"line":22,"column":null}},"2":{"start":{"line":23,"column":16},"end":{"line":23,"column":50}},"3":{"start":{"line":24,"column":4},"end":{"line":24,"column":null}},"4":{"start":{"line":25,"column":4},"end":{"line":25,"column":null}},"5":{"start":{"line":26,"column":4},"end":{"line":26,"column":null}},"6":{"start":{"line":28,"column":4},"end":{"line":30,"column":null}},"7":{"start":{"line":29,"column":6},"end":{"line":29,"column":null}},"8":{"start":{"line":32,"column":4},"end":{"line":32,"column":null}},"9":{"start":{"line":34,"column":4},"end":{"line":34,"column":null}},"10":{"start":{"line":35,"column":21},"end":{"line":35,"column":53}},"11":{"start":{"line":36,"column":4},"end":{"line":39,"column":null}},"12":{"start":{"line":37,"column":6},"end":{"line":37,"column":null}},"13":{"start":{"line":38,"column":6},"end":{"line":38,"column":null}},"14":{"start":{"line":40,"column":4},"end":{"line":40,"column":null}},"15":{"start":{"line":51,"column":19},"end":{"line":51,"column":42}},"16":{"start":{"line":52,"column":2},"end":{"line":52,"column":null}},"17":{"start":{"line":54,"column":2},"end":{"line":63,"column":null}},"18":{"start":{"line":55,"column":19},"end":{"line":55,"column":55}},"19":{"start":{"line":56,"column":19},"end":{"line":56,"column":25}},"20":{"start":{"line":57,"column":4},"end":{"line":57,"column":null}},"21":{"start":{"line":59,"column":4},"end":{"line":59,"column":null}},"22":{"start":{"line":61,"column":4},"end":{"line":61,"column":null}},"23":{"start":{"line":62,"column":4},"end":{"line":62,"column":null}},"24":{"start":{"line":72,"column":18},"end":{"line":72,"column":20}},"25":{"start":{"line":73,"column":24},"end":{"line":73,"column":26}},"26":{"start":{"line":74,"column":16},"end":{"line":74,"column":34}},"27":{"start":{"line":76,"column":2},"end":{"line":107,"column":null}},"28":{"start":{"line":77,"column":4},"end":{"line":106,"column":null}},"29":{"start":{"line":79,"column":21},"end":{"line":79,"column":37}},"30":{"start":{"line":80,"column":21},"end":{"line":80,"column":23}},"31":{"start":{"line":81,"column":6},"end":{"line":88,"column":null}},"32":{"start":{"line":82,"column":29},"end":{"line":82,"column":45}},"33":{"start":{"line":83,"column":8},"end":{"line":87,"column":null}},"34":{"start":{"line":84,"column":10},"end":{"line":84,"column":null}},"35":{"start":{"line":85,"column":15},"end":{"line":87,"column":null}},"36":{"start":{"line":86,"column":10},"end":{"line":86,"column":null}},"37":{"start":{"line":89,"column":6},"end":{"line":91,"column":null}},"38":{"start":{"line":90,"column":8},"end":{"line":90,"column":null}},"39":{"start":{"line":92,"column":11},"end":{"line":106,"column":null}},"40":{"start":{"line":94,"column":22},"end":{"line":94,"column":47}},"41":{"start":{"line":95,"column":22},"end":{"line":95,"column":47}},"42":{"start":{"line":97,"column":6},"end":{"line":100,"column":null}},"43":{"start":{"line":98,"column":24},"end":{"line":98,"column":34}},"44":{"start":{"line":99,"column":8},"end":{"line":99,"column":null}},"45":{"start":{"line":102,"column":6},"end":{"line":105,"column":null}},"46":{"start":{"line":103,"column":24},"end":{"line":103,"column":34}},"47":{"start":{"line":104,"column":8},"end":{"line":104,"column":null}},"48":{"start":{"line":109,"column":2},"end":{"line":109,"column":null}},"49":{"start":{"line":110,"column":2},"end":{"line":110,"column":null}},"50":{"start":{"line":111,"column":2},"end":{"line":111,"column":null}},"51":{"start":{"line":112,"column":2},"end":{"line":112,"column":null}},"52":{"start":{"line":113,"column":2},"end":{"line":113,"column":null}},"53":{"start":{"line":141,"column":2},"end":{"line":144,"column":null}},"54":{"start":{"line":142,"column":4},"end":{"line":142,"column":null}},"55":{"start":{"line":143,"column":4},"end":{"line":143,"column":null}},"56":{"start":{"line":147,"column":19},"end":{"line":151,"column":3}},"57":{"start":{"line":154,"column":33},"end":{"line":158,"column":3}},"58":{"start":{"line":162,"column":22},"end":{"line":169,"column":4}},"59":{"start":{"line":163,"column":17},"end":{"line":163,"column":23}},"60":{"start":{"line":164,"column":4},"end":{"line":168,"column":null}},"61":{"start":{"line":172,"column":21},"end":{"line":172,"column":53}},"62":{"start":{"line":173,"column":2},"end":{"line":178,"column":null}},"63":{"start":{"line":174,"column":17},"end":{"line":174,"column":28}},"64":{"start":{"line":175,"column":4},"end":{"line":175,"column":null}},"65":{"start":{"line":175,"column":48},"end":{"line":175,"column":null}},"66":{"start":{"line":176,"column":4},"end":{"line":176,"column":null}},"67":{"start":{"line":176,"column":51},"end":{"line":176,"column":null}},"68":{"start":{"line":177,"column":4},"end":{"line":177,"column":null}},"69":{"start":{"line":177,"column":48},"end":{"line":177,"column":null}},"70":{"start":{"line":181,"column":20},"end":{"line":181,"column":52}},"71":{"start":{"line":182,"column":2},"end":{"line":187,"column":null}},"72":{"start":{"line":183,"column":17},"end":{"line":183,"column":28}},"73":{"start":{"line":184,"column":4},"end":{"line":184,"column":null}},"74":{"start":{"line":184,"column":34},"end":{"line":184,"column":null}},"75":{"start":{"line":185,"column":4},"end":{"line":185,"column":null}},"76":{"start":{"line":185,"column":37},"end":{"line":185,"column":null}},"77":{"start":{"line":186,"column":4},"end":{"line":186,"column":null}},"78":{"start":{"line":186,"column":34},"end":{"line":186,"column":null}},"79":{"start":{"line":189,"column":16},"end":{"line":189,"column":30}},"80":{"start":{"line":190,"column":20},"end":{"line":190,"column":38}},"81":{"start":{"line":191,"column":20},"end":{"line":191,"column":23}},"82":{"start":{"line":193,"column":2},"end":{"line":193,"column":null}},"83":{"start":{"line":194,"column":2},"end":{"line":194,"column":null}},"84":{"start":{"line":195,"column":2},"end":{"line":195,"column":null}},"85":{"start":{"line":196,"column":2},"end":{"line":196,"column":null}},"86":{"start":{"line":197,"column":2},"end":{"line":200,"column":null}},"87":{"start":{"line":201,"column":2},"end":{"line":204,"column":null}},"88":{"start":{"line":205,"column":2},"end":{"line":208,"column":null}},"89":{"start":{"line":209,"column":2},"end":{"line":212,"column":null}},"90":{"start":{"line":216,"column":2},"end":{"line":235,"column":null}},"91":{"start":{"line":218,"column":4},"end":{"line":222,"column":null}},"92":{"start":{"line":219,"column":6},"end":{"line":219,"column":null}},"93":{"start":{"line":220,"column":6},"end":{"line":220,"column":null}},"94":{"start":{"line":221,"column":6},"end":{"line":221,"column":null}},"95":{"start":{"line":224,"column":4},"end":{"line":228,"column":null}},"96":{"start":{"line":225,"column":6},"end":{"line":225,"column":null}},"97":{"start":{"line":226,"column":6},"end":{"line":226,"column":null}},"98":{"start":{"line":227,"column":6},"end":{"line":227,"column":null}},"99":{"start":{"line":230,"column":4},"end":{"line":234,"column":null}},"100":{"start":{"line":231,"column":6},"end":{"line":231,"column":null}},"101":{"start":{"line":232,"column":6},"end":{"line":232,"column":null}},"102":{"start":{"line":233,"column":6},"end":{"line":233,"column":null}},"103":{"start":{"line":238,"column":2},"end":{"line":242,"column":null}},"104":{"start":{"line":239,"column":4},"end":{"line":239,"column":null}},"105":{"start":{"line":240,"column":4},"end":{"line":240,"column":null}},"106":{"start":{"line":241,"column":4},"end":{"line":241,"column":null}},"107":{"start":{"line":244,"column":2},"end":{"line":248,"column":null}},"108":{"start":{"line":245,"column":4},"end":{"line":245,"column":null}},"109":{"start":{"line":246,"column":4},"end":{"line":246,"column":null}},"110":{"start":{"line":247,"column":4},"end":{"line":247,"column":null}},"111":{"start":{"line":250,"column":2},"end":{"line":254,"column":null}},"112":{"start":{"line":251,"column":4},"end":{"line":251,"column":null}},"113":{"start":{"line":252,"column":4},"end":{"line":252,"column":null}},"114":{"start":{"line":253,"column":4},"end":{"line":253,"column":null}},"115":{"start":{"line":256,"column":2},"end":{"line":259,"column":null}},"116":{"start":{"line":260,"column":2},"end":{"line":266,"column":null}},"117":{"start":{"line":263,"column":16},"end":{"line":263,"column":22}},"118":{"start":{"line":267,"column":2},"end":{"line":267,"column":null}},"119":{"start":{"line":269,"column":2},"end":{"line":269,"column":null}},"120":{"start":{"line":284,"column":22},"end":{"line":284,"column":42}},"121":{"start":{"line":285,"column":17},"end":{"line":285,"column":26}},"122":{"start":{"line":286,"column":23},"end":{"line":286,"column":25}},"123":{"start":{"line":288,"column":2},"end":{"line":298,"column":null}},"124":{"start":{"line":289,"column":4},"end":{"line":289,"column":null}},"125":{"start":{"line":290,"column":4},"end":{"line":291,"column":null}},"126":{"start":{"line":292,"column":9},"end":{"line":298,"column":null}},"127":{"start":{"line":293,"column":4},"end":{"line":293,"column":null}},"128":{"start":{"line":294,"column":4},"end":{"line":295,"column":null}},"129":{"start":{"line":296,"column":9},"end":{"line":298,"column":null}},"130":{"start":{"line":297,"column":4},"end":{"line":297,"column":null}},"131":{"start":{"line":300,"column":2},"end":{"line":305,"column":null}},"132":{"start":{"line":301,"column":4},"end":{"line":301,"column":null}},"133":{"start":{"line":302,"column":4},"end":{"line":302,"column":46}},"134":{"start":{"line":304,"column":4},"end":{"line":304,"column":null}},"135":{"start":{"line":316,"column":30},"end":{"line":321,"column":3}},"136":{"start":{"line":325,"column":27},"end":{"line":333,"column":3}},"137":{"start":{"line":336,"column":27},"end":{"line":342,"column":3}},"138":{"start":{"line":345,"column":23},"end":{"line":345,"column":25}},"139":{"start":{"line":347,"column":2},"end":{"line":396,"column":null}},"140":{"start":{"line":348,"column":4},"end":{"line":395,"column":null}},"141":{"start":{"line":349,"column":26},"end":{"line":349,"column":42}},"142":{"start":{"line":350,"column":20},"end":{"line":350,"column":59}},"143":{"start":{"line":353,"column":6},"end":{"line":394,"column":null}},"144":{"start":{"line":354,"column":8},"end":{"line":393,"column":null}},"145":{"start":{"line":356,"column":30},"end":{"line":356,"column":47}},"146":{"start":{"line":357,"column":10},"end":{"line":357,"column":null}},"147":{"start":{"line":357,"column":28},"end":{"line":357,"column":null}},"148":{"start":{"line":359,"column":29},"end":{"line":359,"column":46}},"149":{"start":{"line":360,"column":32},"end":{"line":360,"column":89}},"150":{"start":{"line":361,"column":31},"end":{"line":361,"column":98}},"151":{"start":{"line":362,"column":30},"end":{"line":362,"column":58}},"152":{"start":{"line":365,"column":22},"end":{"line":365,"column":23}},"153":{"start":{"line":366,"column":34},"end":{"line":366,"column":36}},"154":{"start":{"line":369,"column":10},"end":{"line":374,"column":null}},"155":{"start":{"line":370,"column":12},"end":{"line":373,"column":null}},"156":{"start":{"line":371,"column":14},"end":{"line":371,"column":null}},"157":{"start":{"line":372,"column":14},"end":{"line":372,"column":null}},"158":{"start":{"line":377,"column":10},"end":{"line":382,"column":null}},"159":{"start":{"line":378,"column":12},"end":{"line":381,"column":null}},"160":{"start":{"line":379,"column":14},"end":{"line":379,"column":34}},"161":{"start":{"line":380,"column":14},"end":{"line":380,"column":null}},"162":{"start":{"line":384,"column":10},"end":{"line":392,"column":null}},"163":{"start":{"line":399,"column":26},"end":{"line":399,"column":63}},"164":{"start":{"line":399,"column":51},"end":{"line":399,"column":62}},"165":{"start":{"line":401,"column":2},"end":{"line":415,"column":null}},"166":{"start":{"line":402,"column":4},"end":{"line":402,"column":null}},"167":{"start":{"line":403,"column":4},"end":{"line":406,"column":null}},"168":{"start":{"line":407,"column":4},"end":{"line":412,"column":null}},"169":{"start":{"line":408,"column":6},"end":{"line":411,"column":null}},"170":{"start":{"line":409,"column":90},"end":{"line":409,"column":96}},"171":{"start":{"line":413,"column":4},"end":{"line":413,"column":null}},"172":{"start":{"line":414,"column":4},"end":{"line":414,"column":null}},"173":{"start":{"line":417,"column":2},"end":{"line":420,"column":null}},"174":{"start":{"line":418,"column":4},"end":{"line":418,"column":null}},"175":{"start":{"line":419,"column":4},"end":{"line":419,"column":null}},"176":{"start":{"line":423,"column":2},"end":{"line":423,"column":null}},"177":{"start":{"line":424,"column":2},"end":{"line":424,"column":null}},"178":{"start":{"line":425,"column":2},"end":{"line":438,"column":null}},"179":{"start":{"line":427,"column":6},"end":{"line":431,"column":27}},"180":{"start":{"line":429,"column":22},"end":{"line":429,"column":84}},"181":{"start":{"line":432,"column":4},"end":{"line":435,"column":null}},"182":{"start":{"line":436,"column":4},"end":{"line":436,"column":null}},"183":{"start":{"line":437,"column":4},"end":{"line":437,"column":null}},"184":{"start":{"line":441,"column":24},"end":{"line":441,"column":60}},"185":{"start":{"line":442,"column":2},"end":{"line":455,"column":null}},"186":{"start":{"line":444,"column":4},"end":{"line":446,"column":null}},"187":{"start":{"line":445,"column":6},"end":{"line":445,"column":null}},"188":{"start":{"line":448,"column":19},"end":{"line":448,"column":52}},"189":{"start":{"line":449,"column":19},"end":{"line":449,"column":52}},"190":{"start":{"line":450,"column":4},"end":{"line":452,"column":null}},"191":{"start":{"line":451,"column":6},"end":{"line":451,"column":null}},"192":{"start":{"line":454,"column":4},"end":{"line":454,"column":null}},"193":{"start":{"line":457,"column":24},"end":{"line":457,"column":42}},"194":{"start":{"line":460,"column":29},"end":{"line":460,"column":31}},"195":{"start":{"line":461,"column":2},"end":{"line":468,"column":null}},"196":{"start":{"line":462,"column":4},"end":{"line":467,"column":null}},"197":{"start":{"line":466,"column":6},"end":{"line":466,"column":null}},"198":{"start":{"line":470,"column":27},"end":{"line":470,"column":58}},"199":{"start":{"line":472,"column":2},"end":{"line":483,"column":null}},"200":{"start":{"line":473,"column":4},"end":{"line":473,"column":null}},"201":{"start":{"line":474,"column":4},"end":{"line":477,"column":null}},"202":{"start":{"line":475,"column":20},"end":{"line":475,"column":43}},"203":{"start":{"line":476,"column":6},"end":{"line":476,"column":null}},"204":{"start":{"line":478,"column":4},"end":{"line":481,"column":null}},"205":{"start":{"line":482,"column":4},"end":{"line":482,"column":null}},"206":{"start":{"line":485,"column":2},"end":{"line":488,"column":null}},"207":{"start":{"line":489,"column":2},"end":{"line":489,"column":null}},"208":{"start":{"line":491,"column":2},"end":{"line":491,"column":null}},"209":{"start":{"line":504,"column":2},"end":{"line":504,"column":null}},"210":{"start":{"line":505,"column":2},"end":{"line":505,"column":null}},"211":{"start":{"line":506,"column":2},"end":{"line":506,"column":null}},"212":{"start":{"line":511,"column":2},"end":{"line":511,"column":null}},"213":{"start":{"line":512,"column":25},"end":{"line":512,"column":64}},"214":{"start":{"line":517,"column":2},"end":{"line":517,"column":null}},"215":{"start":{"line":518,"column":2},"end":{"line":518,"column":null}},"216":{"start":{"line":520,"column":22},"end":{"line":525,"column":3}},"217":{"start":{"line":527,"column":25},"end":{"line":527,"column":29}},"218":{"start":{"line":528,"column":15},"end":{"line":528,"column":72}},"219":{"start":{"line":528,"column":36},"end":{"line":528,"column":71}},"220":{"start":{"line":530,"column":2},"end":{"line":551,"column":null}},"221":{"start":{"line":531,"column":23},"end":{"line":531,"column":34}},"222":{"start":{"line":532,"column":4},"end":{"line":532,"column":null}},"223":{"start":{"line":534,"column":4},"end":{"line":540,"column":null}},"224":{"start":{"line":535,"column":6},"end":{"line":539,"column":null}},"225":{"start":{"line":536,"column":8},"end":{"line":536,"column":null}},"226":{"start":{"line":537,"column":8},"end":{"line":537,"column":null}},"227":{"start":{"line":538,"column":8},"end":{"line":538,"column":null}},"228":{"start":{"line":542,"column":4},"end":{"line":548,"column":null}},"229":{"start":{"line":543,"column":6},"end":{"line":543,"column":null}},"230":{"start":{"line":544,"column":6},"end":{"line":544,"column":null}},"231":{"start":{"line":545,"column":6},"end":{"line":547,"column":null}},"232":{"start":{"line":546,"column":8},"end":{"line":546,"column":null}},"233":{"start":{"line":550,"column":4},"end":{"line":550,"column":null}},"234":{"start":{"line":556,"column":2},"end":{"line":556,"column":null}},"235":{"start":{"line":557,"column":2},"end":{"line":557,"column":null}},"236":{"start":{"line":559,"column":20},"end":{"line":559,"column":23}},"237":{"start":{"line":560,"column":28},"end":{"line":560,"column":32}},"238":{"start":{"line":561,"column":18},"end":{"line":561,"column":51}},"239":{"start":{"line":563,"column":2},"end":{"line":585,"column":null}},"240":{"start":{"line":564,"column":21},"end":{"line":564,"column":44}},"241":{"start":{"line":565,"column":23},"end":{"line":570,"column":9}},"242":{"start":{"line":566,"column":29},"end":{"line":568,"column":7}},"243":{"start":{"line":567,"column":19},"end":{"line":567,"column":null}},"244":{"start":{"line":569,"column":6},"end":{"line":569,"column":null}},"245":{"start":{"line":572,"column":28},"end":{"line":572,"column":64}},"246":{"start":{"line":573,"column":4},"end":{"line":576,"column":null}},"247":{"start":{"line":578,"column":4},"end":{"line":580,"column":null}},"248":{"start":{"line":579,"column":6},"end":{"line":579,"column":null}},"249":{"start":{"line":582,"column":4},"end":{"line":584,"column":null}},"250":{"start":{"line":583,"column":6},"end":{"line":583,"column":null}},"251":{"start":{"line":587,"column":2},"end":{"line":599,"column":null}},"252":{"start":{"line":588,"column":4},"end":{"line":591,"column":null}},"253":{"start":{"line":592,"column":9},"end":{"line":599,"column":null}},"254":{"start":{"line":593,"column":4},"end":{"line":596,"column":null}},"255":{"start":{"line":598,"column":4},"end":{"line":598,"column":null}},"256":{"start":{"line":604,"column":2},"end":{"line":604,"column":null}},"257":{"start":{"line":605,"column":2},"end":{"line":605,"column":null}},"258":{"start":{"line":606,"column":2},"end":{"line":606,"column":null}},"259":{"start":{"line":607,"column":2},"end":{"line":607,"column":null}},"260":{"start":{"line":609,"column":2},"end":{"line":609,"column":null}},"261":{"start":{"line":610,"column":2},"end":{"line":613,"column":null}},"262":{"start":{"line":614,"column":2},"end":{"line":617,"column":null}},"263":{"start":{"line":618,"column":2},"end":{"line":621,"column":null}},"264":{"start":{"line":622,"column":2},"end":{"line":622,"column":null}},"265":{"start":{"line":625,"column":20},"end":{"line":630,"column":3}},"266":{"start":{"line":626,"column":4},"end":{"line":626,"column":null}},"267":{"start":{"line":626,"column":14},"end":{"line":626,"column":null}},"268":{"start":{"line":627,"column":4},"end":{"line":627,"column":null}},"269":{"start":{"line":627,"column":44},"end":{"line":627,"column":null}},"270":{"start":{"line":628,"column":4},"end":{"line":628,"column":null}},"271":{"start":{"line":628,"column":44},"end":{"line":628,"column":null}},"272":{"start":{"line":629,"column":4},"end":{"line":629,"column":null}},"273":{"start":{"line":632,"column":23},"end":{"line":632,"column":48}},"274":{"start":{"line":633,"column":25},"end":{"line":633,"column":52}},"275":{"start":{"line":634,"column":28},"end":{"line":634,"column":58}},"276":{"start":{"line":637,"column":2},"end":{"line":637,"column":null}},"277":{"start":{"line":638,"column":2},"end":{"line":638,"column":null}},"278":{"start":{"line":639,"column":2},"end":{"line":639,"column":null}},"279":{"start":{"line":640,"column":2},"end":{"line":640,"column":null}},"280":{"start":{"line":641,"column":2},"end":{"line":641,"column":null}},"281":{"start":{"line":642,"column":2},"end":{"line":642,"column":null}},"282":{"start":{"line":643,"column":2},"end":{"line":643,"column":null}},"283":{"start":{"line":658,"column":2},"end":{"line":729,"column":null}},"284":{"start":{"line":667,"column":4},"end":{"line":667,"column":null}},"285":{"start":{"line":668,"column":4},"end":{"line":668,"column":null}},"286":{"start":{"line":669,"column":4},"end":{"line":669,"column":null}},"287":{"start":{"line":670,"column":4},"end":{"line":670,"column":null}},"288":{"start":{"line":671,"column":4},"end":{"line":671,"column":null}},"289":{"start":{"line":672,"column":9},"end":{"line":729,"column":null}},"290":{"start":{"line":675,"column":4},"end":{"line":675,"column":null}},"291":{"start":{"line":676,"column":4},"end":{"line":676,"column":null}},"292":{"start":{"line":677,"column":4},"end":{"line":677,"column":null}},"293":{"start":{"line":678,"column":4},"end":{"line":688,"column":null}},"294":{"start":{"line":679,"column":6},"end":{"line":682,"column":null}},"295":{"start":{"line":683,"column":6},"end":{"line":683,"column":null}},"296":{"start":{"line":684,"column":6},"end":{"line":684,"column":null}},"297":{"start":{"line":686,"column":6},"end":{"line":686,"column":null}},"298":{"start":{"line":687,"column":6},"end":{"line":687,"column":null}},"299":{"start":{"line":689,"column":9},"end":{"line":729,"column":null}},"300":{"start":{"line":691,"column":4},"end":{"line":691,"column":null}},"301":{"start":{"line":692,"column":4},"end":{"line":692,"column":null}},"302":{"start":{"line":693,"column":4},"end":{"line":693,"column":null}},"303":{"start":{"line":694,"column":4},"end":{"line":694,"column":null}},"304":{"start":{"line":695,"column":4},"end":{"line":700,"column":null}},"305":{"start":{"line":696,"column":6},"end":{"line":699,"column":null}},"306":{"start":{"line":701,"column":9},"end":{"line":729,"column":null}},"307":{"start":{"line":703,"column":4},"end":{"line":703,"column":null}},"308":{"start":{"line":704,"column":4},"end":{"line":704,"column":null}},"309":{"start":{"line":705,"column":4},"end":{"line":705,"column":null}},"310":{"start":{"line":706,"column":4},"end":{"line":706,"column":null}},"311":{"start":{"line":707,"column":4},"end":{"line":707,"column":null}},"312":{"start":{"line":708,"column":9},"end":{"line":729,"column":null}},"313":{"start":{"line":710,"column":4},"end":{"line":710,"column":null}},"314":{"start":{"line":711,"column":4},"end":{"line":711,"column":null}},"315":{"start":{"line":712,"column":4},"end":{"line":712,"column":null}},"316":{"start":{"line":713,"column":4},"end":{"line":713,"column":null}},"317":{"start":{"line":714,"column":4},"end":{"line":714,"column":null}},"318":{"start":{"line":715,"column":4},"end":{"line":715,"column":null}},"319":{"start":{"line":716,"column":9},"end":{"line":729,"column":null}},"320":{"start":{"line":718,"column":4},"end":{"line":718,"column":null}},"321":{"start":{"line":719,"column":4},"end":{"line":719,"column":null}},"322":{"start":{"line":720,"column":4},"end":{"line":720,"column":null}},"323":{"start":{"line":721,"column":4},"end":{"line":721,"column":null}},"324":{"start":{"line":722,"column":4},"end":{"line":722,"column":null}},"325":{"start":{"line":725,"column":4},"end":{"line":725,"column":null}},"326":{"start":{"line":726,"column":4},"end":{"line":726,"column":null}},"327":{"start":{"line":727,"column":4},"end":{"line":727,"column":null}},"328":{"start":{"line":728,"column":4},"end":{"line":728,"column":null}},"329":{"start":{"line":736,"column":29},"end":{"line":736,"column":63}},"330":{"start":{"line":737,"column":2},"end":{"line":737,"column":null}},"331":{"start":{"line":738,"column":2},"end":{"line":738,"column":null}},"332":{"start":{"line":739,"column":2},"end":{"line":739,"column":null}},"333":{"start":{"line":740,"column":2},"end":{"line":740,"column":null}},"334":{"start":{"line":741,"column":2},"end":{"line":741,"column":null}},"335":{"start":{"line":742,"column":2},"end":{"line":742,"column":null}},"336":{"start":{"line":745,"column":23},"end":{"line":745,"column":36}},"337":{"start":{"line":746,"column":2},"end":{"line":768,"column":null}},"338":{"start":{"line":747,"column":4},"end":{"line":756,"column":null}},"339":{"start":{"line":748,"column":6},"end":{"line":748,"column":null}},"340":{"start":{"line":749,"column":6},"end":{"line":749,"column":null}},"341":{"start":{"line":750,"column":11},"end":{"line":756,"column":null}},"342":{"start":{"line":751,"column":6},"end":{"line":751,"column":null}},"343":{"start":{"line":752,"column":6},"end":{"line":752,"column":null}},"344":{"start":{"line":755,"column":6},"end":{"line":755,"column":null}},"345":{"start":{"line":757,"column":9},"end":{"line":768,"column":null}},"346":{"start":{"line":758,"column":4},"end":{"line":767,"column":null}},"347":{"start":{"line":759,"column":6},"end":{"line":759,"column":null}},"348":{"start":{"line":760,"column":6},"end":{"line":760,"column":null}},"349":{"start":{"line":761,"column":11},"end":{"line":767,"column":null}},"350":{"start":{"line":762,"column":6},"end":{"line":762,"column":null}},"351":{"start":{"line":763,"column":6},"end":{"line":763,"column":null}},"352":{"start":{"line":766,"column":6},"end":{"line":766,"column":null}},"353":{"start":{"line":770,"column":2},"end":{"line":770,"column":null}},"354":{"start":{"line":771,"column":2},"end":{"line":771,"column":null}},"355":{"start":{"line":776,"column":2},"end":{"line":776,"column":null}},"356":{"start":{"line":777,"column":2},"end":{"line":777,"column":null}},"357":{"start":{"line":778,"column":2},"end":{"line":778,"column":null}},"358":{"start":{"line":779,"column":2},"end":{"line":779,"column":null}},"359":{"start":{"line":780,"column":2},"end":{"line":780,"column":null}},"360":{"start":{"line":781,"column":2},"end":{"line":784,"column":null}},"361":{"start":{"line":785,"column":2},"end":{"line":785,"column":null}},"362":{"start":{"line":787,"column":2},"end":{"line":794,"column":null}},"363":{"start":{"line":788,"column":4},"end":{"line":788,"column":null}},"364":{"start":{"line":789,"column":4},"end":{"line":789,"column":null}},"365":{"start":{"line":790,"column":4},"end":{"line":793,"column":null}},"366":{"start":{"line":796,"column":2},"end":{"line":796,"column":null}},"367":{"start":{"line":798,"column":2},"end":{"line":798,"column":null}},"368":{"start":{"line":815,"column":2},"end":{"line":821,"column":null}},"369":{"start":{"line":816,"column":4},"end":{"line":816,"column":null}},"370":{"start":{"line":817,"column":4},"end":{"line":817,"column":null}},"371":{"start":{"line":819,"column":4},"end":{"line":819,"column":null}},"372":{"start":{"line":820,"column":4},"end":{"line":820,"column":null}},"373":{"start":{"line":824,"column":28},"end":{"line":824,"column":59}},"374":{"start":{"line":827,"column":21},"end":{"line":827,"column":47}},"375":{"start":{"line":829,"column":2},"end":{"line":833,"column":null}},"376":{"start":{"line":830,"column":4},"end":{"line":832,"column":null}},"377":{"start":{"line":836,"column":17},"end":{"line":836,"column":34}},"378":{"start":{"line":837,"column":2},"end":{"line":837,"column":null}},"379":{"start":{"line":839,"column":2},"end":{"line":842,"column":null}},"380":{"start":{"line":854,"column":24},"end":{"line":854,"column":37}},"381":{"start":{"line":855,"column":22},"end":{"line":855,"column":32}},"382":{"start":{"line":856,"column":19},"end":{"line":856,"column":77}},"383":{"start":{"line":857,"column":2},"end":{"line":857,"column":null}},"384":{"start":{"line":859,"column":2},"end":{"line":877,"column":null}},"385":{"start":{"line":860,"column":23},"end":{"line":860,"column":60}},"386":{"start":{"line":861,"column":4},"end":{"line":861,"column":null}},"387":{"start":{"line":864,"column":27},"end":{"line":864,"column":59}},"388":{"start":{"line":865,"column":4},"end":{"line":865,"column":null}},"389":{"start":{"line":867,"column":4},"end":{"line":871,"column":null}},"390":{"start":{"line":868,"column":6},"end":{"line":870,"column":null}},"391":{"start":{"line":873,"column":4},"end":{"line":873,"column":null}},"392":{"start":{"line":875,"column":4},"end":{"line":875,"column":null}},"393":{"start":{"line":876,"column":4},"end":{"line":876,"column":null}},"394":{"start":{"line":887,"column":2},"end":{"line":887,"column":null}},"395":{"start":{"line":888,"column":23},"end":{"line":888,"column":33}},"396":{"start":{"line":889,"column":20},"end":{"line":889,"column":44}},"397":{"start":{"line":890,"column":2},"end":{"line":907,"column":null}},"398":{"start":{"line":891,"column":24},"end":{"line":891,"column":63}},"399":{"start":{"line":892,"column":4},"end":{"line":892,"column":null}},"400":{"start":{"line":895,"column":26},"end":{"line":895,"column":48}},"401":{"start":{"line":896,"column":27},"end":{"line":896,"column":59}},"402":{"start":{"line":897,"column":4},"end":{"line":897,"column":null}},"403":{"start":{"line":899,"column":4},"end":{"line":901,"column":null}},"404":{"start":{"line":900,"column":6},"end":{"line":900,"column":null}},"405":{"start":{"line":903,"column":4},"end":{"line":903,"column":null}},"406":{"start":{"line":905,"column":4},"end":{"line":905,"column":null}},"407":{"start":{"line":906,"column":4},"end":{"line":906,"column":null}},"408":{"start":{"line":927,"column":57},"end":{"line":927,"column":90}},"409":{"start":{"line":928,"column":22},"end":{"line":928,"column":40}},"410":{"start":{"line":935,"column":4},"end":{"line":935,"column":null}},"411":{"start":{"line":937,"column":21},"end":{"line":937,"column":76}},"412":{"start":{"line":939,"column":2},"end":{"line":939,"column":null}},"413":{"start":{"line":940,"column":2},"end":{"line":940,"column":null}},"414":{"start":{"line":941,"column":2},"end":{"line":944,"column":null}},"415":{"start":{"line":947,"column":2},"end":{"line":950,"column":null}},"416":{"start":{"line":948,"column":4},"end":{"line":948,"column":null}},"417":{"start":{"line":949,"column":4},"end":{"line":949,"column":null}},"418":{"start":{"line":953,"column":2},"end":{"line":953,"column":null}},"419":{"start":{"line":957,"column":55},"end":{"line":957,"column":92}},"420":{"start":{"line":958,"column":2},"end":{"line":958,"column":null}},"421":{"start":{"line":959,"column":2},"end":{"line":962,"column":null}},"422":{"start":{"line":963,"column":2},"end":{"line":963,"column":null}},"423":{"start":{"line":967,"column":31},"end":{"line":967,"column":33}},"424":{"start":{"line":969,"column":2},"end":{"line":1297,"column":null}},"425":{"start":{"line":970,"column":4},"end":{"line":1283,"column":null}},"426":{"start":{"line":972,"column":6},"end":{"line":972,"column":null}},"427":{"start":{"line":974,"column":20},"end":{"line":974,"column":47}},"428":{"start":{"line":975,"column":6},"end":{"line":975,"column":null}},"429":{"start":{"line":976,"column":22},"end":{"line":976,"column":64}},"430":{"start":{"line":976,"column":38},"end":{"line":976,"column":63}},"431":{"start":{"line":977,"column":6},"end":{"line":979,"column":null}},"432":{"start":{"line":978,"column":8},"end":{"line":978,"column":null}},"433":{"start":{"line":980,"column":6},"end":{"line":980,"column":null}},"434":{"start":{"line":982,"column":31},"end":{"line":982,"column":86}},"435":{"start":{"line":983,"column":28},"end":{"line":983,"column":56}},"436":{"start":{"line":986,"column":26},"end":{"line":986,"column":74}},"437":{"start":{"line":987,"column":6},"end":{"line":990,"column":null}},"438":{"start":{"line":991,"column":28},"end":{"line":991,"column":67}},"439":{"start":{"line":992,"column":6},"end":{"line":992,"column":null}},"440":{"start":{"line":995,"column":23},"end":{"line":995,"column":70}},"441":{"start":{"line":996,"column":6},"end":{"line":996,"column":null}},"442":{"start":{"line":997,"column":25},"end":{"line":997,"column":61}},"443":{"start":{"line":998,"column":6},"end":{"line":998,"column":null}},"444":{"start":{"line":1001,"column":24},"end":{"line":1001,"column":48}},"445":{"start":{"line":1002,"column":6},"end":{"line":1002,"column":null}},"446":{"start":{"line":1003,"column":26},"end":{"line":1003,"column":63}},"447":{"start":{"line":1004,"column":6},"end":{"line":1004,"column":null}},"448":{"start":{"line":1007,"column":29},"end":{"line":1007,"column":61}},"449":{"start":{"line":1008,"column":6},"end":{"line":1008,"column":null}},"450":{"start":{"line":1009,"column":6},"end":{"line":1011,"column":null}},"451":{"start":{"line":1010,"column":8},"end":{"line":1010,"column":null}},"452":{"start":{"line":1012,"column":28},"end":{"line":1012,"column":50}},"453":{"start":{"line":1013,"column":29},"end":{"line":1013,"column":61}},"454":{"start":{"line":1014,"column":6},"end":{"line":1014,"column":null}},"455":{"start":{"line":1015,"column":6},"end":{"line":1017,"column":7}},"456":{"start":{"line":1016,"column":8},"end":{"line":1016,"column":null}},"457":{"start":{"line":1018,"column":21},"end":{"line":1018,"column":63}},"458":{"start":{"line":1023,"column":6},"end":{"line":1023,"column":null}},"459":{"start":{"line":1025,"column":53},"end":{"line":1025,"column":72}},"460":{"start":{"line":1028,"column":32},"end":{"line":1028,"column":98}},"461":{"start":{"line":1029,"column":6},"end":{"line":1029,"column":null}},"462":{"start":{"line":1030,"column":6},"end":{"line":1030,"column":null}},"463":{"start":{"line":1033,"column":28},"end":{"line":1033,"column":64}},"464":{"start":{"line":1034,"column":28},"end":{"line":1034,"column":91}},"465":{"start":{"line":1035,"column":6},"end":{"line":1038,"column":null}},"466":{"start":{"line":1036,"column":8},"end":{"line":1036,"column":null}},"467":{"start":{"line":1037,"column":8},"end":{"line":1037,"column":null}},"468":{"start":{"line":1039,"column":6},"end":{"line":1039,"column":null}},"469":{"start":{"line":1041,"column":28},"end":{"line":1041,"column":64}},"470":{"start":{"line":1042,"column":28},"end":{"line":1042,"column":91}},"471":{"start":{"line":1043,"column":6},"end":{"line":1046,"column":null}},"472":{"start":{"line":1044,"column":8},"end":{"line":1044,"column":null}},"473":{"start":{"line":1045,"column":8},"end":{"line":1045,"column":null}},"474":{"start":{"line":1047,"column":6},"end":{"line":1047,"column":null}},"475":{"start":{"line":1049,"column":6},"end":{"line":1053,"column":null}},"476":{"start":{"line":1055,"column":6},"end":{"line":1058,"column":null}},"477":{"start":{"line":1060,"column":6},"end":{"line":1064,"column":null}},"478":{"start":{"line":1065,"column":11},"end":{"line":1283,"column":null}},"479":{"start":{"line":1067,"column":6},"end":{"line":1067,"column":null}},"480":{"start":{"line":1068,"column":20},"end":{"line":1068,"column":57}},"481":{"start":{"line":1069,"column":6},"end":{"line":1069,"column":null}},"482":{"start":{"line":1071,"column":22},"end":{"line":1071,"column":64}},"483":{"start":{"line":1071,"column":38},"end":{"line":1071,"column":63}},"484":{"start":{"line":1072,"column":6},"end":{"line":1072,"column":55}},"485":{"start":{"line":1073,"column":21},"end":{"line":1073,"column":57}},"486":{"start":{"line":1078,"column":6},"end":{"line":1078,"column":null}},"487":{"start":{"line":1080,"column":53},"end":{"line":1080,"column":72}},"488":{"start":{"line":1083,"column":32},"end":{"line":1083,"column":98}},"489":{"start":{"line":1084,"column":6},"end":{"line":1084,"column":null}},"490":{"start":{"line":1085,"column":6},"end":{"line":1085,"column":null}},"491":{"start":{"line":1088,"column":28},"end":{"line":1088,"column":53}},"492":{"start":{"line":1089,"column":6},"end":{"line":1089,"column":null}},"493":{"start":{"line":1092,"column":25},"end":{"line":1092,"column":38}},"494":{"start":{"line":1093,"column":27},"end":{"line":1093,"column":33}},"495":{"start":{"line":1098,"column":6},"end":{"line":1230,"column":null}},"496":{"start":{"line":1099,"column":8},"end":{"line":1099,"column":null}},"497":{"start":{"line":1100,"column":8},"end":{"line":1100,"column":null}},"498":{"start":{"line":1101,"column":8},"end":{"line":1101,"column":null}},"499":{"start":{"line":1102,"column":8},"end":{"line":1102,"column":null}},"500":{"start":{"line":1103,"column":8},"end":{"line":1103,"column":null}},"501":{"start":{"line":1104,"column":8},"end":{"line":1104,"column":null}},"502":{"start":{"line":1106,"column":32},"end":{"line":1106,"column":59}},"503":{"start":{"line":1108,"column":8},"end":{"line":1227,"column":null}},"504":{"start":{"line":1110,"column":10},"end":{"line":1110,"column":null}},"505":{"start":{"line":1113,"column":30},"end":{"line":1113,"column":62}},"506":{"start":{"line":1114,"column":10},"end":{"line":1117,"column":null}},"507":{"start":{"line":1119,"column":33},"end":{"line":1124,"column":11}},"508":{"start":{"line":1127,"column":10},"end":{"line":1215,"column":null}},"509":{"start":{"line":1128,"column":12},"end":{"line":1128,"column":null}},"510":{"start":{"line":1129,"column":12},"end":{"line":1129,"column":null}},"511":{"start":{"line":1130,"column":12},"end":{"line":1130,"column":null}},"512":{"start":{"line":1133,"column":12},"end":{"line":1136,"column":null}},"513":{"start":{"line":1139,"column":12},"end":{"line":1150,"column":null}},"514":{"start":{"line":1140,"column":36},"end":{"line":1140,"column":70}},"515":{"start":{"line":1141,"column":14},"end":{"line":1144,"column":null}},"516":{"start":{"line":1146,"column":14},"end":{"line":1149,"column":null}},"517":{"start":{"line":1153,"column":12},"end":{"line":1153,"column":null}},"518":{"start":{"line":1154,"column":12},"end":{"line":1157,"column":null}},"519":{"start":{"line":1158,"column":12},"end":{"line":1158,"column":null}},"520":{"start":{"line":1160,"column":34},"end":{"line":1160,"column":59}},"521":{"start":{"line":1162,"column":32},"end":{"line":1166,"column":13}},"522":{"start":{"line":1168,"column":12},"end":{"line":1168,"column":null}},"523":{"start":{"line":1174,"column":12},"end":{"line":1174,"column":null}},"524":{"start":{"line":1175,"column":12},"end":{"line":1197,"column":null}},"525":{"start":{"line":1176,"column":34},"end":{"line":1176,"column":91}},"526":{"start":{"line":1177,"column":36},"end":{"line":1177,"column":95}},"527":{"start":{"line":1178,"column":34},"end":{"line":1178,"column":91}},"528":{"start":{"line":1180,"column":14},"end":{"line":1180,"column":null}},"529":{"start":{"line":1181,"column":14},"end":{"line":1181,"column":null}},"530":{"start":{"line":1182,"column":14},"end":{"line":1182,"column":null}},"531":{"start":{"line":1184,"column":36},"end":{"line":1184,"column":97}},"532":{"start":{"line":1185,"column":34},"end":{"line":1185,"column":62}},"533":{"start":{"line":1187,"column":14},"end":{"line":1194,"column":null}},"534":{"start":{"line":1188,"column":16},"end":{"line":1188,"column":null}},"535":{"start":{"line":1189,"column":16},"end":{"line":1189,"column":null}},"536":{"start":{"line":1190,"column":16},"end":{"line":1190,"column":null}},"537":{"start":{"line":1191,"column":16},"end":{"line":1191,"column":null}},"538":{"start":{"line":1193,"column":16},"end":{"line":1193,"column":null}},"539":{"start":{"line":1196,"column":14},"end":{"line":1196,"column":null}},"540":{"start":{"line":1200,"column":12},"end":{"line":1200,"column":null}},"541":{"start":{"line":1201,"column":12},"end":{"line":1201,"column":null}},"542":{"start":{"line":1203,"column":12},"end":{"line":1203,"column":null}},"543":{"start":{"line":1204,"column":12},"end":{"line":1204,"column":null}},"544":{"start":{"line":1205,"column":12},"end":{"line":1208,"column":null}},"545":{"start":{"line":1209,"column":12},"end":{"line":1212,"column":null}},"546":{"start":{"line":1213,"column":12},"end":{"line":1213,"column":null}},"547":{"start":{"line":1214,"column":12},"end":{"line":1214,"column":null}},"548":{"start":{"line":1218,"column":10},"end":{"line":1218,"column":null}},"549":{"start":{"line":1219,"column":10},"end":{"line":1219,"column":null}},"550":{"start":{"line":1220,"column":10},"end":{"line":1220,"column":null}},"551":{"start":{"line":1221,"column":10},"end":{"line":1221,"column":null}},"552":{"start":{"line":1222,"column":10},"end":{"line":1222,"column":null}},"553":{"start":{"line":1223,"column":10},"end":{"line":1223,"column":null}},"554":{"start":{"line":1225,"column":10},"end":{"line":1225,"column":null}},"555":{"start":{"line":1229,"column":8},"end":{"line":1229,"column":null}},"556":{"start":{"line":1236,"column":6},"end":{"line":1236,"column":null}},"557":{"start":{"line":1237,"column":6},"end":{"line":1237,"column":null}},"558":{"start":{"line":1240,"column":23},"end":{"line":1240,"column":58}},"559":{"start":{"line":1241,"column":27},"end":{"line":1241,"column":85}},"560":{"start":{"line":1242,"column":6},"end":{"line":1245,"column":null}},"561":{"start":{"line":1243,"column":8},"end":{"line":1243,"column":null}},"562":{"start":{"line":1244,"column":8},"end":{"line":1244,"column":null}},"563":{"start":{"line":1246,"column":29},"end":{"line":1246,"column":73}},"564":{"start":{"line":1247,"column":6},"end":{"line":1247,"column":null}},"565":{"start":{"line":1250,"column":27},"end":{"line":1250,"column":48}},"566":{"start":{"line":1251,"column":23},"end":{"line":1251,"column":58}},"567":{"start":{"line":1252,"column":27},"end":{"line":1252,"column":85}},"568":{"start":{
[...]
,"26":{"start":{"line":104,"column":4},"end":{"line":104,"column":null}},"27":{"start":{"line":107,"column":24},"end":{"line":107,"column":69}},"28":{"start":{"line":109,"column":25},"end":{"line":109,"column":52}},"29":{"start":{"line":110,"column":4},"end":{"line":110,"column":null}},"30":{"start":{"line":111,"column":4},"end":{"line":111,"column":null}},"31":{"start":{"line":112,"column":4},"end":{"line":112,"column":null}},"32":{"start":{"line":113,"column":4},"end":{"line":113,"column":null}},"33":{"start":{"line":114,"column":4},"end":{"line":114,"column":null}},"34":{"start":{"line":116,"column":4},"end":{"line":116,"column":null}},"35":{"start":{"line":129,"column":23},"end":{"line":129,"column":50}},"36":{"start":{"line":130,"column":4},"end":{"line":132,"column":null}},"37":{"start":{"line":131,"column":6},"end":{"line":131,"column":null}},"38":{"start":{"line":134,"column":30},"end":{"line":134,"column":71}},"39":{"start":{"line":135,"column":4},"end":{"line":137,"column":null}},"40":{"start":{"line":136,"column":6},"end":{"line":136,"column":null}},"41":{"start":{"line":139,"column":25},"end":{"line":139,"column":78}},"42":{"start":{"line":140,"column":4},"end":{"line":142,"column":null}},"43":{"start":{"line":141,"column":6},"end":{"line":141,"column":null}},"44":{"start":{"line":144,"column":4},"end":{"line":144,"column":null}},"45":{"start":{"line":153,"column":23},"end":{"line":153,"column":50}},"46":{"start":{"line":154,"column":4},"end":{"line":156,"column":null}},"47":{"start":{"line":155,"column":6},"end":{"line":155,"column":null}},"48":{"start":{"line":158,"column":27},"end":{"line":158,"column":65}},"49":{"start":{"line":159,"column":4},"end":{"line":162,"column":null}},"50":{"start":{"line":160,"column":6},"end":{"line":160,"column":null}},"51":{"start":{"line":161,"column":6},"end":{"line":161,"column":null}},"52":{"start":{"line":171,"column":23},"end":{"line":171,"column":50}},"53":{"start":{"line":172,"column":4},"end":{"line":174,"column":null}},"54":{"start":{"line":173,"column":6},"end":{"line":173,"column":null}},"55":{"start":{"line":176,"column":24},"end":{"line":176,"column":69}},"56":{"start":{"line":177,"column":4},"end":{"line":180,"column":null}},"57":{"start":{"line":178,"column":6},"end":{"line":178,"column":null}},"58":{"start":{"line":179,"column":6},"end":{"line":179,"column":null}},"59":{"start":{"line":182,"column":25},"end":{"line":182,"column":71}},"60":{"start":{"line":183,"column":4},"end":{"line":185,"column":null}},"61":{"start":{"line":184,"column":6},"end":{"line":184,"column":null}},"62":{"start":{"line":193,"column":23},"end":{"line":193,"column":50}},"63":{"start":{"line":194,"column":4},"end":{"line":196,"column":null}},"64":{"start":{"line":195,"column":6},"end":{"line":195,"column":null}},"65":{"start":{"line":197,"column":4},"end":{"line":197,"column":null}},"66":{"start":{"line":204,"column":4},"end":{"line":206,"column":null}},"67":{"start":{"line":205,"column":6},"end":{"line":205,"column":null}},"68":{"start":{"line":207,"column":4},"end":{"line":207,"column":null}},"69":{"start":{"line":215,"column":19},"end":{"line":215,"column":48}},"70":{"start":{"line":216,"column":4},"end":{"line":216,"column":null}},"71":{"start":{"line":217,"column":4},"end":{"line":217,"column":null}},"72":{"start":{"line":220,"column":19},"end":{"line":223,"column":6}},"73":{"start":{"line":224,"column":4},"end":{"line":224,"column":null}},"74":{"start":{"line":227,"column":4},"end":{"line":233,"column":null}},"75":{"start":{"line":228,"column":23},"end":{"line":231,"column":8}},"76":{"start":{"line":232,"column":6},"end":{"line":232,"column":null}},"77":{"start":{"line":236,"column":22},"end":{"line":236,"column":51}},"78":{"start":{"line":237,"column":4},"end":{"line":237,"column":null}},"79":{"start":{"line":239,"column":24},"end":{"line":239,"column":59}},"80":{"start":{"line":240,"column":4},"end":{"line":240,"column":null}},"81":{"start":{"line":242,"column":26},"end":{"line":242,"column":56}},"82":{"start":{"line":243,"column":4},"end":{"line":243,"column":null}},"83":{"start":{"line":244,"column":4},"end":{"line":244,"column":null}},"84":{"start":{"line":245,"column":4},"end":{"line":245,"column":null}},"85":{"start":{"line":247,"column":4},"end":{"line":247,"column":null}},"86":{"start":{"line":250,"column":4},"end":{"line":253,"column":null}},"87":{"start":{"line":251,"column":32},"end":{"line":251,"column":57}},"88":{"start":{"line":252,"column":6},"end":{"line":252,"column":null}},"89":{"start":{"line":256,"column":30},"end":{"line":256,"column":59}},"90":{"start":{"line":257,"column":4},"end":{"line":257,"column":null}},"91":{"start":{"line":258,"column":4},"end":{"line":258,"column":null}},"92":{"start":{"line":261,"column":27},"end":{"line":261,"column":56}},"93":{"start":{"line":262,"column":4},"end":{"line":262,"column":null}},"94":{"start":{"line":263,"column":4},"end":{"line":263,"column":null}},"95":{"start":{"line":265,"column":4},"end":{"line":265,"column":null}},"96":{"start":{"line":273,"column":22},"end":{"line":273,"column":51}},"97":{"start":{"line":274,"column":4},"end":{"line":274,"column":null}},"98":{"start":{"line":276,"column":24},"end":{"line":276,"column":53}},"99":{"start":{"line":277,"column":4},"end":{"line":277,"column":null}},"100":{"start":{"line":278,"column":4},"end":{"line":278,"column":null}},"101":{"start":{"line":279,"column":4},"end":{"line":279,"column":null}},"102":{"start":{"line":280,"column":4},"end":{"line":280,"column":null}},"103":{"start":{"line":281,"column":4},"end":{"line":281,"column":null}},"104":{"start":{"line":283,"column":17},"end":{"line":283,"column":46}},"105":{"start":{"line":284,"column":4},"end":{"line":284,"column":null}},"106":{"start":{"line":285,"column":4},"end":{"line":285,"column":null}},"107":{"start":{"line":287,"column":4},"end":{"line":287,"column":null}},"108":{"start":{"line":288,"column":4},"end":{"line":288,"column":null}},"109":{"start":{"line":290,"column":25},"end":{"line":290,"column":55}},"110":{"start":{"line":291,"column":4},"end":{"line":291,"column":null}},"111":{"start":{"line":292,"column":4},"end":{"line":292,"column":null}},"112":{"start":{"line":293,"column":4},"end":{"line":293,"column":null}},"113":{"start":{"line":295,"column":4},"end":{"line":295,"column":null}},"114":{"start":{"line":303,"column":22},"end":{"line":311,"column":5}},"115":{"start":{"line":313,"column":4},"end":{"line":313,"column":null}},"116":{"start":{"line":322,"column":4},"end":{"line":322,"column":null}},"117":{"start":{"line":331,"column":4},"end":{"line":331,"column":null}}},"fnMap":{"0":{"name":"constructor","decl":{"start":{"line":30,"column":2},"end":{"line":30,"column":13}},"loc":{"start":{"line":30,"column":33},"end":{"line":33,"column":null}},"line":30},"1":{"name":"showJob","decl":{"start":{"line":39,"column":2},"end":{"line":39,"column":9}},"loc":{"start":{"line":39,"column":15},"end":{"line":54,"column":null}},"line":39},"2":{"name":"showShareableLink","decl":{"start":{"line":60,"column":2},"end":{"line":60,"column":19}},"loc":{"start":{"line":60,"column":27},"end":{"line":68,"column":null}},"line":60},"3":{"name":"updateStatus","decl":{"start":{"line":75,"column":2},"end":{"line":75,"column":14}},"loc":{"start":{"line":75,"column":30},"end":{"line":86,"column":null}},"line":75},"4":{"name":"showDownloadLink","decl":{"start":{"line":92,"column":2},"end":{"line":92,"column":18}},"loc":{"start":{"line":92,"column":26},"end":{"line":117,"column":null}},"line":92},"5":{"name":"hideDownloadLink","decl":{"start":{"line":128,"column":2},"end":{"line":128,"column":18}},"loc":{"start":{"line":128,"column":26},"end":{"line":145,"column":null}},"line":128},"6":{"name":"showError","decl":{"start":{"line":152,"column":2},"end":{"line":152,"column":11}},"loc":{"start":{"line":152,"column":33},"end":{"line":163,"column":null}},"line":152},"7":{"name":"updateProgress","decl":{"start":{"line":170,"column":2},"end":{"line":170,"column":16}},"loc":{"start":{"line":170,"column":34},"end":{"line":186,"column":null}},"line":170},"8":{"name":"removeJob","decl":{"start":{"line":192,"column":2},"end":{"line":192,"column":11}},"loc":{"start":{"line":192,"column":19},"end":{"line":198,"column":null}},"line":192},"9":{"name":"clearAll","decl":{"start":{"line":203,"column":2},"end":{"line":203,"column":10}},"loc":{"start":{"line":203,"column":13},"end":{"line":208,"column":null}},"line":203},"10":{"name":"_createJobElement","decl":{"start":{"line":214,"column":2},"end":{"line":214,"column":19}},"loc":{"start":{"line":214,"column":25},"end":{"line":266,"column":null}},"line":214},"11":{"name":"_createProgressBar","decl":{"start":{"line":272,"column":2},"end":{"line":272,"column":20}},"loc":{"start":{"line":272,"column":23},"end":{"line":296,"column":null}},"line":272},"12":{"name":"_formatStatus","decl":{"start":{"line":302,"column":2},"end":{"line":302,"column":15}},"loc":{"start":{"line":302,"column":24},"end":{"line":314,"column":null}},"line":302},"13":{"name":"getJobElement","decl":{"start":{"line":321,"column":2},"end":{"line":321,"column":15}},"loc":{"start":{"line":321,"column":23},"end":{"line":323,"column":null}},"line":321},"14":{"name":"hasJob","decl":{"start":{"line":330,"column":2},"end":{"line":330,"column":8}},"loc":{"start":{"line":330,"column":16},"end":{"line":332,"column":null}},"line":330}},"branchMap":{"0":{"loc":{"start":{"line":30,"column":14},"end":{"line":30,"column":31}},"type":"default-arg","locations":[{"start":{"line":30,"column":29},"end":{"line":30,"column":31}}],"line":30},"1":{"loc":{"start":{"line":31,"column":21},"end":{"line":31,"column":78}},"type":"binary-expr","locations":[{"start":{"line":31,"column":21},"end":{"line":31,"column":43}},{"start":{"line":31,"column":47},"end":{"line":31,"column":78}}],"line":31},"2":{"loc":{"start":{"line":46,"column":4},"end":{"line":48,"column":null}},"type":"if","locations":[{"start":{"line":46,"column":4},"end":{"line":48,"column":null}},{"start":{},"end":{}}],"line":46},"3":{"loc":{"start":{"line":62,"column":4},"end":{"line":64,"column":null}},"type":"if","locations":[{"start":{"line":62,"column":4},"end":{"line":64,"column":null}},{"start":{},"end":{}}],"line":62},"4":{"loc":{"start":{"line":77,"column":4},"end":{"line":79,"column":null}},"type":"if","locations":[{"start":{"line":77,"column":4},"end":{"line":79,"column":null}},{"start":{},"end":{}}],"line":77},"5":{"loc":{"start":{"line":82,"column":4},"end":{"line":85,"column":null}},"type":"if","locations":[{"start":{"line":82,"column":4},"end":{"line":85,"column":null}},{"start":{},"end":{}}],"line":82},"6":{"loc":{"start":{"line":94,"column":4},"end":{"line":96,"column":null}},"type":"if","locations":[{"start":{"line":94,"column":4},"end":{"line":96,"column":null}},{"start":{},"end":{}}],"line":94},"7":{"loc":{"start":{"line":99,"column":4},"end":{"line":101,"column":null}},"type":"if","locations":[{"start":{"line":99,"column":4},"end":{"line":101,"column":null}},{"start":{},"end":{}}],"line":99},"8":{"loc":{"start":{"line":130,"column":4},"end":{"line":132,"column":null}},"type":"if","locations":[{"start":{"line":130,"column":4},"end":{"line":132,"column":null}},{"start":{},"end":{}}],"line":130},"9":{"loc":{"start":{"line":135,"column":4},"end":{"line":137,"column":null}},"type":"if","locations":[{"start":{"line":135,"column":4},"end":{"line":137,"column":null}},{"start":{},"end":{}}],"line":135},"10":{"loc":{"start":{"line":140,"column":4},"end":{"line":142,"column":null}},"type":"if","locations":[{"start":{"line":140,"column":4},"end":{"line":142,"column":null}},{"start":{},"end":{}}],"line":140},"11":{"loc":{"start":{"line":154,"column":4},"end":{"line":156,"column":null}},"type":"if","locations":[{"start":{"line":154,"column":4},"end":{"line":156,"column":null}},{"start":{},"end":{}}],"line":154},"12":{"loc":{"start":{"line":159,"column":4},"end":{"line":162,"column":null}},"type":"if","locations":[{"start":{"line":159,"column":4},"end":{"line":162,"column":null}},{"start":{},"end":{}}],"line":159},"13":{"loc":{"start":{"line":172,"column":4},"end":{"line":174,"column":null}},"type":"if","locations":[{"start":{"line":172,"column":4},"end":{"line":174,"column":null}},{"start":{},"end":{}}],"line":172},"14":{"loc":{"start":{"line":177,"column":4},"end":{"line":180,"column":null}},"type":"if","locations":[{"start":{"line":177,"column":4},"end":{"line":180,"column":null}},{"start":{},"end":{}}],"line":177},"15":{"loc":{"start":{"line":183,"column":4},"end":{"line":185,"column":null}},"type":"if","locations":[{"start":{"line":183,"column":4},"end":{"line":185,"column":null}},{"start":{},"end":{}}],"line":183},"16":{"loc":{"start":{"line":194,"column":4},"end":{"line":196,"column":null}},"type":"if","locations":[{"start":{"line":194,"column":4},"end":{"line":196,"column":null}},{"start":{},"end":{}}],"line":194},"17":{"loc":{"start":{"line":194,"column":8},"end":{"line":194,"column":43}},"type":"binary-expr","locations":[{"start":{"line":194,"column":8},"end":{"line":194,"column":18}},{"start":{"line":194,"column":22},"end":{"line":194,"column":43}}],"line":194},"18":{"loc":{"start":{"line":204,"column":4},"end":{"line":206,"column":null}},"type":"if","locations":[{"start":{"line":204,"column":4},"end":{"line":206,"column":null}},{"start":{},"end":{}}],"line":204},"19":{"loc":{"start":{"line":227,"column":4},"end":{"line":233,"column":null}},"type":"if","locations":[{"start":{"line":227,"column":4},"end":{"line":233,"column":null}},{"start":{},"end":{}}],"line":227},"20":{"loc":{"start":{"line":250,"column":4},"end":{"line":253,"column":null}},"type":"if","locations":[{"start":{"line":250,"column":4},"end":{"line":253,"column":null}},{"start":{},"end":{}}],"line":250},"21":{"loc":{"start":{"line":313,"column":11},"end":{"line":313,"column":38}},"type":"binary-expr","locations":[{"start":{"line":313,"column":11},"end":{"line":313,"column":28}},{"start":{"line":313,"column":32},"end":{"line":313,"column":38}}],"line":313},"22":{"loc":{"start":{"line":322,"column":11},"end":{"line":322,"column":46}},"type":"binary-expr","locations":[{"start":{"line":322,"column":11},"end":{"line":322,"column":38}},{"start":{"line":322,"column":42},"end":{"line":322,"column":46}}],"line":322}},"s":{"0":3,"1":3,"2":2,"3":2,"4":2,"5":2,"6":2,"7":2,"8":2,"9":2,"10":2,"11":0,"12":2,"13":0,"14":0,"15":0,"16":0,"17":0,"18":0,"19":0,"20":1,"21":1,"22":0,"23":1,"24":1,"25":0,"26":1,"27":1,"28":1,"29":1,"30":1,"31":1,"32":1,"33":1,"34":1,"35":3,"36":3,"37":1,"38":2,"39":2,"40":0,"41":2,"42":2,"43":1,"44":2,"45":0,"46":0,"47":0,"48":0,"49":0,"50":0,"51":0,"52":0,"53":0,"54":0,"55":0,"56":0,"57":0,"58":0,"59":0,"60":0,"61":0,"62":0,"63":0,"64":0,"65":0,"66":0,"67":0,"68":0,"69":2,"70":2,"71":2,"72":2,"73":2,"74":2,"75":2,"76":2,"77":2,"78":2,"79":2,"80":2,"81":2,"82":2,"83":2,"84":2,"85":2,"86":2,"87":2,"88":2,"89":2,"90":2,"91":2,"92":2,"93":2,"94":2,"95":2,"96":2,"97":2,"98":2,"99":2,"100":2,"101":2,"102":2,"103":2,"104":2,"105":2,"106":2,"107":2,"108":2,"109":2,"110":2,"111":2,"112":2,"113":2,"114":2,"115":2,"116":0,"117":0},"f":{"0":3,"1":2,"2":2,"3":0,"4":1,"5":3,"6":0,"7":0,"8":0,"9":0,"10":2,"11":2,"12":2,"13":0,"14":0},"b":{"0":[3],"1":[3,0],"2":[2,0],"3":[0,2],"4":[0,0],"5":[0,0],"6":[0,1],"7":[0,1],"8":[1,2],"9":[0,2],"10":[1,1],"11":[0,0],"12":[0,0],"13":[0,0],"14":[0,0],"15":[0,0],"16":[0,0],"17":[0,0],"18":[0,0],"19":[2,0],"20":[2,0],"21":[2,0],"22":[0,0]},"meta":{"lastBranch":23,"lastFunction":15,"lastStatement":118,"seen":{"f:30:2:30:13":0,"b:30:29:30:31":0,"s:31:4:31:Infinity":0,"b:31:21:31:43:31:47:31:78":1,"s:32:4:32:33":1,"f:39:2:39:9":1,"s:41:4:41:Infinity":2,"s:43:23:43:50":3,"s:44:4:44:Infinity":4,"b:46:4:48:Infinity:undefined:undefined:undefined:undefined":2,"s:46:4:48:Infinity":5,"s:47:6:47:Infinity":6,"s:51:4:51:Infinity":7,"s:53:4:53:Infinity":8,"f:60:2:60:19":2,"s:61:23:61:50":9,"b:62:4:64:Infinity:undefined:undefined:undefined:undefined":3,"s:62:4:64:Infinity":10,"s:63:6:63:Infinity":11,"s:67:4:67:Infinity":12,"f:75:2:75:14":3,"s:76:23:76:50":13,"b:77:4:79:Infinity:undefined:undefined:undefined:undefined":4,"s:77:4:79:Infinity":14,"s:78:6:78:Infinity":15,"s:81:26:81:65":16,"b:82:4:85:Infinity:undefined:undefined:undefined:undefined":5,"s:82:4:85:Infinity":17,"s:83:6:83:Infinity":18,"s:84:6:84:Infinity":19,"f:92:2:92:18":4,"s:93:23:93:50":20,"b:94:4:96:Infinity:undefined:undefined:undefined:undefined":6,"s:94:4:96:Infinity":21,"s:95:6:95:Infinity":22,"s:98:30:98:71":23,"b:99:4:101:Infinity:undefined:undefined:undefined:undefined":7,"s:99:4:101:Infinity":24,"s:100:6:100:Infinity":25,"s:104:4:104:Infinity":26,"s:107:24:107:69":27,"s:109:25:109:52":28,"s:110:4:110:Infinity":29,"s:111:4:111:Infinity":30,"s:112:4:112:Infinity":31,"s:113:4:113:Infinity":32,"s:114:4:114:Infinity":33,"s:116:4:116:Infinity":34,"f:128:2:128:18":5,"s:129:23:129:50":35,"b:130:4:132:Infinity:undefined:undefined:undefined:undefined":8,"s:130:4:132:Infinity":36,"s:131:6:131:Infinity":37,"s:134:30:134:71":38,"b:135:4:137:Infinity:undefined:undefined:undefined:undefined":9,"s:135:4:137:Infinity":39,"s:136:6:136:Infinity":40,"s:139:25:139:78":41,"b:140:4:142:Infinity:undefined:undefined:undefined:undefined":10,"s:140:4:142:Infinity":42,"s:141:6:141:Infinity":43,"s:144:4:144:Infinity":44,"f:152:2:152:11":6,"s:153:23:153:50":45,"b:154:4:156:Infinity:undefined:undefined:undefined:undefined":11,"s:154:4:156:Infinity":46,"s:155:6:155:Infinity":47,"s:158:27:158:65":48,"b:159:4:162:Infinity:undefined:undefined:undefined:undefined":12,"s:159:4:162:Infinity":49,"s:160:6:160:Infinity":50,"s:161:6:161:Infinity":51,"f:170:2:170:16":7,"s:171:23:171:50":52,"b:172:4:174:Infinity:undefined:undefined:undefined:undefined":13,"s:172:4:174:Infinity":53,"s:173:6:173:Infinity":54,"s:176:24:176:69":55,"b:177:4:180:Infinity:undefined:undefined:undefined:undefined":14,"s:177:4:180:Infinity":56,"s:178:6:178:Infinity":57,"s:179:6:179:Infinity":58,"s:182:25:182:71":59,"b:183:4:185:Infinity:undefined:undefined:undefined:undefined":15,"s:183:4:185:Infinity":60,"s:184:6:184:Infinity":61,"f:192:2:192:11":8,"s:193:23:193:50":62,"b:194:4:196:Infinity:undefined:undefined:undefined:undefined":16,"s:194:4:196:Infinity":63,"b:194:8:194:18:194:22:194:43":17,"s:195:6:195:Infinity":64,"s:197:4:197:Infinity":65,"f:203:2:203:10":9,"b:204:4:206:Infinity:undefined:undefined:undefined:undefined":18,"s:204:4:206:Infinity":66,"s:205:6:205:Infinity":67,"s:207:4:207:Infinity":68,"f:214:2:214:19":10,"s:215:19:215:48":69,"s:216:4:216:Infinity":70,"s:217:4:217:Infinity":71,"s:220:19:223:6":72,"s:224:4:224:Infinity":73,"b:227:4:233:Infinity:undefined:undefined:undefined:undefined":19,"s:227:4:233:Infinity":74,"s:228:23:231:8":75,"s:232:6:232:Infinity":76,"s:236:22:236:51":77,"s:237:4:237:Infinity":78,"s:239:24:239:59":79,"s:240:4:240:Infinity":80,"s:242:26:242:56":81,"s:243:4:243:Infinity":82,"s:244:4:244:Infinity":83,"s:245:4:245:Infinity":84,"s:247:4:247:Infinity":85,"b:250:4:253:Infinity:undefined:undefined:undefined:undefined":20,"s:250:4:253:Infinity":86,"s:251:32:251:57":87,"s:252:6:252:Infinity":88,"s:256:30:256:59":89,"s:257:4:257:Infinity":90,"s:258:4:258:Infinity":91,"s:261:27:261:56":92,"s:262:4:262:Infinity":93,"s:263:4:263:Infinity":94,"s:265:4:265:Infinity":95,"f:272:2:272:20":11,"s:273:22:273:51":96,"s:274:4:274:Infinity":97,"s:276:24:276:53":98,"s:277:4:277:Infinity":99,"s:278:4:278:Infinity":100,"s:279:4:279:Infinity":101,"s:280:4:280:Infinity":102,"s:281:4:281:Infinity":103,"s:283:17:283:46":104,"s:284:4:284:Infinity":105,"s:285:4:285:Infinity":106,"s:287:4:287:Infinity":107,"s:288:4:288:Infinity":108,"s:290:25:290:55":109,"s:291:4:291:Infinity":110,"s:292:4:292:Infinity":111,"s:293:4:293:Infinity":112,"s:295:4:295:Infinity":113,"f:302:2:302:15":12,"s:303:22:311:5":114,"s:313:4:313:Infinity":115,"b:313:11:313:28:313:32:313:38":21,"f:321:2:321:15":13,"s:322:4:322:Infinity":116,"b:322:11:322:38:322:42:322:46":22,"f:330:2:330:8":14,"s:331:4:331:Infinity":117}}}
}
