TN:
SF:resources/js/apiInteractions.js
FN:22,apiRequest
FN:23,(anonymous_1)
FN:56,submitJobToAPI
FN:104,getJobStatus
FN:140,getCohortStatus
FN:197,pollJobStatusAPI
FN:206,(anonymous_6)
FN:246,(anonymous_7)
FN:249,(anonymous_8)
FN:263,(anonymous_9)
FN:287,pollCohortStatusAPI
FN:296,(anonymous_11)
FN:315,(anonymous_12)
FN:329,(anonymous_13)
FN:332,(anonymous_14)
FN:334,(anonymous_15)
FN:346,(anonymous_16)
FN:364,getJobQueueStatus
FN:400,createCohort
FNF:19
FNH:0
FNDA:0,apiRequest
FNDA:0,(anonymous_1)
FNDA:0,submitJobToAPI
FNDA:0,getJobStatus
FNDA:0,getCohortStatus
FNDA:0,pollJobStatusAPI
FNDA:0,(anonymous_6)
FNDA:0,(anonymous_7)
FNDA:0,(anonymous_8)
FNDA:0,(anonymous_9)
FNDA:0,pollCohortStatusAPI
FNDA:0,(anonymous_11)
FNDA:0,(anonymous_12)
FNDA:0,(anonymous_13)
FNDA:0,(anonymous_14)
FNDA:0,(anonymous_15)
FNDA:0,(anonymous_16)
FNDA:0,getJobQueueStatus
FNDA:0,createCohort
DA:23,0
DA:25,0
DA:28,0
DA:29,0
DA:33,0
DA:38,0
DA:39,0
DA:42,0
DA:57,0
DA:58,0
DA:61,0
DA:62,0
DA:63,0
DA:64,0
DA:66,0
DA:67,0
DA:70,0
DA:71,0
DA:72,0
DA:73,0
DA:75,0
DA:76,0
DA:81,0
DA:87,0
DA:88,0
DA:90,0
DA:91,0
DA:106,0
DA:107,0
DA:108,0
DA:111,0
DA:112,0
DA:115,0
DA:121,0
DA:122,0
DA:124,0
DA:125,0
DA:142,0
DA:143,0
DA:144,0
DA:147,0
DA:148,0
DA:151,0
DA:153,0
DA:154,0
DA:155,0
DA:156,0
DA:158,0
DA:159,0
DA:162,0
DA:163,0
DA:164,0
DA:165,0
DA:167,0
DA:168,0
DA:172,0
DA:174,0
DA:175,0
DA:177,0
DA:178,0
DA:206,0
DA:207,0
DA:208,0
DA:212,0
DA:215,0
DA:216,0
DA:219,0
DA:220,0
DA:224,0
DA:225,0
DA:226,0
DA:227,0
DA:228,0
DA:230,0
DA:238,0
DA:242,0
DA:250,0
DA:251,0
DA:253,0
DA:254,0
DA:255,0
DA:256,0
DA:257,0
DA:258,0
DA:259,0
DA:260,0
DA:264,0
DA:265,0
DA:269,0
DA:296,0
DA:297,0
DA:298,0
DA:299,0
DA:303,0
DA:306,0
DA:309,0
DA:310,0
DA:311,0
DA:315,0
DA:318,0
DA:325,0
DA:333,0
DA:334,0
DA:336,0
DA:337,0
DA:338,0
DA:339,0
DA:340,0
DA:341,0
DA:342,0
DA:347,0
DA:348,0
DA:352,0
DA:365,0
DA:366,0
DA:368,0
DA:369,0
DA:370,0
DA:374,0
DA:376,0
DA:380,0
DA:382,0
DA:386,0
DA:402,0
DA:403,0
DA:404,0
DA:408,0
DA:409,0
DA:410,0
DA:413,0
DA:414,0
DA:417,0
DA:418,0
DA:419,0
DA:422,0
DA:434,0
DA:435,0
DA:437,0
DA:438,0
LF:139
LH:0
BRDA:22,0,0,0
BRDA:22,1,0,0
BRDA:28,2,0,0
BRDA:28,2,1,0
BRDA:38,3,0,0
BRDA:38,3,1,0
BRDA:56,4,0,0
BRDA:56,5,0,0
BRDA:61,6,0,0
BRDA:61,6,1,0
BRDA:62,7,0,0
BRDA:62,7,1,0
BRDA:62,8,0,0
BRDA:62,8,1,0
BRDA:70,9,0,0
BRDA:70,9,1,0
BRDA:71,10,0,0
BRDA:71,10,1,0
BRDA:106,11,0,0
BRDA:106,11,1,0
BRDA:106,12,0,0
BRDA:106,12,1,0
BRDA:140,13,0,0
BRDA:140,14,0,0
BRDA:142,15,0,0
BRDA:142,15,1,0
BRDA:142,16,0,0
BRDA:142,16,1,0
BRDA:153,17,0,0
BRDA:153,17,1,0
BRDA:154,18,0,0
BRDA:154,18,1,0
BRDA:162,19,0,0
BRDA:162,19,1,0
BRDA:163,20,0,0
BRDA:163,20,1,0
BRDA:202,21,0,0
BRDA:203,22,0,0
BRDA:207,23,0,0
BRDA:207,23,1,0
BRDA:207,24,0,0
BRDA:207,24,1,0
BRDA:219,25,0,0
BRDA:219,25,1,0
BRDA:224,26,0,0
BRDA:224,26,1,0
BRDA:224,27,0,0
BRDA:224,27,1,0
BRDA:253,28,0,0
BRDA:253,28,1,0
BRDA:257,29,0,0
BRDA:257,29,1,0
BRDA:258,30,0,0
BRDA:258,30,1,0
BRDA:292,31,0,0
BRDA:293,32,0,0
BRDA:297,33,0,0
BRDA:297,33,1,0
BRDA:297,34,0,0
BRDA:297,34,1,0
BRDA:309,35,0,0
BRDA:309,35,1,0
BRDA:309,36,0,0
BRDA:309,36,1,0
BRDA:320,37,0,0
BRDA:320,37,1,0
BRDA:320,38,0,0
BRDA:320,38,1,0
BRDA:333,39,0,0
BRDA:333,39,1,0
BRDA:333,40,0,0
BRDA:333,40,1,0
BRDA:336,41,0,0
BRDA:336,41,1,0
BRDA:339,42,0,0
BRDA:339,42,1,0
BRDA:340,43,0,0
BRDA:340,43,1,0
BRDA:366,44,0,0
BRDA:366,44,1,0
BRDA:369,45,0,0
BRDA:369,45,1,0
BRDA:377,46,0,0
BRDA:377,46,1,0
BRDA:383,47,0,0
BRDA:383,47,1,0
BRDA:400,48,0,0
BRDA:402,49,0,0
BRDA:402,49,1,0
BRDA:402,50,0,0
BRDA:402,50,1,0
BRDA:408,51,0,0
BRDA:408,51,1,0
BRDA:408,52,0,0
BRDA:408,52,1,0
BRDA:419,53,0,0
BRDA:419,53,1,0
BRF:97
BRH:0
end_of_record
TN:
SF:resources/js/assemblyConfigs.js
FN:129,getNcbiAccession
FN:147,(anonymous_1)
FNF:2
FNH:0
FNDA:0,getNcbiAccession
FNDA:0,(anonymous_1)
DA:3,0
DA:130,0
DA:131,0
DA:132,0
DA:139,0
DA:140,0
DA:141,0
DA:142,0
DA:144,0
DA:147,0
DA:148,0
DA:149,0
DA:154,0
LF:13
LH:0
BRDA:131,0,0,0
BRDA:131,0,1,0
BRDA:139,1,0,0
BRDA:139,1,1,0
BRDA:139,2,0,0
BRDA:139,2,1,0
BRDA:139,2,2,0
BRDA:141,3,0,0
BRDA:141,3,1,0
BRDA:141,4,0,0
BRDA:141,4,1,0
BRDA:141,4,2,0
BRDA:148,5,0,0
BRDA:148,5,1,0
BRDA:148,6,0,0
BRDA:148,6,1,0
BRF:16
BRH:0
end_of_record
TN:
SF:resources/js/bamProcessing.js
FN:20,initializeAioli
FN:50,extractBamHeader
FN:71,parseHeader
FN:76,(anonymous_3)
FN:81,(anonymous_4)
FN:140,detectNamingConvention
FN:162,(anonymous_6)
FN:263,(anonymous_7)
FN:283,detectPipelineAndWarn
FN:314,extractAssemblyFromHints
FN:353,(anonymous_10)
FN:399,(anonymous_11)
FN:407,(anonymous_12)
FN:409,(anonymous_13)
FN:425,(anonymous_14)
FN:429,(anonymous_15)
FN:442,(anonymous_16)
FN:461,(anonymous_17)
FN:474,(anonymous_18)
FN:503,detectAssembly
FN:528,(anonymous_20)
FN:545,(anonymous_21)
FN:565,(anonymous_22)
FN:567,(anonymous_23)
FN:625,(anonymous_24)
FN:811,determineAssemblyAndRegion
FN:853,extractRegion
FN:886,indexBam
FN:924,extractRegionAndIndex
FN:976,(anonymous_29)
FN:1071,(anonymous_30)
FNF:31
FNH:3
FNDA:0,initializeAioli
FNDA:0,extractBamHeader
FNDA:0,parseHeader
FNDA:0,(anonymous_3)
FNDA:0,(anonymous_4)
FNDA:14,detectNamingConvention
FNDA:43,(anonymous_6)
FNDA:2,(anonymous_7)
FNDA:0,detectPipelineAndWarn
FNDA:0,extractAssemblyFromHints
FNDA:0,(anonymous_10)
FNDA:0,(anonymous_11)
FNDA:0,(anonymous_12)
FNDA:0,(anonymous_13)
FNDA:0,(anonymous_14)
FNDA:0,(anonymous_15)
FNDA:0,(anonymous_16)
FNDA:0,(anonymous_17)
FNDA:0,(anonymous_18)
FNDA:0,detectAssembly
FNDA:0,(anonymous_20)
FNDA:0,(anonymous_21)
FNDA:0,(anonymous_22)
FNDA:0,(anonymous_23)
FNDA:0,(anonymous_24)
FNDA:0,determineAssemblyAndRegion
FNDA:0,extractRegion
FNDA:0,indexBam
FNDA:0,extractRegionAndIndex
FNDA:0,(anonymous_29)
FNDA:0,(anonymous_30)
DA:21,0
DA:22,0
DA:23,0
DA:24,0
DA:25,0
DA:26,0
DA:28,0
DA:29,0
DA:32,0
DA:34,0
DA:35,0
DA:36,0
DA:37,0
DA:38,0
DA:40,0
DA:51,0
DA:52,0
DA:54,0
DA:55,0
DA:56,0
DA:57,0
DA:59,0
DA:61,0
DA:62,0
DA:72,0
DA:73,0
DA:74,0
DA:76,0
DA:77,0
DA:79,0
DA:80,0
DA:81,0
DA:82,0
DA:83,0
DA:84,0
DA:85,0
DA:86,0
DA:89,0
DA:90,0
DA:92,0
DA:94,0
DA:95,0
DA:97,0
DA:98,0
DA:99,0
DA:102,0
DA:103,0
DA:104,0
DA:109,0
DA:110,0
DA:111,0
DA:112,0
DA:113,0
DA:141,14
DA:142,1
DA:143,1
DA:147,13
DA:154,13
DA:162,13
DA:163,43
DA:164,43
DA:172,13
DA:173,13
DA:174,30
DA:175,30
DA:176,30
DA:177,30
DA:181,13
DA:182,13
DA:183,43
DA:184,43
DA:185,43
DA:186,43
DA:189,13
DA:190,13
DA:191,13
DA:193,13
DA:194,13
DA:195,13
DA:196,13
DA:197,13
DA:201,13
DA:205,14
DA:209,14
DA:216,14
DA:218,11
DA:219,2
DA:220,2
DA:221,2
DA:224,9
DA:225,6
DA:226,6
DA:227,6
DA:230,3
DA:231,3
DA:232,3
DA:233,3
DA:238,2
DA:239,1
DA:240,1
DA:241,1
DA:244,1
DA:245,0
DA:246,0
DA:247,0
DA:250,1
DA:251,0
DA:252,0
DA:253,0
DA:256,1
DA:260,1
DA:263,2
DA:267,1
DA:269,1
DA:284,0
DA:285,0
DA:286,0
DA:288,0
DA:289,0
DA:290,0
DA:292,0
DA:293,0
DA:294,0
DA:296,0
DA:297,0
DA:300,0
DA:301,0
DA:302,0
DA:304,0
DA:316,0
DA:325,0
DA:336,0
DA:345,0
DA:347,0
DA:348,0
DA:349,0
DA:350,0
DA:353,0
DA:354,0
DA:356,0
DA:357,0
DA:359,0
DA:360,0
DA:361,0
DA:362,0
DA:365,0
DA:366,0
DA:369,0
DA:370,0
DA:371,0
DA:372,0
DA:377,0
DA:378,0
DA:379,0
DA:380,0
DA:384,0
DA:399,0
DA:401,0
DA:402,0
DA:403,0
DA:407,0
DA:408,0
DA:409,0
DA:413,0
DA:414,0
DA:417,0
DA:418,0
DA:419,0
DA:423,0
DA:424,0
DA:425,0
DA:427,0
DA:429,0
DA:432,0
DA:436,0
DA:437,0
DA:441,0
DA:442,0
DA:444,0
DA:445,0
DA:448,0
DA:449,0
DA:450,0
DA:451,0
DA:454,0
DA:457,0
DA:460,0
DA:461,0
DA:462,0
DA:466,0
DA:470,0
DA:472,0
DA:473,0
DA:474,0
DA:475,0
DA:476,0
DA:478,0
DA:482,0
DA:485,0
DA:489,0
DA:491,0
DA:504,0
DA:505,0
DA:506,0
DA:511,0
DA:512,0
DA:517,0
DA:518,0
DA:520,0
DA:527,0
DA:528,0
DA:530,0
DA:531,0
DA:532,0
DA:534,0
DA:535,0
DA:536,0
DA:537,0
DA:538,0
DA:542,0
DA:543,0
DA:544,0
DA:545,0
DA:546,0
DA:550,0
DA:556,0
DA:557,0
DA:559,0
DA:560,0
DA:561,0
DA:563,0
DA:564,0
DA:565,0
DA:566,0
DA:567,0
DA:569,0
DA:572,0
DA:573,0
DA:578,0
DA:579,0
DA:582,0
DA:583,0
DA:587,0
DA:588,0
DA:592,0
DA:593,0
DA:598,0
DA:604,0
DA:605,0
DA:606,0
DA:607,0
DA:609,0
DA:610,0
DA:614,0
DA:618,0
DA:622,0
DA:625,0
DA:626,0
DA:627,0
DA:628,0
DA:629,0
DA:632,0
DA:633,0
DA:634,0
DA:637,0
DA:638,0
DA:639,0
DA:640,0
DA:641,0
DA:642,0
DA:643,0
DA:658,0
DA:667,0
DA:668,0
DA:669,0
DA:670,0
DA:671,0
DA:672,0
DA:675,0
DA:676,0
DA:677,0
DA:678,0
DA:679,0
DA:683,0
DA:684,0
DA:686,0
DA:687,0
DA:689,0
DA:691,0
DA:692,0
DA:693,0
DA:694,0
DA:695,0
DA:696,0
DA:701,0
DA:703,0
DA:704,0
DA:705,0
DA:706,0
DA:707,0
DA:708,0
DA:710,0
DA:711,0
DA:712,0
DA:713,0
DA:714,0
DA:715,0
DA:716,0
DA:718,0
DA:719,0
DA:720,0
DA:721,0
DA:722,0
DA:725,0
DA:726,0
DA:727,0
DA:728,0
DA:736,0
DA:737,0
DA:738,0
DA:739,0
DA:740,0
DA:741,0
DA:742,0
DA:745,0
DA:746,0
DA:747,0
DA:748,0
DA:749,0
DA:750,0
DA:751,0
DA:752,0
DA:755,0
DA:757,0
DA:758,0
DA:759,0
DA:760,0
DA:761,0
DA:762,0
DA:763,0
DA:766,0
DA:770,0
DA:771,0
DA:776,0
DA:777,0
DA:778,0
DA:779,0
DA:780,0
DA:781,0
DA:785,0
DA:787,0
DA:788,0
DA:789,0
DA:790,0
DA:796,0
DA:798,0
DA:815,0
DA:816,0
DA:817,0
DA:819,0
DA:820,0
DA:824,0
DA:827,0
DA:829,0
DA:830,0
DA:836,0
DA:837,0
DA:839,0
DA:854,0
DA:855,0
DA:856,0
DA:857,0
DA:859,0
DA:860,0
DA:861,0
DA:864,0
DA:865,0
DA:867,0
DA:868,0
DA:873,0
DA:875,0
DA:876,0
DA:887,0
DA:888,0
DA:889,0
DA:890,0
DA:891,0
DA:892,0
DA:895,0
DA:896,0
DA:897,0
DA:899,0
DA:900,0
DA:903,0
DA:905,0
DA:906,0
DA:927,0
DA:928,0
DA:935,0
DA:937,0
DA:939,0
DA:940,0
DA:941,0
DA:947,0
DA:948,0
DA:949,0
DA:953,0
DA:957,0
DA:958,0
DA:959,0
DA:963,0
DA:967,0
DA:969,0
DA:970,0
DA:972,0
DA:974,0
DA:975,0
DA:976,0
DA:977,0
DA:978,0
DA:980,0
DA:982,0
DA:983,0
DA:986,0
DA:987,0
DA:991,0
DA:992,0
DA:995,0
DA:996,0
DA:997,0
DA:998,0
DA:1001,0
DA:1002,0
DA:1003,0
DA:1004,0
DA:1007,0
DA:1008,0
DA:1009,0
DA:1010,0
DA:1012,0
DA:1013,0
DA:1014,0
DA:1015,0
DA:1016,0
DA:1018,0
DA:1023,0
DA:1025,0
DA:1028,0
DA:1029,0
DA:1030,0
DA:1033,0
DA:1034,0
DA:1035,0
DA:1036,0
DA:1037,0
DA:1039,0
DA:1041,0
DA:1042,0
DA:1043,0
DA:1044,0
DA:1045,0
DA:1047,0
DA:1049,0
DA:1055,0
DA:1060,0
DA:1065,0
DA:1067,0
DA:1068,0
DA:1069,0
DA:1071,0
DA:1072,0
DA:1073,0
DA:1078,0
DA:1080,0
DA:1083,0
DA:1084,0
DA:1085,0
DA:1088,0
DA:1089,0
DA:1092,0
DA:1093,0
DA:1098,0
DA:1099,0
DA:1100,0
DA:1101,0
DA:1102,0
DA:1103,0
DA:1104,0
DA:1106,0
DA:1108,0
DA:1110,0
DA:1113,0
DA:1114,0
DA:1119,0
DA:1127,0
DA:1128,0
DA:1129,0
DA:1130,0
DA:1133,0
DA:1139,0
DA:1140,0
DA:1141,0
DA:1146,0
DA:1153,0
DA:1154,0
DA:1158,0
DA:1160,0
DA:1162,0
DA:1168,0
DA:1174,0
DA:1175,0
DA:1176,0
DA:1177,0
DA:1178,0
DA:1180,0
DA:1181,0
DA:1182,0
DA:1184,0
DA:1185,0
DA:1187,0
DA:1188,0
DA:1189,0
DA:1190,0
DA:1191,0
DA:1193,0
DA:1196,0
DA:1200,0
DA:1201,0
DA:1203,0
DA:1204,0
DA:1205,0
DA:1209,0
DA:1213,0
DA:1214,0
DA:1218,0
DA:1219,0
DA:1220,0
DA:1221,0
DA:1222,0
DA:1223,0
DA:1225,0
DA:1229,0
DA:1236,0
DA:1237,0
DA:1240,0
DA:1241,0
DA:1242,0
DA:1243,0
DA:1244,0
DA:1246,0
DA:1247,0
DA:1250,0
DA:1251,0
DA:1252,0
DA:1253,0
DA:1254,0
DA:1255,0
DA:1257,0
DA:1258,0
DA:1260,0
DA:1268,0
DA:1274,0
DA:1275,0
DA:1277,0
DA:1285,0
DA:1286,0
DA:1287,0
DA:1288,0
DA:1289,0
DA:1291,0
DA:1294,0
DA:1295,0
DA:1296,0
LF:573
LH:55
BRDA:26,0,0,0
BRDA:26,0,1,0
BRDA:28,1,0,0
BRDA:28,1,1,0
BRDA:36,2,0,0
BRDA:36,2,1,0
BRDA:77,3,0,0
BRDA:77,3,1,0
BRDA:83,4,0,0
BRDA:83,4,1,0
BRDA:85,5,0,0
BRDA:85,5,1,0
BRDA:89,6,0,0
BRDA:89,6,1,0
BRDA:89,7,0,0
BRDA:89,7,1,0
BRDA:92,8,0,0
BRDA:92,8,1,0
BRDA:97,9,0,0
BRDA:97,9,1,0
BRDA:102,10,0,0
BRDA:102,10,1,0
BRDA:141,11,0,1
BRDA:141,11,1,13
BRDA:141,12,0,14
BRDA:141,12,1,14
BRDA:165,13,0,43
BRDA:165,13,1,23
BRDA:165,13,2,15
BRDA:175,14,0,20
BRDA:175,14,1,10
BRDA:176,15,0,8
BRDA:176,15,1,22
BRDA:177,16,0,2
BRDA:177,16,1,28
BRDA:184,17,0,20
BRDA:184,17,1,23
BRDA:185,18,0,8
BRDA:185,18,1,35
BRDA:186,19,0,6
BRDA:186,19,1,37
BRDA:202,20,0,11
BRDA:202,20,1,2
BRDA:206,21,0,11
BRDA:206,21,1,2
BRDA:210,22,0,11
BRDA:210,22,1,2
BRDA:216,23,0,11
BRDA:216,23,1,3
BRDA:218,24,0,2
BRDA:218,24,1,9
BRDA:224,25,0,6
BRDA:224,25,1,3
BRDA:230,26,0,3
BRDA:230,26,1,0
BRDA:238,27,0,1
BRDA:238,27,1,1
BRDA:244,28,0,0
BRDA:244,28,1,1
BRDA:250,29,0,0
BRDA:250,29,1,1
BRDA:288,30,0,0
BRDA:288,30,1,0
BRDA:292,31,0,0
BRDA:292,31,1,0
BRDA:292,32,0,0
BRDA:292,32,1,0
BRDA:296,33,0,0
BRDA:296,33,1,0
BRDA:300,34,0,0
BRDA:300,34,1,0
BRDA:354,35,0,0
BRDA:354,35,1,0
BRDA:357,36,0,0
BRDA:357,36,1,0
BRDA:370,37,0,0
BRDA:370,37,1,0
BRDA:378,38,0,0
BRDA:378,38,1,0
BRDA:401,39,0,0
BRDA:401,39,1,0
BRDA:401,40,0,0
BRDA:401,40,1,0
BRDA:417,41,0,0
BRDA:417,41,1,0
BRDA:427,42,0,0
BRDA:427,42,1,0
BRDA:429,43,0,0
BRDA:429,43,1,0
BRDA:434,44,0,0
BRDA:434,44,1,0
BRDA:444,45,0,0
BRDA:444,45,1,0
BRDA:450,46,0,0
BRDA:450,46,1,0
BRDA:462,47,0,0
BRDA:462,47,1,0
BRDA:463,48,0,0
BRDA:463,48,1,0
BRDA:472,49,0,0
BRDA:472,49,1,0
BRDA:528,50,0,0
BRDA:528,50,1,0
BRDA:530,51,0,0
BRDA:530,51,1,0
BRDA:535,52,0,0
BRDA:535,52,1,0
BRDA:542,53,0,0
BRDA:542,53,1,0
BRDA:567,54,0,0
BRDA:567,54,1,0
BRDA:569,55,0,0
BRDA:569,55,1,0
BRDA:575,56,0,0
BRDA:575,56,1,0
BRDA:578,57,0,0
BRDA:578,57,1,0
BRDA:582,58,0,0
BRDA:582,58,1,0
BRDA:582,59,0,0
BRDA:582,59,1,0
BRDA:587,60,0,0
BRDA:587,60,1,0
BRDA:592,61,0,0
BRDA:592,61,1,0
BRDA:611,62,0,0
BRDA:611,62,1,0
BRDA:612,63,0,0
BRDA:612,63,1,0
BRDA:615,64,0,0
BRDA:615,64,1,0
BRDA:616,65,0,0
BRDA:616,65,1,0
BRDA:619,66,0,0
BRDA:619,66,1,0
BRDA:620,67,0,0
BRDA:620,67,1,0
BRDA:626,68,0,0
BRDA:626,68,1,0
BRDA:627,69,0,0
BRDA:627,69,1,0
BRDA:627,70,0,0
BRDA:627,70,1,0
BRDA:628,71,0,0
BRDA:628,71,1,0
BRDA:628,72,0,0
BRDA:628,72,1,0
BRDA:658,73,0,0
BRDA:658,73,1,0
BRDA:659,74,0,0
BRDA:659,74,1,0
BRDA:659,74,2,0
BRDA:659,74,3,0
BRDA:659,74,4,0
BRDA:672,75,0,0
BRDA:672,75,1,0
BRDA:672,76,0,0
BRDA:672,76,1,0
BRDA:672,76,2,0
BRDA:678,77,0,0
BRDA:678,77,1,0
BRDA:678,78,0,0
BRDA:678,78,1,0
BRDA:689,79,0,0
BRDA:689,79,1,0
BRDA:689,80,0,0
BRDA:689,80,1,0
BRDA:689,80,2,0
BRDA:695,81,0,0
BRDA:695,81,1,0
BRDA:695,82,0,0
BRDA:695,82,1,0
BRDA:701,83,0,0
BRDA:701,83,1,0
BRDA:708,84,0,0
BRDA:708,84,1,0
BRDA:716,85,0,0
BRDA:716,85,1,0
BRDA:746,86,0,0
BRDA:746,86,1,0
BRDA:747,87,0,0
BRDA:747,87,1,0
BRDA:750,88,0,0
BRDA:750,88,1,0
BRDA:757,89,0,0
BRDA:757,89,1,0
BRDA:758,90,0,0
BRDA:758,90,1,0
BRDA:761,91,0,0
BRDA:761,91,1,0
BRDA:783,92,0,0
BRDA:783,92,1,0
BRDA:783,93,0,0
BRDA:783,93,1,0
BRDA:787,94,0,0
BRDA:787,94,1,0
BRDA:787,95,0,0
BRDA:787,95,1,0
BRDA:815,96,0,0
BRDA:815,96,1,0
BRDA:817,97,0,0
BRDA:817,97,1,0
BRDA:824,98,0,0
BRDA:824,98,1,0
BRDA:829,99,0,0
BRDA:829,99,1,0
BRDA:867,100,0,0
BRDA:867,100,1,0
BRDA:867,101,0,0
BRDA:867,101,1,0
BRDA:899,102,0,0
BRDA:899,102,1,0
BRDA:899,103,0,0
BRDA:899,103,1,0
BRDA:937,104,0,0
BRDA:937,104,1,0
BRDA:942,105,0,0
BRDA:942,105,1,0
BRDA:943,106,0,0
BRDA:943,106,1,0
BRDA:947,107,0,0
BRDA:947,107,1,0
BRDA:970,108,0,0
BRDA:970,108,1,0
BRDA:977,109,0,0
BRDA:977,109,1,0
BRDA:1009,110,0,0
BRDA:1009,110,1,0
BRDA:1009,111,0,0
BRDA:1009,111,1,0
BRDA:1015,112,0,0
BRDA:1015,112,1,0
BRDA:1015,113,0,0
BRDA:1015,113,1,0
BRDA:1035,114,0,0
BRDA:1035,114,1,0
BRDA:1043,115,0,0
BRDA:1043,115,1,0
BRDA:1065,116,0,0
BRDA:1065,116,1,0
BRDA:1098,117,0,0
BRDA:1098,117,1,0
BRDA:1127,118,0,0
BRDA:1127,118,1,0
BRDA:1127,119,0,0
BRDA:1127,119,1,0
BRDA:1187,120,0,0
BRDA:1187,120,1,0
BRDA:1236,121,0,0
BRDA:1236,121,1,0
BRDA:1242,122,0,0
BRDA:1242,122,1,0
BRDA:1253,123,0,0
BRDA:1253,123,1,0
BRDA:1268,124,0,0
BRDA:1268,124,1,0
BRDA:1269,125,0,0
BRDA:1269,125,1,0
BRDA:1287,126,0,0
BRDA:1287,126,1,0
BRF:260
BRH:36
end_of_record
TN:
SF:resources/js/blobManager.js
FN:18,constructor
FN:35,create
FN:62,revoke
FN:85,revokeMultiple
FN:99,revokeAll
FN:125,revokeOld
FN:142,getAll
FN:144,(anonymous_7)
FN:158,getTotalSize
FN:171,startAutoCleanup
FN:176,(anonymous_10)
FN:189,stopAutoCleanup
FN:200,cleanup
FN:210,(anonymous_13)
FNF:14
FNH:5
FNDA:3,constructor
FNDA:5,create
FNDA:2,revoke
FNDA:1,revokeMultiple
FNDA:1,revokeAll
FNDA:0,revokeOld
FNDA:0,getAll
FNDA:0,(anonymous_7)
FNDA:0,getTotalSize
FNDA:0,startAutoCleanup
FNDA:0,(anonymous_10)
FNDA:0,stopAutoCleanup
FNDA:0,cleanup
FNDA:0,(anonymous_13)
DA:19,3
DA:20,3
DA:36,5
DA:37,0
DA:40,5
DA:41,5
DA:49,5
DA:54,5
DA:63,2
DA:64,0
DA:65,0
DA:68,2
DA:69,2
DA:70,2
DA:72,2
DA:77,2
DA:86,1
DA:87,1
DA:88,2
DA:89,2
DA:92,1
DA:100,1
DA:101,1
DA:103,1
DA:104,2
DA:105,2
DA:108,1
DA:110,1
DA:111,1
DA:117,1
DA:126,0
DA:127,0
DA:129,0
DA:130,0
DA:131,0
DA:135,0
DA:143,0
DA:144,0
DA:159,0
DA:160,0
DA:161,0
DA:163,0
DA:172,0
DA:173,0
DA:176,0
DA:177,0
DA:178,0
DA:179,0
DA:183,0
DA:190,0
DA:191,0
DA:192,0
DA:193,0
DA:201,0
DA:202,0
DA:207,3
DA:210,3
DA:211,0
LF:58
LH:29
BRDA:35,0,0,5
BRDA:36,1,0,0
BRDA:36,1,1,5
BRDA:50,2,0,5
BRDA:50,2,1,0
BRDA:63,3,0,0
BRDA:63,3,1,2
BRDA:73,4,0,2
BRDA:73,4,1,0
BRDA:88,5,0,2
BRDA:88,5,1,0
BRDA:110,6,0,1
BRDA:110,6,1,0
BRDA:125,7,0,0
BRDA:130,8,0,0
BRDA:130,8,1,0
BRDA:171,9,0,0
BRDA:171,10,0,0
BRDA:172,11,0,0
BRDA:172,11,1,0
BRDA:178,12,0,0
BRDA:178,12,1,0
BRDA:190,13,0,0
BRDA:190,13,1,0
BRF:24
BRH:7
end_of_record
TN:
SF:resources/js/config.js
FNF:0
FNH:0
DA:4,0
DA:6,0
LF:2
LH:0
BRDA:9,0,0,0
BRDA:9,0,1,0
BRF:2
BRH:0
end_of_record
TN:
SF:resources/js/cookie.js
FN:8,getCookie
FN:25,setCookie
FNF:2
FNH:0
FNDA:0,getCookie
FNDA:0,setCookie
DA:9,0
DA:10,0
DA:11,0
DA:12,0
DA:13,0
DA:14,0
DA:16,0
DA:26,0
DA:27,0
DA:28,0
DA:29,0
DA:30,0
DA:31,0
DA:33,0
DA:34,0
DA:36,0
LF:16
LH:0
BRDA:14,0,0,0
BRDA:14,0,1,0
BRDA:28,1,0,0
BRDA:28,1,1,0
BRDA:33,2,0,0
BRDA:33,2,1,0
BRDA:36,3,0,0
BRDA:36,3,1,0
BRF:8
BRH:0
end_of_record
TN:
SF:resources/js/domHelpers.js
FN:28,createLabelValue
FN:65,createTextElement
FN:74,(anonymous_2)
FN:96,createLink
FN:132,replaceLabelValue
FN:157,appendChildren
FN:158,(anonymous_6)
FN:180,createList
FN:188,(anonymous_8)
FN:216,safeQuerySelector
FN:242,safeGetElementById
FN:268,requireElementById
FN:290,safeQuerySelectorAll
FNF:13
FNH:1
FNDA:4,createLabelValue
FNDA:0,createTextElement
FNDA:0,(anonymous_2)
FNDA:0,createLink
FNDA:0,replaceLabelValue
FNDA:0,appendChildren
FNDA:0,(anonymous_6)
FNDA:0,createList
FNDA:0,(anonymous_8)
FNDA:0,safeQuerySelector
FNDA:0,safeGetElementById
FNDA:0,requireElementById
FNDA:0,safeQuerySelectorAll
DA:29,4
DA:31,4
DA:32,4
DA:36,4
DA:39,4
DA:40,4
DA:41,4
DA:43,4
DA:44,4
DA:47,4
DA:49,4
DA:66,0
DA:67,0
DA:69,0
DA:70,0
DA:73,0
DA:74,0
DA:75,0
DA:79,0
DA:97,0
DA:98,0
DA:99,0
DA:101,0
DA:102,0
DA:105,0
DA:106,0
DA:108,0
DA:109,0
DA:113,0
DA:134,0
DA:137,0
DA:140,0
DA:141,0
DA:158,0
DA:159,0
DA:160,0
DA:161,0
DA:162,0
DA:181,0
DA:182,0
DA:184,0
DA:185,0
DA:188,0
DA:189,0
DA:190,0
DA:192,0
DA:193,0
DA:196,0
DA:199,0
DA:217,0
DA:218,0
DA:219,0
DA:220,0
DA:222,0
DA:224,0
DA:225,0
DA:243,0
DA:244,0
DA:245,0
DA:246,0
DA:248,0
DA:250,0
DA:251,0
DA:269,0
DA:270,0
DA:271,0
DA:272,0
DA:273,0
DA:275,0
DA:291,0
DA:292,0
DA:293,0
DA:294,0
DA:296,0
DA:298,0
DA:299,0
LF:76
LH:11
BRDA:28,0,0,4
BRDA:31,1,0,4
BRDA:31,1,1,0
BRDA:39,2,0,4
BRDA:39,2,1,4
BRDA:43,3,0,4
BRDA:43,3,1,0
BRDA:65,4,0,0
BRDA:69,5,0,0
BRDA:69,5,1,0
BRDA:73,6,0,0
BRDA:73,6,1,0
BRDA:96,7,0,0
BRDA:101,8,0,0
BRDA:101,8,1,0
BRDA:105,9,0,0
BRDA:105,9,1,0
BRDA:108,10,0,0
BRDA:108,10,1,0
BRDA:109,11,0,0
BRDA:109,11,1,0
BRDA:132,12,0,0
BRDA:159,13,0,0
BRDA:159,13,1,0
BRDA:161,14,0,0
BRDA:161,14,1,0
BRDA:180,15,0,0
BRDA:181,16,0,0
BRDA:181,16,1,0
BRDA:184,17,0,0
BRDA:184,17,1,0
BRDA:192,18,0,0
BRDA:192,18,1,0
BRDA:216,19,0,0
BRDA:219,20,0,0
BRDA:219,20,1,0
BRDA:245,21,0,0
BRDA:245,21,1,0
BRDA:270,22,0,0
BRDA:270,22,1,0
BRDA:290,23,0,0
BRDA:293,24,0,0
BRDA:293,24,1,0
BRF:43
BRH:5
end_of_record
TN:
SF:resources/js/errorHandling.js
FN:22,constructor
FN:35,handleError
FN:63,(anonymous_2)
FN:83,displayError
FN:103,clearError
FN:115,registerGlobalHandlers
FN:117,(anonymous_6)
FN:132,(anonymous_7)
FN:154,wrapAsync
FN:155,(anonymous_9)
FN:177,retryWithBackoff
FN:202,(anonymous_11)
FN:227,getHistory
FN:229,(anonymous_13)
FN:240,onError
FN:248,offError
FN:257,triggerCallbacks
FN:271,clearHistory
FN:283,displayError
FN:287,clearError
FNF:20
FNH:19
FNDA:59,constructor
FNDA:44,handleError
FNDA:16,(anonymous_2)
FNDA:52,displayError
FNDA:4,clearError
FNDA:5,registerGlobalHandlers
FNDA:1,(anonymous_6)
FNDA:1,(anonymous_7)
FNDA:4,wrapAsync
FNDA:4,(anonymous_9)
FNDA:1,retryWithBackoff
FNDA:0,(anonymous_11)
FNDA:5,getHistory
FNDA:7,(anonymous_13)
FNDA:7,onError
FNDA:2,offError
FNDA:44,triggerCallbacks
FNDA:2,clearHistory
FNDA:1,displayError
FNDA:1,clearError
DA:10,1
DA:23,59
DA:24,59
DA:25,59
DA:36,44
DA:47,44
DA:48,44
DA:49,1
DA:54,44
DA:56,44
DA:59,44
DA:61,44
DA:63,16
DA:66,44
DA:69,44
DA:72,44
DA:74,44
DA:84,52
DA:86,52
DA:87,1
DA:91,1
DA:94,51
DA:95,51
DA:96,51
DA:104,4
DA:105,4
DA:106,3
DA:107,3
DA:117,5
DA:118,1
DA:128,1
DA:132,5
DA:133,1
DA:141,1
DA:144,5
DA:155,4
DA:156,4
DA:157,4
DA:159,2
DA:160,2
DA:178,1
DA:182,1
DA:183,1
DA:184,1
DA:186,0
DA:188,0
DA:190,0
DA:192,0
DA:193,0
DA:197,0
DA:202,0
DA:203,0
DA:207,0
DA:219,0
DA:228,5
DA:229,7
DA:231,3
DA:241,7
DA:249,2
DA:258,44
DA:259,4
DA:260,4
DA:262,1
DA:272,2
DA:277,1
DA:284,1
DA:288,1
LF:67
LH:57
BRDA:35,0,0,44
BRDA:35,1,0,44
BRDA:37,2,0,8
BRDA:37,2,1,36
BRDA:37,3,0,36
BRDA:37,3,1,0
BRDA:38,4,0,8
BRDA:38,4,1,36
BRDA:48,5,0,1
BRDA:48,5,1,43
BRDA:54,6,0,7
BRDA:54,6,1,37
BRDA:54,7,0,5
BRDA:54,7,1,32
BRDA:59,8,0,7
BRDA:59,8,1,37
BRDA:61,9,0,6
BRDA:61,9,1,38
BRDA:83,10,0,52
BRDA:86,11,0,1
BRDA:86,11,1,51
BRDA:105,12,0,3
BRDA:105,12,1,1
BRDA:119,13,0,1
BRDA:119,13,1,0
BRDA:154,14,0,4
BRDA:177,15,0,1
BRDA:178,16,0,1
BRDA:178,17,0,1
BRDA:178,18,0,1
BRDA:178,19,0,1
BRDA:188,20,0,0
BRDA:188,20,1,0
BRDA:192,21,0,0
BRDA:192,21,1,0
BRDA:227,22,0,5
BRDA:228,23,0,2
BRDA:228,23,1,3
BRF:38
BRH:32
end_of_record
TN:
SF:resources/js/fileSelection.js
FN:7,initializeFileSelection
FN:18,displaySelectedFiles
FN:22,(anonymous_2)
FN:35,(anonymous_3)
FN:54,removeFile
FN:64,processFileValidation
FN:70,(anonymous_6)
FN:72,(anonymous_7)
FN:76,(anonymous_8)
FN:81,(anonymous_9)
FN:91,(anonymous_10)
FN:107,handleFileSelection
FN:117,(anonymous_12)
FN:123,(anonymous_13)
FN:127,preventDefaults
FN:132,(anonymous_15)
FN:135,(anonymous_16)
FN:142,(anonymous_17)
FN:145,(anonymous_18)
FN:153,(anonymous_19)
FN:154,(anonymous_20)
FN:164,handleDrop
FN:173,(anonymous_22)
FN:184,resetFileSelection
FNF:24
FNH:0
FNDA:0,initializeFileSelection
FNDA:0,displaySelectedFiles
FNDA:0,(anonymous_2)
FNDA:0,(anonymous_3)
FNDA:0,removeFile
FNDA:0,processFileValidation
FNDA:0,(anonymous_6)
FNDA:0,(anonymous_7)
FNDA:0,(anonymous_8)
FNDA:0,(anonymous_9)
FNDA:0,(anonymous_10)
FNDA:0,handleFileSelection
FNDA:0,(anonymous_12)
FNDA:0,(anonymous_13)
FNDA:0,preventDefaults
FNDA:0,(anonymous_15)
FNDA:0,(anonymous_16)
FNDA:0,(anonymous_17)
FNDA:0,(anonymous_18)
FNDA:0,(anonymous_19)
FNDA:0,(anonymous_20)
FNDA:0,handleDrop
FNDA:0,(anonymous_22)
FNDA:0,resetFileSelection
DA:8,0
DA:9,0
DA:10,0
DA:13,0
DA:19,0
DA:20,0
DA:21,0
DA:22,0
DA:23,0
DA:25,0
DA:26,0
DA:27,0
DA:29,0
DA:30,0
DA:31,0
DA:32,0
DA:35,0
DA:36,0
DA:37,0
DA:40,0
DA:41,0
DA:42,0
DA:44,0
DA:46,0
DA:55,0
DA:56,0
DA:65,0
DA:66,0
DA:70,0
DA:71,0
DA:72,0
DA:73,0
DA:75,0
DA:76,0
DA:77,0
DA:79,0
DA:81,0
DA:83,0
DA:89,0
DA:90,0
DA:91,0
DA:94,0
DA:97,0
DA:98,0
DA:109,0
DA:112,0
DA:113,0
DA:117,0
DA:118,0
DA:123,0
DA:124,0
DA:128,0
DA:129,0
DA:132,0
DA:133,0
DA:136,0
DA:142,0
DA:143,0
DA:146,0
DA:152,0
DA:153,0
DA:154,0
DA:155,0
DA:156,0
DA:165,0
DA:166,0
DA:167,0
DA:168,0
DA:173,0
DA:174,0
DA:175,0
DA:176,0
DA:185,0
DA:186,0
DA:187,0
DA:190,0
LF:76
LH:0
BRDA:20,0,0,0
BRDA:20,0,1,0
BRDA:71,1,0,0
BRDA:71,1,1,0
BRDA:72,2,0,0
BRDA:72,2,1,0
BRDA:72,3,0,0
BRDA:72,3,1,0
BRDA:75,4,0,0
BRDA:75,4,1,0
BRDA:76,5,0,0
BRDA:76,5,1,0
BRDA:76,6,0,0
BRDA:76,6,1,0
BRDA:79,7,0,0
BRDA:79,7,1,0
BRDA:80,8,0,0
BRDA:80,8,1,0
BRDA:81,9,0,0
BRDA:81,9,1,0
BRDA:89,10,0,0
BRDA:89,10,1,0
BRDA:155,11,0,0
BRDA:155,11,1,0
BRDA:155,12,0,0
BRDA:155,12,1,0
BRDA:167,13,0,0
BRDA:167,13,1,0
BRDA:167,14,0,0
BRDA:167,14,1,0
BRDA:175,15,0,0
BRDA:175,15,1,0
BRDA:175,16,0,0
BRDA:175,16,1,0
BRF:34
BRH:0
end_of_record
TN:
SF:resources/js/inputValidation.js
FN:59,showError
FN:95,showSuccess
FN:130,clearValidation
FN:145,removeMessage
FN:163,validateInput
FN:201,setupValidation
FN:209,(anonymous_6)
FN:215,(anonymous_7)
FN:225,(anonymous_8)
FN:231,(anonymous_9)
FN:245,initializeValidation
FN:248,(anonymous_11)
FN:261,validateAll
FN:264,(anonymous_13)
FN:282,clearAllValidation
FN:283,(anonymous_15)
FNF:16
FNH:0
FNDA:0,showError
FNDA:0,showSuccess
FNDA:0,clearValidation
FNDA:0,removeMessage
FNDA:0,validateInput
FNDA:0,setupValidation
FNDA:0,(anonymous_6)
FNDA:0,(anonymous_7)
FNDA:0,(anonymous_8)
FNDA:0,(anonymous_9)
FNDA:0,initializeValidation
FNDA:0,(anonymous_11)
FNDA:0,validateAll
FNDA:0,(anonymous_13)
FNDA:0,clearAllValidation
FNDA:0,(anonymous_15)
DA:31,1
DA:60,0
DA:63,0
DA:64,0
DA:67,0
DA:70,0
DA:71,0
DA:72,0
DA:73,0
DA:76,0
DA:77,0
DA:80,0
DA:83,0
DA:84,0
DA:86,0
DA:96,0
DA:99,0
DA:100,0
DA:103,0
DA:106,0
DA:107,0
DA:108,0
DA:109,0
DA:110,0
DA:112,0
DA:113,0
DA:115,0
DA:119,0
DA:120,0
DA:122,0
DA:131,0
DA:133,0
DA:134,0
DA:135,0
DA:136,0
DA:147,0
DA:148,0
DA:152,0
DA:164,0
DA:165,0
DA:166,0
DA:167,0
DA:170,0
DA:171,0
DA:172,0
DA:173,0
DA:177,0
DA:178,0
DA:179,0
DA:183,0
DA:184,0
DA:186,0
DA:187,0
DA:188,0
DA:191,0
DA:192,0
DA:202,0
DA:203,0
DA:204,0
DA:205,0
DA:209,0
DA:210,0
DA:211,0
DA:215,0
DA:216,0
DA:217,0
DA:218,0
DA:225,0
DA:226,0
DA:228,0
DA:230,0
DA:231,0
DA:232,0
DA:237,0
DA:246,0
DA:248,0
DA:249,0
DA:252,0
DA:262,0
DA:264,0
DA:265,0
DA:266,0
DA:267,0
DA:268,0
DA:269,0
DA:274,0
DA:283,0
DA:284,0
DA:285,0
DA:286,0
DA:290,0
LF:91
LH:1
BRDA:60,0,0,0
BRDA:60,0,1,0
BRDA:84,1,0,0
BRDA:84,1,1,0
BRDA:95,2,0,0
BRDA:96,3,0,0
BRDA:96,3,1,0
BRDA:106,4,0,0
BRDA:106,4,1,0
BRDA:131,5,0,0
BRDA:131,5,1,0
BRDA:148,6,0,0
BRDA:148,6,1,0
BRDA:149,7,0,0
BRDA:149,7,1,0
BRDA:149,7,2,0
BRDA:165,8,0,0
BRDA:165,8,1,0
BRDA:171,9,0,0
BRDA:171,9,1,0
BRDA:177,10,0,0
BRDA:177,10,1,0
BRDA:177,11,0,0
BRDA:177,11,1,0
BRDA:177,11,2,0
BRDA:186,12,0,0
BRDA:186,12,1,0
BRDA:203,13,0,0
BRDA:203,13,1,0
BRDA:217,14,0,0
BRDA:217,14,1,0
BRDA:230,15,0,0
BRDA:230,15,1,0
BRDA:245,16,0,0
BRDA:261,17,0,0
BRDA:266,18,0,0
BRDA:266,18,1,0
BRDA:268,19,0,0
BRDA:268,19,1,0
BRDA:282,20,0,0
BRDA:285,21,0,0
BRDA:285,21,1,0
BRF:42
BRH:0
end_of_record
TN:
SF:resources/js/inputWrangling.js
FN:11,validateFiles
FN:15,(anonymous_1)
FN:21,(anonymous_2)
FN:22,(anonymous_3)
FN:23,(anonymous_4)
FN:36,(anonymous_5)
FN:44,(anonymous_6)
FN:66,(anonymous_7)
FN:72,(anonymous_8)
FN:97,getBaseName
FNF:10
FNH:0
FNDA:0,validateFiles
FNDA:0,(anonymous_1)
FNDA:0,(anonymous_2)
FNDA:0,(anonymous_3)
FNDA:0,(anonymous_4)
FNDA:0,(anonymous_5)
FNDA:0,(anonymous_6)
FNDA:0,(anonymous_7)
FNDA:0,(anonymous_8)
FNDA:0,getBaseName
DA:12,0
DA:15,0
DA:21,0
DA:22,0
DA:23,0
DA:25,0
DA:31,0
DA:32,0
DA:35,0
DA:36,0
DA:37,0
DA:38,0
DA:41,0
DA:44,0
DA:45,0
DA:46,0
DA:47,0
DA:48,0
DA:49,0
DA:50,0
DA:55,0
DA:56,0
DA:57,0
DA:66,0
DA:67,0
DA:68,0
DA:72,0
DA:73,0
DA:74,0
DA:75,0
DA:82,0
DA:87,0
DA:98,0
DA:100,0
DA:101,0
DA:103,0
DA:105,0
LF:37
LH:0
BRDA:11,0,0,0
BRDA:47,1,0,0
BRDA:47,1,1,0
BRDA:56,2,0,0
BRDA:56,2,1,0
BRDA:74,3,0,0
BRDA:74,3,1,0
BRDA:98,4,0,0
BRDA:98,4,1,0
BRDA:101,5,0,0
BRDA:101,5,1,0
BRF:11
BRH:0
end_of_record
TN:
SF:resources/js/jobManager.js
FN:19,capitalizeFirstLetter
FN:29,updateCohortUI
FN:48,(anonymous_2)
FN:125,fetchAndUpdateJobStatus
FN:146,loadCohortFromURL
FN:206,(anonymous_5)
FN:217,(anonymous_6)
FN:225,(anonymous_7)
FN:252,loadJobFromURL
FN:310,(anonymous_9)
FN:337,(anonymous_10)
FN:344,(anonymous_11)
FNF:12
FNH:0
FNDA:0,capitalizeFirstLetter
FNDA:0,updateCohortUI
FNDA:0,(anonymous_2)
FNDA:0,fetchAndUpdateJobStatus
FNDA:0,loadCohortFromURL
FNDA:0,(anonymous_5)
FNDA:0,(anonymous_6)
FNDA:0,(anonymous_7)
FNDA:0,loadJobFromURL
FNDA:0,(anonymous_9)
FNDA:0,(anonymous_10)
FNDA:0,(anonymous_11)
DA:20,0
DA:21,0
DA:30,0
DA:31,0
DA:32,0
DA:33,0
DA:34,0
DA:37,0
DA:38,0
DA:39,0
DA:40,0
DA:44,0
DA:46,0
DA:48,0
DA:49,0
DA:51,0
DA:52,0
DA:53,0
DA:57,0
DA:58,0
DA:59,0
DA:60,0
DA:61,0
DA:62,0
DA:65,0
DA:66,0
DA:67,0
DA:68,0
DA:69,0
DA:70,0
DA:71,0
DA:73,0
DA:74,0
DA:77,0
DA:79,0
DA:81,0
DA:89,0
DA:90,0
DA:91,0
DA:92,0
DA:93,0
DA:94,0
DA:95,0
DA:99,0
DA:102,0
DA:103,0
DA:104,0
DA:106,0
DA:108,0
DA:109,0
DA:110,0
DA:126,0
DA:132,0
DA:134,0
DA:135,0
DA:136,0
DA:160,0
DA:163,0
DA:164,0
DA:165,0
DA:166,0
DA:167,0
DA:168,0
DA:171,0
DA:173,0
DA:174,0
DA:175,0
DA:176,0
DA:177,0
DA:178,0
DA:181,0
DA:182,0
DA:183,0
DA:184,0
DA:185,0
DA:186,0
DA:187,0
DA:190,0
DA:191,0
DA:192,0
DA:194,0
DA:195,0
DA:196,0
DA:197,0
DA:198,0
DA:201,0
DA:204,0
DA:207,0
DA:208,0
DA:219,0
DA:220,0
DA:221,0
DA:222,0
DA:223,0
DA:227,0
DA:228,0
DA:229,0
DA:230,0
DA:231,0
DA:232,0
DA:238,0
DA:240,0
DA:241,0
DA:242,0
DA:264,0
DA:267,0
DA:268,0
DA:269,0
DA:270,0
DA:271,0
DA:272,0
DA:275,0
DA:277,0
DA:278,0
DA:279,0
DA:280,0
DA:281,0
DA:282,0
DA:285,0
DA:286,0
DA:287,0
DA:288,0
DA:289,0
DA:290,0
DA:291,0
DA:294,0
DA:297,0
DA:298,0
DA:299,0
DA:301,0
DA:302,0
DA:303,0
DA:304,0
DA:305,0
DA:308,0
DA:312,0
DA:313,0
DA:314,0
DA:315,0
DA:316,0
DA:317,0
DA:318,0
DA:322,0
DA:323,0
DA:329,0
DA:330,0
DA:331,0
DA:332,0
DA:334,0
DA:339,0
DA:340,0
DA:341,0
DA:342,0
DA:346,0
DA:347,0
DA:348,0
DA:349,0
DA:350,0
DA:356,0
DA:358,0
DA:359,0
DA:360,0
LF:162
LH:0
BRDA:20,0,0,0
BRDA:20,0,1,0
BRDA:32,1,0,0
BRDA:32,1,1,0
BRDA:38,2,0,0
BRDA:38,2,1,0
BRDA:51,3,0,0
BRDA:51,3,1,0
BRDA:51,4,0,0
BRDA:51,4,1,0
BRDA:51,4,2,0
BRDA:79,5,0,0
BRDA:79,5,1,0
BRDA:89,6,0,0
BRDA:89,6,1,0
BRDA:90,7,0,0
BRDA:90,7,1,0
BRDA:94,8,0,0
BRDA:94,8,1,0
BRDA:102,9,0,0
BRDA:102,9,1,0
BRDA:103,10,0,0
BRDA:103,10,1,0
BRDA:103,11,0,0
BRDA:103,11,1,0
BRDA:163,12,0,0
BRDA:163,12,1,0
BRDA:163,13,0,0
BRDA:163,13,1,0
BRDA:163,13,2,0
BRDA:267,14,0,0
BRDA:267,14,1,0
BRDA:267,15,0,0
BRDA:267,15,1,0
BRDA:267,15,2,0
BRDA:313,16,0,0
BRDA:313,16,1,0
BRDA:322,17,0,0
BRDA:322,17,1,0
BRDA:329,18,0,0
BRDA:329,18,1,0
BRF:41
BRH:0
end_of_record
TN:
SF:resources/js/loadDeferredStyles.js
FN:11,(anonymous_0)
FNF:1
FNH:0
FNDA:0,(anonymous_0)
DA:9,0
DA:11,0
DA:12,0
LF:3
LH:0
BRF:0
BRH:0
end_of_record
TN:
SF:resources/js/log.js
FN:43,logMessage
FN:57,setLogFilter
FN:68,downloadLogs
FN:84,clearLogs
FN:99,initializeLogging
FN:120,createLogEntry
FN:143,appendLogEntry
FN:155,enforceMaxLogEntries
FN:165,scrollToBottom
FN:179,applyLogFilter
FN:185,(anonymous_10)
FN:196,updateFilterButtonStates
FN:199,(anonymous_12)
FN:214,getAllLogEntries
FN:227,prepareDownloadData
FN:250,formatEntriesAsJSON
FN:251,(anonymous_16)
FN:263,formatEntriesAsText
FN:264,(anonymous_18)
FN:272,extractMessage
FN:282,triggerDownload
FN:302,setupToggleButton
FN:308,(anonymous_22)
FN:316,setupCloseButton
FN:323,(anonymous_24)
FN:331,setupClearButton
FN:337,(anonymous_26)
FN:345,setupFilterButtons
FN:349,(anonymous_28)
FN:350,(anonymous_29)
FN:359,setupDownloadButton
FN:367,(anonymous_31)
FN:378,toggleLogVisibility
FN:395,showLogPanel
FN:407,hideLogPanel
FN:421,restoreVisibilityState
FN:440,saveVisibilityState
FN:447,restoreFilterState
FN:456,saveFilterPreference
FN:468,getLogContentElement
FN:476,formatTimestamp
FN:484,getFormattedDateTimeString
FN:494,capitalizeFirstLetter
FNF:43
FNH:24
FNDA:9,logMessage
FNDA:1,setLogFilter
FNDA:0,downloadLogs
FNDA:0,clearLogs
FNDA:1,initializeLogging
FNDA:1,createLogEntry
FNDA:1,appendLogEntry
FNDA:1,enforceMaxLogEntries
FNDA:1,scrollToBottom
FNDA:1,applyLogFilter
FNDA:0,(anonymous_10)
FNDA:1,updateFilterButtonStates
FNDA:1,(anonymous_12)
FNDA:0,getAllLogEntries
FNDA:0,prepareDownloadData
FNDA:0,formatEntriesAsJSON
FNDA:0,(anonymous_16)
FNDA:0,formatEntriesAsText
FNDA:0,(anonymous_18)
FNDA:0,extractMessage
FNDA:0,triggerDownload
FNDA:1,setupToggleButton
FNDA:0,(anonymous_22)
FNDA:1,setupCloseButton
FNDA:0,(anonymous_24)
FNDA:1,setupClearButton
FNDA:0,(anonymous_26)
FNDA:1,setupFilterButtons
FNDA:1,(anonymous_28)
FNDA:0,(anonymous_29)
FNDA:1,setupDownloadButton
FNDA:0,(anonymous_31)
FNDA:0,toggleLogVisibility
FNDA:0,showLogPanel
FNDA:1,hideLogPanel
FNDA:1,restoreVisibilityState
FNDA:1,saveVisibilityState
FNDA:1,restoreFilterState
FNDA:1,saveFilterPreference
FNDA:10,getLogContentElement
FNDA:1,formatTimestamp
FNDA:0,getFormattedDateTimeString
FNDA:1,capitalizeFirstLetter
DA:15,6
DA:23,6
DA:24,6
DA:25,6
DA:26,6
DA:32,6
DA:44,9
DA:45,9
DA:47,1
DA:48,1
DA:49,1
DA:50,1
DA:58,1
DA:59,1
DA:60,1
DA:61,1
DA:69,0
DA:71,0
DA:72,0
DA:73,0
DA:76,0
DA:77,0
DA:78,0
DA:85,0
DA:86,0
DA:89,0
DA:90,0
DA:92,0
DA:93,0
DA:100,1
DA:101,1
DA:102,1
DA:103,1
DA:104,1
DA:105,1
DA:106,1
DA:107,1
DA:121,1
DA:122,1
DA:123,1
DA:124,1
DA:126,1
DA:127,1
DA:129,1
DA:130,1
DA:132,1
DA:133,1
DA:135,1
DA:144,1
DA:147,1
DA:148,1
DA:156,1
DA:157,0
DA:166,1
DA:180,1
DA:181,1
DA:184,1
DA:185,1
DA:186,0
DA:187,0
DA:188,0
DA:198,1
DA:199,1
DA:200,1
DA:201,1
DA:202,1
DA:215,0
DA:216,0
DA:218,0
DA:228,0
DA:230,0
DA:231,0
DA:238,0
DA:251,0
DA:264,0
DA:273,0
DA:283,0
DA:284,0
DA:285,0
DA:287,0
DA:288,0
DA:289,0
DA:292,0
DA:303,1
DA:304,1
DA:306,1
DA:308,1
DA:309,0
DA:317,1
DA:318,1
DA:319,1
DA:321,1
DA:323,1
DA:324,0
DA:332,1
DA:333,1
DA:335,1
DA:337,1
DA:338,0
DA:347,1
DA:349,1
DA:350,1
DA:351,0
DA:360,1
DA:362,1
DA:365,1
DA:367,1
DA:368,0
DA:369,0
DA:379,0
DA:381,0
DA:382,0
DA:384,0
DA:387,0
DA:396,0
DA:397,0
DA:398,0
DA:399,0
DA:408,1
DA:409,1
DA:410,1
DA:411,1
DA:422,1
DA:423,1
DA:425,1
DA:427,1
DA:429,1
DA:430,0
DA:432,1
DA:441,1
DA:448,1
DA:449,1
DA:457,1
DA:469,10
DA:477,1
DA:485,0
DA:486,0
DA:495,1
DA:496,1
LF:139
LH:87
BRDA:43,0,0,9
BRDA:45,1,0,8
BRDA:45,1,1,1
BRDA:68,2,0,0
BRDA:71,3,0,0
BRDA:71,3,1,0
BRDA:85,4,0,0
BRDA:85,4,1,0
BRDA:90,5,0,0
BRDA:90,5,1,0
BRDA:147,6,0,1
BRDA:147,6,1,0
BRDA:148,7,0,1
BRDA:148,7,1,0
BRDA:181,8,0,0
BRDA:181,8,1,1
BRDA:187,9,0,0
BRDA:187,9,1,0
BRDA:188,10,0,0
BRDA:188,10,1,0
BRDA:216,11,0,0
BRDA:216,11,1,0
BRDA:230,12,0,0
BRDA:230,12,1,0
BRDA:306,13,0,0
BRDA:306,13,1,1
BRDA:306,14,0,1
BRDA:306,14,1,1
BRDA:321,15,0,0
BRDA:321,15,1,1
BRDA:321,16,0,1
BRDA:321,16,1,1
BRDA:321,16,2,1
BRDA:335,17,0,0
BRDA:335,17,1,1
BRDA:365,18,0,0
BRDA:365,18,1,1
BRDA:365,19,0,1
BRDA:365,19,1,1
BRDA:381,20,0,0
BRDA:381,20,1,0
BRDA:387,21,0,0
BRDA:387,21,1,0
BRDA:425,22,0,0
BRDA:425,22,1,1
BRDA:425,23,0,1
BRDA:425,23,1,1
BRDA:429,24,0,0
BRDA:429,24,1,1
BRDA:448,25,0,1
BRDA:448,25,1,1
BRDA:495,26,0,0
BRDA:495,26,1,1
BRF:53
BRH:24
end_of_record
TN:
SF:resources/js/mobileNav.js
FN:21,constructor
FN:34,init
FN:47,setupEventListeners
FN:49,(anonymous_3)
FN:55,(anonymous_4)
FN:56,(anonymous_5)
FN:64,(anonymous_6)
FN:74,(anonymous_7)
FN:83,(anonymous_8)
FN:85,(anonymous_9)
FN:97,isMenuOpen
FN:104,toggleMenu
FN:115,openMenu
FN:133,(anonymous_13)
FN:142,closeMenu
FN:160,(anonymous_15)
FNF:16
FNH:0
FNDA:0,constructor
FNDA:0,init
FNDA:0,setupEventListeners
FNDA:0,(anonymous_3)
FNDA:0,(anonymous_4)
FNDA:0,(anonymous_5)
FNDA:0,(anonymous_6)
FNDA:0,(anonymous_7)
FNDA:0,(anonymous_8)
FNDA:0,(anonymous_9)
FNDA:0,isMenuOpen
FNDA:0,toggleMenu
FNDA:0,openMenu
FNDA:0,(anonymous_13)
FNDA:0,closeMenu
FNDA:0,(anonymous_15)
DA:22,0
DA:23,0
DA:24,0
DA:25,0
DA:26,0
DA:28,0
DA:35,0
DA:36,0
DA:37,0
DA:40,0
DA:41,0
DA:49,0
DA:50,0
DA:51,0
DA:55,0
DA:56,0
DA:57,0
DA:58,0
DA:64,0
DA:65,0
DA:66,0
DA:67,0
DA:68,0
DA:74,0
DA:75,0
DA:76,0
DA:77,0
DA:83,0
DA:84,0
DA:85,0
DA:86,0
DA:87,0
DA:98,0
DA:105,0
DA:106,0
DA:108,0
DA:117,0
DA:120,0
DA:121,0
DA:122,0
DA:125,0
DA:126,0
DA:130,0
DA:132,0
DA:133,0
DA:136,0
DA:144,0
DA:145,0
DA:146,0
DA:149,0
DA:150,0
DA:151,0
DA:153,0
DA:160,0
DA:161,0
LF:55
LH:0
BRDA:35,0,0,0
BRDA:35,0,1,0
BRDA:35,1,0,0
BRDA:35,1,1,0
BRDA:57,2,0,0
BRDA:57,2,1,0
BRDA:65,3,0,0
BRDA:65,3,1,0
BRDA:67,4,0,0
BRDA:67,4,1,0
BRDA:67,5,0,0
BRDA:67,5,1,0
BRDA:75,6,0,0
BRDA:75,6,1,0
BRDA:75,7,0,0
BRDA:75,7,1,0
BRDA:86,8,0,0
BRDA:86,8,1,0
BRDA:86,9,0,0
BRDA:86,9,1,0
BRDA:105,10,0,0
BRDA:105,10,1,0
BRDA:132,11,0,0
BRDA:132,11,1,0
BRF:24
BRH:0
end_of_record
TN:
SF:resources/js/pollingManager.js
FN:20,constructor
FN:44,start
FN:68,(anonymous_2)
FN:91,(anonymous_3)
FN:103,(anonymous_4)
FN:211,stop
FN:224,stopAll
FN:243,isActive
FN:251,getActive
FN:260,getPollInfo
FN:279,getAllPollInfo
FN:280,(anonymous_11)
FN:286,cleanup
FN:296,(anonymous_13)
FNF:14
FNH:13
FNDA:38,constructor
FNDA:36,start
FNDA:36,(anonymous_2)
FNDA:1510,(anonymous_3)
FNDA:1506,(anonymous_4)
FNDA:2,stop
FNDA:69,stopAll
FNDA:16,isActive
FNDA:4,getActive
FNDA:4,getPollInfo
FNDA:2,getAllPollInfo
FNDA:2,(anonymous_11)
FNDA:32,cleanup
FNDA:0,(anonymous_13)
DA:22,38
DA:52,36
DA:55,36
DA:56,1
DA:57,1
DA:60,35
DA:61,35
DA:62,35
DA:63,35
DA:68,35
DA:69,36
DA:72,36
DA:73,29
DA:74,29
DA:78,36
DA:80,36
DA:81,36
DA:91,35
DA:92,1510
DA:93,18
DA:94,18
DA:96,1
DA:103,35
DA:104,1506
DA:107,1506
DA:108,1506
DA:109,4
DA:110,4
DA:112,4
DA:117,4
DA:120,1502
DA:121,1502
DA:124,1480
DA:125,1480
DA:126,1475
DA:127,1475
DA:128,1475
DA:135,1480
DA:138,1480
DA:141,4
DA:142,4
DA:143,4
DA:147,1476
DA:148,1476
DA:150,22
DA:153,22
DA:161,22
DA:164,22
DA:167,22
DA:168,5
DA:169,5
DA:170,5
DA:174,17
DA:175,17
DA:180,17
DA:185,35
DA:196,35
DA:198,35
DA:203,35
DA:212,2
DA:213,2
DA:214,1
DA:215,1
DA:217,1
DA:225,69
DA:227,69
DA:228,15
DA:231,69
DA:232,9
DA:235,69
DA:244,16
DA:252,4
DA:261,4
DA:262,4
DA:264,3
DA:280,2
DA:287,32
DA:292,3
DA:295,3
DA:296,3
DA:297,0
LF:81
LH:80
BRDA:44,0,0,36
BRDA:46,1,0,36
BRDA:47,2,0,36
BRDA:48,3,0,36
BRDA:49,4,0,36
BRDA:50,5,0,36
BRDA:51,6,0,36
BRDA:55,7,0,1
BRDA:55,7,1,35
BRDA:72,8,0,29
BRDA:72,8,1,7
BRDA:92,9,0,1492
BRDA:92,9,1,18
BRDA:104,10,0,0
BRDA:104,10,1,1506
BRDA:108,11,0,4
BRDA:108,11,1,1502
BRDA:125,12,0,1475
BRDA:125,12,1,5
BRDA:138,13,0,4
BRDA:138,13,1,1476
BRDA:138,14,0,1480
BRDA:138,14,1,1477
BRDA:167,15,0,5
BRDA:167,15,1,17
BRDA:213,16,0,1
BRDA:213,16,1,1
BRDA:231,17,0,9
BRDA:231,17,1,60
BRDA:262,18,0,1
BRDA:262,18,1,3
BRDA:295,19,0,3
BRDA:295,19,1,0
BRDA:295,20,0,3
BRDA:295,20,1,3
BRF:35
BRH:33
end_of_record
TN:
SF:resources/js/populateRegions.js
FN:5,(anonymous_0)
FNF:1
FNH:0
FNDA:0,(anonymous_0)
DA:5,0
DA:6,0
DA:9,0
DA:10,0
DA:11,0
DA:12,0
DA:13,0
LF:7
LH:0
BRF:0
BRH:0
end_of_record
TN:
SF:resources/js/regionsConfig.js
FNF:0
FNH:0
DA:3,1
LF:1
LH:1
BRF:0
BRH:0
end_of_record
TN:
SF:resources/js/serverLoad.js
FN:11,initializeServerLoad
FN:29,updateServerLoad
FN:83,adjustServerLoadUpdateInterval
FNF:3
FNH:0
FNDA:0,initializeServerLoad
FNDA:0,updateServerLoad
FNDA:0,adjustServerLoadUpdateInterval
DA:12,0
DA:13,0
DA:15,0
DA:16,0
DA:19,0
DA:20,0
DA:23,0
DA:30,0
DA:31,0
DA:32,0
DA:33,0
DA:34,0
DA:36,0
DA:37,0
DA:38,0
DA:42,0
DA:43,0
DA:44,0
DA:45,0
DA:46,0
DA:47,0
DA:48,0
DA:49,0
DA:50,0
DA:51,0
DA:52,0
DA:56,0
DA:59,0
DA:62,0
DA:63,0
DA:66,0
DA:67,0
DA:68,0
DA:72,0
DA:73,0
DA:74,0
DA:84,0
DA:85,0
DA:86,0
DA:87,0
DA:90,0
DA:92,0
DA:93,0
DA:94,0
DA:99,0
DA:105,0
DA:106,0
DA:110,0
DA:112,0
DA:114,0
LF:50
LH:0
BRDA:15,0,0,0
BRDA:15,0,1,0
BRDA:19,1,0,0
BRDA:19,1,1,0
BRDA:33,2,0,0
BRDA:33,2,1,0
BRDA:36,3,0,0
BRDA:36,3,1,0
BRDA:42,4,0,0
BRDA:42,4,1,0
BRDA:44,5,0,0
BRDA:44,5,1,0
BRDA:47,6,0,0
BRDA:47,6,1,0
BRDA:47,7,0,0
BRDA:47,7,1,0
BRDA:50,8,0,0
BRDA:50,8,1,0
BRDA:62,9,0,0
BRDA:62,9,1,0
BRDA:66,10,0,0
BRDA:66,10,1,0
BRDA:72,11,0,0
BRDA:72,11,1,0
BRDA:84,12,0,0
BRDA:84,12,1,0
BRDA:92,13,0,0
BRDA:92,13,1,0
BRF:28
BRH:0
end_of_record
TN:
SF:resources/js/stateManager.js
FN:19,constructor
FN:68,getState
FN:91,get
FN:92,(anonymous_3)
FN:104,set
FN:107,(anonymous_5)
FN:138,addJob
FN:160,updateJob
FN:183,removeJob
FN:205,updateJobStatus
FN:214,getJob
FN:222,getJobs
FN:231,setJobPolling
FN:243,getJobPolling
FN:253,addCohort
FN:276,getCohort
FN:284,getCohorts
FN:293,addJobToCohort
FN:315,getCohortJobCount
FN:325,getJobCohort
FN:335,areCohortJobsComplete
FN:341,(anonymous_21)
FN:352,setCohortPolling
FN:363,startCountdown
FN:371,(anonymous_24)
FN:394,resetCountdown
FN:402,clearCountdown
FN:420,showSpinner
FN:431,hideSpinner
FN:442,forceHideSpinner
FN:453,cleanup
FN:491,on
FN:499,(anonymous_32)
FN:512,once
FN:513,(anonymous_34)
FN:524,emit
FN:541,off
FN:549,addToHistory
FN:567,getHistory
FN:577,clearHistory
FN:585,getDebugInfo
FN:591,(anonymous_41)
FN:606,(anonymous_42)
FN:612,(anonymous_43)
FNF:44
FNH:40
FNDA:81,constructor
FNDA:0,getState
FNDA:4,get
FNDA:8,(anonymous_3)
FNDA:4,set
FNDA:4,(anonymous_5)
FNDA:43,addJob
FNDA:5,updateJob
FNDA:3,removeJob
FNDA:1,updateJobStatus
FNDA:7,getJob
FNDA:2,getJobs
FNDA:3,setJobPolling
FNDA:2,getJobPolling
FNDA:19,addCohort
FNDA:8,getCohort
FNDA:1,getCohorts
FNDA:12,addJobToCohort
FNDA:3,getCohortJobCount
FNDA:2,getJobCohort
FNDA:4,areCohortJobsComplete
FNDA:4,(anonymous_21)
FNDA:1,setCohortPolling
FNDA:13,startCountdown
FNDA:29,(anonymous_24)
FNDA:2,resetCountdown
FNDA:100,clearCountdown
FNDA:16,showSpinner
FNDA:5,hideSpinner
FNDA:2,forceHideSpinner
FNDA:82,cleanup
FNDA:29,on
FNDA:2,(anonymous_32)
FNDA:1,once
FNDA:1,(anonymous_34)
FNDA:323,emit
FNDA:1,off
FNDA:179,addToHistory
FNDA:6,getHistory
FNDA:1,clearHistory
FNDA:1,getDebugInfo
FNDA:0,(anonymous_41)
FNDA:0,(anonymous_42)
FNDA:0,(anonymous_43)
DA:21,81
DA:57,81
DA:60,81
DA:61,81
DA:70,0
DA:92,8
DA:105,4
DA:106,4
DA:107,4
DA:109,4
DA:112,4
DA:113,1
DA:116,3
DA:119,3
DA:127,3
DA:130,3
DA:139,43
DA:145,43
DA:151,43
DA:152,43
DA:161,5
DA:162,5
DA:163,1
DA:164,1
DA:167,4
DA:169,4
DA:175,4
DA:176,4
DA:184,3
DA:185,3
DA:186,1
DA:189,2
DA:191,2
DA:196,2
DA:197,2
DA:206,1
DA:215,7
DA:223,2
DA:232,3
DA:233,3
DA:234,3
DA:244,2
DA:245,2
DA:254,19
DA:261,19
DA:267,19
DA:268,19
DA:277,8
DA:285,1
DA:294,12
DA:295,12
DA:296,11
DA:297,11
DA:300,11
DA:301,11
DA:302,6
DA:305,11
DA:306,11
DA:316,3
DA:317,3
DA:326,2
DA:327,2
DA:336,4
DA:337,4
DA:338,2
DA:341,2
DA:342,4
DA:343,4
DA:353,1
DA:354,1
DA:355,1
DA:365,13
DA:367,13
DA:368,13
DA:369,13
DA:371,13
DA:372,29
DA:375,29
DA:378,29
DA:379,1
DA:383,13
DA:388,13
DA:395,2
DA:396,2
DA:403,100
DA:404,13
DA:405,13
DA:406,13
DA:407,13
DA:409,13
DA:413,13
DA:421,16
DA:422,16
DA:423,9
DA:424,9
DA:432,5
DA:433,5
DA:434,2
DA:435,2
DA:443,2
DA:444,2
DA:445,2
DA:446,2
DA:455,82
DA:458,82
DA:459,0
DA:460,0
DA:464,82
DA:465,43
DA:466,5
DA:470,82
DA:474,82
DA:475,82
DA:492,29
DA:493,26
DA:496,29
DA:499,29
DA:500,2
DA:501,2
DA:502,2
DA:513,1
DA:514,1
DA:515,1
DA:525,323
DA:526,323
DA:527,24
DA:528,24
DA:529,24
DA:531,1
DA:542,1
DA:550,179
DA:557,179
DA:558,3
DA:568,6
DA:569,2
DA:571,4
DA:578,1
DA:586,1
DA:591,0
DA:602,2
DA:605,2
DA:606,2
DA:607,0
DA:611,2
DA:612,2
DA:613,0
LF:146
LH:140
BRDA:112,0,0,1
BRDA:112,0,1,3
BRDA:162,1,0,1
BRDA:162,1,1,4
BRDA:185,2,0,1
BRDA:185,2,1,2
BRDA:215,3,0,7
BRDA:215,3,1,1
BRDA:233,4,0,3
BRDA:233,4,1,0
BRDA:245,5,0,2
BRDA:245,5,1,1
BRDA:256,6,0,19
BRDA:256,6,1,17
BRDA:277,7,0,8
BRDA:277,7,1,0
BRDA:295,8,0,11
BRDA:295,8,1,1
BRDA:295,9,0,12
BRDA:295,9,1,12
BRDA:301,10,0,6
BRDA:301,10,1,5
BRDA:317,11,0,3
BRDA:317,11,1,2
BRDA:327,12,0,2
BRDA:327,12,1,1
BRDA:337,13,0,2
BRDA:337,13,1,2
BRDA:337,14,0,4
BRDA:337,14,1,3
BRDA:337,14,2,3
BRDA:354,15,0,1
BRDA:354,15,1,0
BRDA:363,16,0,13
BRDA:378,17,0,1
BRDA:378,17,1,28
BRDA:403,18,0,13
BRDA:403,18,1,87
BRDA:422,19,0,9
BRDA:422,19,1,7
BRDA:433,20,0,2
BRDA:433,20,1,3
BRDA:433,21,0,5
BRDA:433,21,1,4
BRDA:444,22,0,2
BRDA:444,22,1,0
BRDA:458,23,0,0
BRDA:458,23,1,82
BRDA:465,24,0,5
BRDA:465,24,1,38
BRDA:465,25,0,43
BRDA:465,25,1,5
BRDA:492,26,0,26
BRDA:492,26,1,3
BRDA:501,27,0,2
BRDA:501,27,1,0
BRDA:526,28,0,24
BRDA:526,28,1,299
BRDA:557,29,0,3
BRDA:557,29,1,176
BRDA:567,30,0,6
BRDA:568,31,0,2
BRDA:568,31,1,4
BRDA:605,32,0,2
BRDA:605,32,1,0
BRDA:605,33,0,2
BRDA:605,33,1,2
BRDA:611,34,0,2
BRDA:611,34,1,0
BRDA:611,35,0,2
BRDA:611,35,1,2
BRF:71
BRH:63
end_of_record
TN:
SF:resources/js/uiUtils.js
FN:10,showPlaceholderMessage
FN:24,hidePlaceholderMessage
FN:40,displayMessage
FN:71,appendWarningMessage
FN:103,clearMessage
FN:127,generateShareableLink
FN:144,displayShareableLink
FN:200,(anonymous_7)
FN:207,(anonymous_8)
FN:231,displayDownloadLink
FN:289,(anonymous_10)
FN:292,(anonymous_11)
FN:296,(anonymous_12)
FN:326,showSpinner
FN:334,hideSpinner
FN:343,startCountdown
FN:351,resetCountdown
FN:359,clearCountdown
FN:383,createSpinnerHTML
FN:427,createAssemblyMessageHTML
FN:448,ensureSpinAnimation
FN:469,initializeToggleOptionalInputs
FN:481,(anonymous_22)
FN:523,initializePageReset
FN:526,(anonymous_24)
FN:540,setupStateManagerListeners
FN:542,(anonymous_26)
FN:550,(anonymous_27)
FN:559,(anonymous_28)
FN:574,(anonymous_29)
FN:586,(anonymous_30)
FN:604,(anonymous_31)
FN:623,initializeUIUtils
FNF:33
FNH:0
FNDA:0,showPlaceholderMessage
FNDA:0,hidePlaceholderMessage
FNDA:0,displayMessage
FNDA:0,appendWarningMessage
FNDA:0,clearMessage
FNDA:0,generateShareableLink
FNDA:0,displayShareableLink
FNDA:0,(anonymous_7)
FNDA:0,(anonymous_8)
FNDA:0,displayDownloadLink
FNDA:0,(anonymous_10)
FNDA:0,(anonymous_11)
FNDA:0,(anonymous_12)
FNDA:0,showSpinner
FNDA:0,hideSpinner
FNDA:0,startCountdown
FNDA:0,resetCountdown
FNDA:0,clearCountdown
FNDA:0,createSpinnerHTML
FNDA:0,createAssemblyMessageHTML
FNDA:0,ensureSpinAnimation
FNDA:0,initializeToggleOptionalInputs
FNDA:0,(anonymous_22)
FNDA:0,initializePageReset
FNDA:0,(anonymous_24)
FNDA:0,setupStateManagerListeners
FNDA:0,(anonymous_26)
FNDA:0,(anonymous_27)
FNDA:0,(anonymous_28)
FNDA:0,(anonymous_29)
FNDA:0,(anonymous_30)
FNDA:0,(anonymous_31)
FNDA:0,initializeUIUtils
DA:11,0
DA:12,0
DA:13,0
DA:14,0
DA:15,0
DA:17,0
DA:25,0
DA:26,0
DA:27,0
DA:28,0
DA:29,0
DA:31,0
DA:41,0
DA:44,0
DA:45,0
DA:47,0
DA:48,0
DA:50,0
DA:53,0
DA:55,0
DA:57,0
DA:58,0
DA:59,0
DA:60,0
DA:61,0
DA:63,0
DA:73,0
DA:74,0
DA:75,0
DA:78,0
DA:79,0
DA:80,0
DA:82,0
DA:84,0
DA:85,0
DA:87,0
DA:90,0
DA:91,0
DA:93,0
DA:94,0
DA:96,0
DA:104,0
DA:105,0
DA:106,0
DA:110,0
DA:111,0
DA:112,0
DA:113,0
DA:118,0
DA:128,0
DA:129,0
DA:130,0
DA:132,0
DA:134,0
DA:145,0
DA:148,0
DA:149,0
DA:153,0
DA:156,0
DA:157,0
DA:161,0
DA:164,0
DA:165,0
DA:169,0
DA:173,0
DA:174,0
DA:175,0
DA:178,0
DA:179,0
DA:180,0
DA:182,0
DA:183,0
DA:184,0
DA:186,0
DA:187,0
DA:188,0
DA:189,0
DA:190,0
DA:191,0
DA:194,0
DA:195,0
DA:196,0
DA:197,0
DA:200,0
DA:201,0
DA:202,0
DA:203,0
DA:204,0
DA:207,0
DA:208,0
DA:211,0
DA:212,0
DA:216,0
DA:217,0
DA:220,0
DA:221,0
DA:232,0
DA:233,0
DA:235,0
DA:237,0
DA:240,0
DA:241,0
DA:245,0
DA:248,0
DA:249,0
DA:250,0
DA:251,0
DA:255,0
DA:256,0
DA:258,0
DA:263,0
DA:264,0
DA:268,0
DA:271,0
DA:274,0
DA:275,0
DA:276,0
DA:277,0
DA:278,0
DA:279,0
DA:280,0
DA:281,0
DA:284,0
DA:285,0
DA:286,0
DA:287,0
DA:288,0
DA:289,0
DA:290,0
DA:293,0
DA:294,0
DA:297,0
DA:298,0
DA:303,0
DA:304,0
DA:305,0
DA:306,0
DA:308,0
DA:309,0
DA:310,0
DA:313,0
DA:314,0
DA:315,0
DA:316,0
DA:318,0
DA:327,0
DA:335,0
DA:344,0
DA:352,0
DA:360,0
DA:389,0
DA:390,0
DA:391,0
DA:392,0
DA:393,0
DA:394,0
DA:396,0
DA:403,0
DA:404,0
DA:405,0
DA:406,0
DA:413,0
DA:428,0
DA:449,0
DA:450,0
DA:451,0
DA:452,0
DA:453,0
DA:459,0
DA:470,0
DA:471,0
DA:473,0
DA:474,0
DA:478,0
DA:481,0
DA:482,0
DA:484,0
DA:486,0
DA:487,0
DA:488,0
DA:489,0
DA:490,0
DA:493,0
DA:494,0
DA:495,0
DA:496,0
DA:498,0
DA:502,0
DA:503,0
DA:504,0
DA:505,0
DA:506,0
DA:509,0
DA:510,0
DA:512,0
DA:517,0
DA:524,0
DA:525,0
DA:526,0
DA:527,0
DA:529,0
DA:531,0
DA:542,0
DA:543,0
DA:544,0
DA:545,0
DA:550,0
DA:551,0
DA:552,0
DA:553,0
DA:554,0
DA:559,0
DA:560,0
DA:561,0
DA:562,0
DA:563,0
DA:564,0
DA:569,0
DA:574,0
DA:575,0
DA:576,0
DA:577,0
DA:578,0
DA:579,0
DA:581,0
DA:586,0
DA:587,0
DA:588,0
DA:589,0
DA:595,0
DA:596,0
DA:597,0
DA:599,0
DA:604,0
DA:605,0
DA:606,0
DA:607,0
DA:608,0
DA:609,0
DA:610,0
DA:612,0
DA:616,0
DA:624,0
DA:625,0
DA:626,0
DA:627,0
DA:628,0
LF:247
LH:0
BRDA:12,0,0,0
BRDA:12,0,1,0
BRDA:26,1,0,0
BRDA:26,1,1,0
BRDA:40,2,0,0
BRDA:44,3,0,0
BRDA:44,3,1,0
BRDA:44,4,0,0
BRDA:44,4,1,0
BRDA:44,4,2,0
BRDA:47,5,0,0
BRDA:47,5,1,0
BRDA:55,6,0,0
BRDA:55,6,1,0
BRDA:73,7,0,0
BRDA:73,7,1,0
BRDA:73,8,0,0
BRDA:73,8,1,0
BRDA:73,8,2,0
BRDA:80,9,0,0
BRDA:80,9,1,0
BRDA:82,10,0,0
BRDA:82,10,1,0
BRDA:90,11,0,0
BRDA:90,11,1,0
BRDA:105,12,0,0
BRDA:105,12,1,0
BRDA:129,13,0,0
BRDA:129,13,1,0
BRDA:144,14,0,0
BRDA:148,15,0,0
BRDA:148,15,1,0
BRDA:148,16,0,0
BRDA:148,16,1,0
BRDA:156,17,0,0
BRDA:156,17,1,0
BRDA:164,18,0,0
BRDA:164,18,1,0
BRDA:173,19,0,0
BRDA:173,19,1,0
BRDA:240,20,0,0
BRDA:240,20,1,0
BRDA:240,21,0,0
BRDA:240,21,1,0
BRDA:248,22,0,0
BRDA:248,22,1,0
BRDA:263,23,0,0
BRDA:263,23,1,0
BRDA:263,24,0,0
BRDA:263,24,1,0
BRDA:313,25,0,0
BRDA:313,25,1,0
BRDA:343,26,0,0
BRDA:383,27,0,0
BRDA:384,28,0,0
BRDA:385,29,0,0
BRDA:386,30,0,0
BRDA:387,31,0,0
BRDA:397,32,0,0
BRDA:397,32,1,0
BRDA:397,33,0,0
BRDA:397,33,1,0
BRDA:397,34,0,0
BRDA:397,34,1,0
BRDA:403,35,0,0
BRDA:403,35,1,0
BRDA:403,36,0,0
BRDA:403,36,1,0
BRDA:405,37,0,0
BRDA:405,37,1,0
BRDA:405,38,0,0
BRDA:405,38,1,0
BRDA:450,39,0,0
BRDA:450,39,1,0
BRDA:473,40,0,0
BRDA:473,40,1,0
BRDA:473,41,0,0
BRDA:473,41,1,0
BRDA:484,42,0,0
BRDA:484,42,1,0
BRDA:525,43,0,0
BRDA:525,43,1,0
BRDA:544,44,0,0
BRDA:544,44,1,0
BRDA:552,45,0,0
BRDA:552,45,1,0
BRDA:561,46,0,0
BRDA:561,46,1,0
BRDA:565,47,0,0
BRDA:565,47,1,0
BRDA:576,48,0,0
BRDA:576,48,1,0
BRDA:588,49,0,0
BRDA:588,49,1,0
BRDA:606,50,0,0
BRDA:606,50,1,0
BRF:96
BRH:0
end_of_record
TN:
SF:resources/js/unmappedExtraction.js
FN:30,loadPako
FN:35,(anonymous_1)
FN:55,constructor
FN:59,readBGZFBlock
FN:125,readFromOffset
FN:160,(anonymous_5)
FN:175,readUint32
FN:179,readUint64
FN:183,parseBAI
FN:224,constructor
FN:230,readInt32
FN:236,readUint16
FN:242,readUint8
FN:248,readBytes
FN:264,hasMore
FN:268,parseHeader
FN:298,parseAlignment
FN:352,extractUnmappedReads
FN:450,createBAMBlob
FN:501,mergeBamFiles
FN:542,validateBamFile
FNF:21
FNH:2
FNDA:0,loadPako
FNDA:0,(anonymous_1)
FNDA:0,constructor
FNDA:0,readBGZFBlock
FNDA:0,readFromOffset
FNDA:0,(anonymous_5)
FNDA:0,readUint32
FNDA:0,readUint64
FNDA:0,parseBAI
FNDA:0,constructor
FNDA:0,readInt32
FNDA:0,readUint16
FNDA:0,readUint8
FNDA:0,readBytes
FNDA:0,hasMore
FNDA:0,parseHeader
FNDA:0,parseAlignment
FNDA:0,extractUnmappedReads
FNDA:0,createBAMBlob
FNDA:10,mergeBamFiles
FNDA:7,validateBamFile
DA:23,2
DA:24,2
DA:31,0
DA:32,0
DA:34,0
DA:35,0
DA:36,0
DA:37,0
DA:38,0
DA:39,0
DA:40,0
DA:42,0
DA:43,0
DA:44,0
DA:48,0
DA:56,0
DA:60,0
DA:62,0
DA:63,0
DA:66,0
DA:73,0
DA:74,0
DA:75,0
DA:80,0
DA:81,0
DA:84,0
DA:85,0
DA:88,0
DA:89,0
DA:90,0
DA:93,0
DA:94,0
DA:95,0
DA:97,0
DA:98,0
DA:101,0
DA:102,0
DA:104,0
DA:105,0
DA:108,0
DA:109,0
DA:110,0
DA:111,0
DA:113,0
DA:114,0
DA:115,0
DA:121,0
DA:126,0
DA:127,0
DA:128,0
DA:129,0
DA:131,0
DA:132,0
DA:133,0
DA:134,0
DA:135,0
DA:136,0
DA:138,0
DA:139,0
DA:145,0
DA:147,0
DA:148,0
DA:150,0
DA:151,0
DA:155,0
DA:160,0
DA:161,0
DA:162,0
DA:163,0
DA:164,0
DA:165,0
DA:168,0
DA:176,0
DA:180,0
DA:184,0
DA:185,0
DA:186,0
DA:187,0
DA:189,0
DA:191,0
DA:192,0
DA:193,0
DA:195,0
DA:196,0
DA:197,0
DA:198,0
DA:200,0
DA:201,0
DA:202,0
DA:203,0
DA:205,0
DA:206,0
DA:211,0
DA:212,0
DA:213,0
DA:216,0
DA:217,0
DA:225,0
DA:226,0
DA:227,0
DA:231,0
DA:232,0
DA:233,0
DA:237,0
DA:238,0
DA:239,0
DA:243,0
DA:244,0
DA:245,0
DA:249,0
DA:250,0
DA:254,0
DA:255,0
DA:257,0
DA:260,0
DA:261,0
DA:265,0
DA:269,0
DA:270,0
DA:271,0
DA:272,0
DA:275,0
DA:276,0
DA:277,0
DA:279,0
DA:280,0
DA:281,0
DA:282,0
DA:283,0
DA:284,0
DA:290,0
DA:299,0
DA:300,0
DA:303,0
DA:304,0
DA:306,0
DA:307,0
DA:310,0
DA:313,0
DA:314,0
DA:315,0
DA:316,0
DA:317,0
DA:318,0
DA:319,0
DA:320,0
DA:321,0
DA:322,0
DA:323,0
DA:326,0
DA:332,0
DA:334,0
DA:353,0
DA:355,0
DA:356,0
DA:357,0
DA:359,0
DA:361,0
DA:362,0
DA:363,0
DA:365,0
DA:366,0
DA:368,0
DA:371,0
DA:372,0
DA:373,0
DA:375,0
DA:376,0
DA:378,0
DA:381,0
DA:382,0
DA:383,0
DA:385,0
DA:391,0
DA:392,0
DA:394,0
DA:395,0
DA:397,0
DA:398,0
DA:399,0
DA:401,0
DA:403,0
DA:404,0
DA:407,0
DA:408,0
DA:415,0
DA:417,0
DA:421,0
DA:424,0
DA:425,0
DA:427,0
DA:428,0
DA:430,0
DA:431,0
DA:433,0
DA:442,0
DA:443,0
DA:451,0
DA:453,0
DA:454,0
DA:457,0
DA:458,0
DA:461,0
DA:462,0
DA:463,0
DA:466,0
DA:467,0
DA:470,0
DA:471,0
DA:472,0
DA:473,0
DA:476,0
DA:477,0
DA:479,0
DA:480,0
DA:481,0
DA:482,0
DA:483,0
DA:484,0
DA:485,0
DA:486,0
DA:490,0
DA:491,0
DA:492,0
DA:495,0
DA:502,10
DA:504,10
DA:505,3
DA:508,7
DA:510,7
DA:512,7
DA:513,7
DA:515,6
DA:516,5
DA:518,5
DA:519,1
DA:522,4
DA:527,4
DA:534,3
DA:535,3
DA:543,7
DA:544,7
DA:545,6
DA:547,1
LF:244
LH:21
BRDA:31,0,0,0
BRDA:31,0,1,0
BRDA:32,1,0,0
BRDA:32,1,1,0
BRDA:66,2,0,0
BRDA:66,2,1,0
BRDA:67,3,0,0
BRDA:67,3,1,0
BRDA:67,3,2,0
BRDA:67,3,3,0
BRDA:67,3,4,0
BRDA:74,4,0,0
BRDA:74,4,1,0
BRDA:80,5,0,0
BRDA:80,5,1,0
BRDA:80,6,0,0
BRDA:80,6,1,0
BRDA:84,7,0,0
BRDA:84,7,1,0
BRDA:89,8,0,0
BRDA:89,8,1,0
BRDA:97,9,0,0
BRDA:97,9,1,0
BRDA:97,10,0,0
BRDA:97,10,1,0
BRDA:104,11,0,0
BRDA:104,11,1,0
BRDA:104,12,0,0
BRDA:104,12,1,0
BRDA:125,13,0,0
BRDA:131,14,0,0
BRDA:131,14,1,0
BRDA:138,15,0,0
BRDA:138,15,1,0
BRDA:147,16,0,0
BRDA:147,16,1,0
BRDA:205,17,0,0
BRDA:205,17,1,0
BRDA:226,18,0,0
BRDA:226,18,1,0
BRDA:249,19,0,0
BRDA:249,19,1,0
BRDA:249,20,0,0
BRDA:249,20,1,0
BRDA:254,21,0,0
BRDA:254,21,1,0
BRDA:271,22,0,0
BRDA:271,22,1,0
BRDA:299,23,0,0
BRDA:299,23,1,0
BRDA:306,24,0,0
BRDA:306,24,1,0
BRDA:306,25,0,0
BRDA:306,25,1,0
BRDA:327,26,0,0
BRDA:327,26,1,0
BRDA:328,27,0,0
BRDA:328,27,1,0
BRDA:399,28,0,0
BRDA:399,28,1,0
BRDA:403,29,0,0
BRDA:403,29,1,0
BRDA:407,30,0,0
BRDA:407,30,1,0
BRDA:504,31,0,3
BRDA:504,31,1,7
BRDA:504,32,0,10
BRDA:504,32,1,9
BRDA:518,33,0,1
BRDA:518,33,1,4
BRDA:545,34,0,6
BRDA:545,34,1,4
BRF:72
BRH:8
end_of_record
TN:
SF:resources/js/usageStats.js
FN:9,fetchUsageStatistics
FN:21,displayUsageStatistics
FN:59,initializeUsageStats
FN:77,(anonymous_3)
FN:101,(anonymous_4)
FNF:5
FNH:1
FNDA:0,fetchUsageStatistics
FNDA:0,displayUsageStatistics
FNDA:1,initializeUsageStats
FNDA:0,(anonymous_3)
FNDA:0,(anonymous_4)
DA:10,0
DA:11,0
DA:12,0
DA:14,0
DA:22,0
DA:23,0
DA:26,0
DA:27,0
DA:28,0
DA:29,0
DA:30,0
DA:32,0
DA:33,0
DA:34,0
DA:35,0
DA:36,0
DA:38,0
DA:39,0
DA:40,0
DA:41,0
DA:43,0
DA:44,0
DA:45,0
DA:46,0
DA:47,0
DA:49,0
DA:51,0
DA:52,0
DA:53,0
DA:60,1
DA:61,1
DA:62,1
DA:65,1
DA:66,1
DA:67,0
DA:68,0
DA:69,0
DA:71,1
DA:72,1
DA:73,1
DA:77,1
DA:78,0
DA:79,0
DA:81,0
DA:82,0
DA:83,0
DA:86,0
DA:87,0
DA:88,0
DA:89,0
DA:90,0
DA:91,0
DA:94,0
DA:95,0
DA:96,0
DA:97,0
DA:101,1
DA:102,0
DA:103,0
DA:104,0
DA:105,0
LF:61
LH:10
BRDA:11,0,0,0
BRDA:11,0,1,0
BRDA:66,1,0,0
BRDA:66,1,1,1
BRDA:79,2,0,0
BRDA:79,2,1,0
BRF:6
BRH:1
end_of_record
TN:
SF:resources/js/validators.js
FN:29,validateJobId
FN:72,validateCohortId
FN:91,validateEmail
FN:120,sanitizeFilename
FN:162,validatePassphrase
FN:196,validateCohortAlias
FNF:6
FNH:0
FNDA:0,validateJobId
FNDA:0,validateCohortId
FNDA:0,validateEmail
FNDA:0,sanitizeFilename
FNDA:0,validatePassphrase
FNDA:0,validateCohortAlias
DA:31,0
DA:32,0
DA:36,0
DA:37,0
DA:38,0
DA:42,0
DA:44,0
DA:45,0
DA:46,0
DA:50,0
DA:51,0
DA:52,0
DA:55,0
DA:74,0
DA:92,0
DA:93,0
DA:98,0
DA:100,0
DA:101,0
DA:102,0
DA:105,0
DA:121,0
DA:122,0
DA:126,0
DA:129,0
DA:132,0
DA:133,0
DA:134,0
DA:135,0
DA:139,0
DA:140,0
DA:141,0
DA:144,0
DA:163,0
DA:164,0
DA:167,0
DA:170,0
DA:171,0
DA:172,0
DA:176,0
DA:177,0
DA:178,0
DA:181,0
DA:197,0
DA:198,0
DA:201,0
DA:204,0
DA:205,0
DA:206,0
DA:210,0
DA:211,0
DA:212,0
DA:213,0
DA:216,0
LF:54
LH:0
BRDA:31,0,0,0
BRDA:31,0,1,0
BRDA:31,1,0,0
BRDA:31,1,1,0
BRDA:36,2,0,0
BRDA:36,2,1,0
BRDA:36,3,0,0
BRDA:36,3,1,0
BRDA:44,4,0,0
BRDA:44,4,1,0
BRDA:50,5,0,0
BRDA:50,5,1,0
BRDA:50,6,0,0
BRDA:50,6,1,0
BRDA:50,6,2,0
BRDA:92,7,0,0
BRDA:92,7,1,0
BRDA:92,8,0,0
BRDA:92,8,1,0
BRDA:100,9,0,0
BRDA:100,9,1,0
BRDA:100,10,0,0
BRDA:100,10,1,0
BRDA:121,11,0,0
BRDA:121,11,1,0
BRDA:121,12,0,0
BRDA:121,12,1,0
BRDA:133,13,0,0
BRDA:133,13,1,0
BRDA:139,14,0,0
BRDA:139,14,1,0
BRDA:163,15,0,0
BRDA:163,15,1,0
BRDA:163,16,0,0
BRDA:163,16,1,0
BRDA:170,17,0,0
BRDA:170,17,1,0
BRDA:176,18,0,0
BRDA:176,18,1,0
BRDA:197,19,0,0
BRDA:197,19,1,0
BRDA:197,20,0,0
BRDA:197,20,1,0
BRDA:204,21,0,0
BRDA:204,21,1,0
BRDA:204,22,0,0
BRDA:204,22,1,0
BRDA:211,23,0,0
BRDA:211,23,1,0
BRF:49
BRH:0
end_of_record
TN:
SF:resources/js/version.js
FN:18,getVersionEndpoint
FN:27,displayVersions
FN:94,displayCurrentYear
FN:106,(anonymous_3)
FNF:4
FNH:4
FNDA:14,getVersionEndpoint
FNDA:14,displayVersions
FNDA:14,displayCurrentYear
FNDA:14,(anonymous_3)
DA:6,5
DA:19,14
DA:20,14
DA:29,14
DA:30,14
DA:31,14
DA:32,14
DA:34,0
DA:39,14
DA:40,14
DA:41,9
DA:42,9
DA:46,5
DA:47,5
DA:48,5
DA:49,5
DA:50,0
DA:52,5
DA:53,5
DA:56,5
DA:57,5
DA:58,5
DA:59,5
DA:61,0
DA:65,5
DA:66,5
DA:67,5
DA:68,5
DA:70,0
DA:73,5
DA:76,0
DA:79,0
DA:80,0
DA:81,0
DA:84,0
DA:85,0
DA:86,0
DA:95,14
DA:96,14
DA:97,14
DA:98,14
DA:99,14
DA:101,0
DA:106,5
DA:107,14
DA:110,14
DA:113,14
LF:47
LH:35
BRDA:20,0,0,5
BRDA:20,0,1,9
BRDA:30,1,0,14
BRDA:30,1,1,0
BRDA:40,2,0,9
BRDA:40,2,1,5
BRDA:49,3,0,0
BRDA:49,3,1,5
BRDA:57,4,0,5
BRDA:57,4,1,0
BRDA:66,5,0,5
BRDA:66,5,1,0
BRDA:80,6,0,0
BRDA:80,6,1,0
BRDA:85,7,0,0
BRDA:85,7,1,0
BRDA:96,8,0,14
BRDA:96,8,1,0
BRF:18
BRH:9
end_of_record
TN:
SF:resources/js/controllers/AppController.js
FN:36,constructor
FN:65,initialize
FN:87,start
FN:99,initializeUIComponents
FN:108,initializeRouting
FN:128,initializeEventListeners
FN:132,(anonymous_6)
FN:138,(anonymous_7)
FN:144,(anonymous_8)
FN:154,bindEvents
FN:163,handleSubmitClick
FN:251,(anonymous_11)
FN:299,handleExtractClick
FN:376,handleResetClick
FN:392,_replaceRegionOutput
FN:409,handleReset
FN:472,handleAppError
FN:486,handleExtractionComplete
FN:523,(anonymous_18)
FN:548,(anonymous_19)
FN:609,loadJobFromURL
FN:669,loadCohortFromURL
FN:681,cleanup
FNF:23
FNH:7
FNDA:7,constructor
FNDA:7,initialize
FNDA:0,start
FNDA:7,initializeUIComponents
FNDA:0,initializeRouting
FNDA:7,initializeEventListeners
FNDA:0,(anonymous_6)
FNDA:0,(anonymous_7)
FNDA:0,(anonymous_8)
FNDA:7,bindEvents
FNDA:0,handleSubmitClick
FNDA:0,(anonymous_11)
FNDA:0,handleExtractClick
FNDA:0,handleResetClick
FNDA:3,_replaceRegionOutput
FNDA:1,handleReset
FNDA:0,handleAppError
FNDA:0,handleExtractionComplete
FNDA:0,(anonymous_18)
FNDA:0,(anonymous_19)
FNDA:0,loadJobFromURL
FNDA:0,loadCohortFromURL
FNDA:0,cleanup
DA:37,7
DA:39,7
DA:40,7
DA:41,7
DA:42,7
DA:43,7
DA:46,7
DA:47,7
DA:51,7
DA:66,7
DA:69,7
DA:72,7
DA:77,7
DA:79,7
DA:81,7
DA:88,0
DA:91,0
DA:93,0
DA:102,7
DA:109,0
DA:112,0
DA:113,0
DA:114,0
DA:116,0
DA:117,0
DA:118,0
DA:119,0
DA:120,0
DA:121,0
DA:130,7
DA:131,7
DA:132,7
DA:136,7
DA:137,7
DA:138,7
DA:142,7
DA:143,7
DA:144,7
DA:145,0
DA:146,0
DA:155,7
DA:156,7
DA:157,7
DA:165,0
DA:166,0
DA:167,0
DA:171,0
DA:173,0
DA:175,0
DA:178,0
DA:179,0
DA:180,0
DA:181,0
DA:189,0
DA:192,0
DA:195,0
DA:197,0
DA:198,0
DA:199,0
DA:200,0
DA:203,0
DA:206,0
DA:211,0
DA:212,0
DA:216,0
DA:218,0
DA:221,0
DA:224,0
DA:227,0
DA:228,0
DA:229,0
DA:230,0
DA:233,0
DA:234,0
DA:235,0
DA:239,0
DA:243,0
DA:245,0
DA:248,0
DA:251,0
DA:252,0
DA:253,0
DA:257,0
DA:258,0
DA:259,0
DA:260,0
DA:261,0
DA:262,0
DA:264,0
DA:265,0
DA:269,0
DA:272,0
DA:281,0
DA:282,0
DA:285,0
DA:288,0
DA:289,0
DA:290,0
DA:291,0
DA:301,0
DA:302,0
DA:303,0
DA:307,0
DA:309,0
DA:310,0
DA:313,0
DA:315,0
DA:316,0
DA:317,0
DA:318,0
DA:322,0
DA:325,0
DA:326,0
DA:327,0
DA:328,0
DA:335,0
DA:336,0
DA:337,0
DA:347,0
DA:350,0
DA:355,0
DA:356,0
DA:360,0
DA:362,0
DA:365,0
DA:366,0
DA:367,0
DA:368,0
DA:377,0
DA:378,0
DA:393,3
DA:394,2
DA:395,2
DA:397,3
DA:399,3
DA:400,3
DA:401,3
DA:403,3
DA:410,1
DA:413,1
DA:414,1
DA:417,1
DA:420,1
DA:421,1
DA:422,1
DA:425,1
DA:426,1
DA:427,1
DA:431,1
DA:434,1
DA:435,1
DA:440,1
DA:443,1
DA:446,1
DA:447,1
DA:448,1
DA:449,1
DA:453,1
DA:455,1
DA:457,1
DA:459,1
DA:460,1
DA:461,1
DA:463,1
DA:465,1
DA:473,0
DA:487,0
DA:491,0
DA:492,0
DA:493,0
DA:494,0
DA:499,0
DA:501,0
DA:502,0
DA:503,0
DA:509,0
DA:518,0
DA:519,0
DA:520,0
DA:522,0
DA:524,0
DA:527,0
DA:528,0
DA:529,0
DA:533,0
DA:538,0
DA:539,0
DA:540,0
DA:543,0
DA:545,0
DA:548,0
DA:549,0
DA:550,0
DA:553,0
DA:557,0
DA:562,0
DA:565,0
DA:566,0
DA:567,0
DA:568,0
DA:569,0
DA:570,0
DA:573,0
DA:574,0
DA:575,0
DA:576,0
DA:577,0
DA:578,0
DA:581,0
DA:582,0
DA:583,0
DA:584,0
DA:587,0
DA:590,0
DA:591,0
DA:592,0
DA:594,0
DA:600,0
DA:602,0
DA:610,0
DA:611,0
DA:614,0
DA:615,0
DA:619,0
DA:620,0
DA:623,0
DA:624,0
DA:628,0
DA:631,0
DA:638,0
DA:644,0
DA:647,0
DA:648,0
DA:649,0
DA:651,0
DA:652,0
DA:654,0
DA:657,0
DA:659,0
DA:660,0
DA:670,0
DA:671,0
DA:672,0
DA:674,0
DA:683,0
DA:684,0
DA:685,0
DA:687,0
LF:248
LH:63
BRDA:116,0,0,0
BRDA:116,0,1,0
BRDA:119,1,0,0
BRDA:119,1,1,0
BRDA:131,2,0,7
BRDA:131,2,1,0
BRDA:137,3,0,7
BRDA:137,3,1,0
BRDA:143,4,0,7
BRDA:143,4,1,0
BRDA:165,5,0,0
BRDA:165,5,1,0
BRDA:171,6,0,0
BRDA:171,6,1,0
BRDA:179,7,0,0
BRDA:179,7,1,0
BRDA:197,8,0,0
BRDA:197,8,1,0
BRDA:197,9,0,0
BRDA:197,9,1,0
BRDA:211,10,0,0
BRDA:211,10,1,0
BRDA:227,11,0,0
BRDA:227,11,1,0
BRDA:228,12,0,0
BRDA:228,12,1,0
BRDA:229,13,0,0
BRDA:229,13,1,0
BRDA:230,14,0,0
BRDA:230,14,1,0
BRDA:234,15,0,0
BRDA:234,15,1,0
BRDA:262,16,0,0
BRDA:262,16,1,0
BRDA:264,17,0,0
BRDA:264,17,1,0
BRDA:269,18,0,0
BRDA:269,18,1,0
BRDA:269,18,2,0
BRDA:281,19,0,0
BRDA:281,19,1,0
BRDA:289,20,0,0
BRDA:289,20,1,0
BRDA:301,21,0,0
BRDA:301,21,1,0
BRDA:307,22,0,0
BRDA:307,22,1,0
BRDA:315,23,0,0
BRDA:315,23,1,0
BRDA:315,24,0,0
BRDA:315,24,1,0
BRDA:326,25,0,0
BRDA:326,25,1,0
BRDA:336,26,0,0
BRDA:336,26,1,0
BRDA:355,27,0,0
BRDA:355,27,1,0
BRDA:366,28,0,0
BRDA:366,28,1,0
BRDA:392,29,0,3
BRDA:393,30,0,2
BRDA:393,30,1,1
BRDA:393,31,0,3
BRDA:393,31,1,2
BRDA:400,32,0,3
BRDA:400,32,1,0
BRDA:420,33,0,1
BRDA:420,33,1,0
BRDA:425,34,0,1
BRDA:425,34,1,0
BRDA:447,35,0,1
BRDA:447,35,1,0
BRDA:459,36,0,0
BRDA:459,36,1,1
BRDA:460,37,0,0
BRDA:460,37,1,1
BRDA:461,38,0,0
BRDA:461,38,1,1
BRDA:492,39,0,0
BRDA:492,39,1,0
BRDA:499,40,0,0
BRDA:499,40,1,0
BRDA:502,41,0,0
BRDA:502,41,1,0
BRDA:519,42,0,0
BRDA:519,42,1,0
BRDA:524,43,0,0
BRDA:524,43,1,0
BRDA:527,44,0,0
BRDA:527,44,1,0
BRDA:538,45,0,0
BRDA:538,45,1,0
BRDA:600,46,0,0
BRDA:600,46,1,0
BRDA:614,47,0,0
BRDA:614,47,1,0
BRDA:614,48,0,0
BRDA:614,48,1,0
BRDA:614,48,2,0
BRDA:619,49,0,0
BRDA:619,49,1,0
BRDA:623,50,0,0
BRDA:623,50,1,0
BRDA:647,51,0,0
BRDA:647,51,1,0
BRDA:649,52,0,0
BRDA:649,52,1,0
BRDA:652,53,0,0
BRDA:652,53,1,0
BRDA:654,54,0,0
BRDA:654,54,1,0
BRF:111
BRH:15
end_of_record
TN:
SF:resources/js/controllers/BaseController.js
FN:51,constructor
FN:90,initialize
FN:98,bindEvents
FN:110,on
FN:134,once
FN:144,emit
FN:155,emitAsync
FN:165,getState
FN:174,setState
FN:183,handleError
FN:201,destroy
FN:226,cleanup
FN:241,_log
FN:256,isReady
FN:264,getInfo
FNF:15
FNH:15
FNDA:205,constructor
FNDA:191,initialize
FNDA:59,bindEvents
FNDA:686,on
FNDA:2,once
FNDA:128,emit
FNDA:3,emitAsync
FNDA:1,getState
FNDA:1,setState
FNDA:16,handleError
FNDA:15,destroy
FNDA:11,cleanup
FNDA:1223,_log
FNDA:5,isReady
FNDA:8,getInfo
DA:53,205
DA:54,2
DA:57,203
DA:58,1
DA:61,202
DA:62,2
DA:66,200
DA:67,200
DA:69,200
DA:72,205
DA:75,205
DA:76,205
DA:79,205
DA:80,205
DA:82,205
DA:83,205
DA:112,686
DA:115,686
DA:118,686
DA:123,686
DA:125,686
DA:135,2
DA:145,128
DA:146,128
DA:156,3
DA:157,3
DA:166,1
DA:175,1
DA:184,16
DA:186,16
DA:189,16
DA:202,15
DA:203,2
DA:204,2
DA:208,13
DA:209,7
DA:211,13
DA:214,13
DA:216,13
DA:217,13
DA:219,13
DA:242,1223
DA:244,1223
DA:245,116
DA:246,1107
DA:248,1107
DA:257,5
DA:265,8
LF:48
LH:48
BRDA:53,0,0,2
BRDA:53,0,1,203
BRDA:53,1,0,205
BRDA:53,1,1,204
BRDA:57,2,0,1
BRDA:57,2,1,202
BRDA:61,3,0,2
BRDA:61,3,1,200
BRDA:69,4,0,200
BRDA:69,4,1,1
BRDA:110,5,0,686
BRDA:183,6,0,16
BRDA:184,7,0,15
BRDA:184,7,1,1
BRDA:202,8,0,2
BRDA:202,8,1,13
BRDA:241,9,0,1223
BRDA:244,10,0,116
BRDA:244,10,1,1107
BRDA:244,11,0,1223
BRDA:244,11,1,1223
BRDA:246,12,0,1107
BRDA:246,12,1,0
BRDA:257,13,0,5
BRDA:257,13,1,3
BRF:25
BRH:24
end_of_record
TN:
SF:resources/js/controllers/CohortController.js
FN:29,constructor
FN:41,bindEvents
FN:56,handleCreate
FN:101,handleJobSubmitted
FN:118,handleAddJob
FN:142,handleJobCompleted
FN:166,handlePoll
FN:173,(anonymous_7)
FN:179,(anonymous_8)
FN:182,(anonymous_9)
FN:185,(anonymous_10)
FN:203,handleStatusUpdate
FN:215,handleCohortComplete
FN:240,handlePollError
FN:257,handleCohortError
FN:269,handleAnalyze
FN:291,generateDefaultAlias
FN:301,getCohort
FN:309,cleanup
FNF:19
FNH:17
FNDA:51,constructor
FNDA:52,bindEvents
FNDA:10,handleCreate
FNDA:4,handleJobSubmitted
FNDA:5,handleAddJob
FNDA:6,handleJobCompleted
FNDA:7,handlePoll
FNDA:1,(anonymous_7)
FNDA:0,(anonymous_8)
FNDA:1,(anonymous_9)
FNDA:0,(anonymous_10)
FNDA:2,handleStatusUpdate
FNDA:3,handleCohortComplete
FNDA:2,handlePollError
FNDA:3,handleCohortError
FNDA:4,handleAnalyze
FNDA:4,generateDefaultAlias
FNDA:2,getCohort
FNDA:3,cleanup
DA:30,51
DA:32,51
DA:33,51
DA:34,51
DA:35,51
DA:42,52
DA:43,52
DA:44,52
DA:45,52
DA:46,52
DA:47,52
DA:57,10
DA:58,10
DA:61,10
DA:64,10
DA:67,8
DA:75,8
DA:80,8
DA:85,8
DA:87,8
DA:89,2
DA:90,2
DA:91,2
DA:102,4
DA:103,1
DA:106,3
DA:109,3
DA:119,5
DA:120,5
DA:123,5
DA:126,5
DA:131,5
DA:133,1
DA:144,6
DA:145,6
DA:146,1
DA:150,5
DA:151,5
DA:152,4
DA:153,4
DA:156,4
DA:167,7
DA:168,7
DA:171,7
DA:174,1
DA:180,0
DA:183,1
DA:186,0
DA:192,7
DA:194,1
DA:204,2
DA:207,2
DA:219,3
DA:220,0
DA:221,0
DA:224,3
DA:227,3
DA:241,2
DA:242,1
DA:246,1
DA:249,1
DA:258,3
DA:261,3
DA:270,4
DA:271,4
DA:277,4
DA:280,4
DA:282,1
DA:283,1
DA:292,4
DA:293,4
DA:302,2
DA:303,2
DA:311,3
DA:312,3
DA:313,4
DA:314,2
DA:318,3
LF:78
LH:74
BRDA:61,0,0,10
BRDA:61,0,1,1
BRDA:102,1,0,1
BRDA:102,1,1,3
BRDA:145,2,0,1
BRDA:145,2,1,5
BRDA:151,3,0,4
BRDA:151,3,1,1
BRDA:219,4,0,0
BRDA:219,4,1,3
BRDA:220,5,0,0
BRDA:220,5,1,0
BRDA:241,6,0,1
BRDA:241,6,1,1
BRDA:241,7,0,2
BRDA:241,7,1,2
BRDA:303,8,0,1
BRDA:303,8,1,1
BRDA:313,9,0,2
BRDA:313,9,1,2
BRF:20
BRH:17
end_of_record
TN:
SF:resources/js/controllers/ExtractionController.js
FN:33,constructor
FN:44,bindEvents
FN:55,_loadBamModule
FN:73,handleInitialize
FN:107,handleFilesValidated
FN:121,handleExtract
FN:163,extractMultiple
FN:183,getCLI
FN:198,isExtractionReady
FN:208,handleReset
FN:218,cleanup
FNF:11
FNH:0
FNDA:0,constructor
FNDA:0,bindEvents
FNDA:0,_loadBamModule
FNDA:0,handleInitialize
FNDA:0,handleFilesValidated
FNDA:0,handleExtract
FNDA:0,extractMultiple
FNDA:0,getCLI
FNDA:0,isExtractionReady
FNDA:0,handleReset
FNDA:0,cleanup
DA:34,0
DA:36,0
DA:37,0
DA:38,0
DA:45,0
DA:46,0
DA:47,0
DA:48,0
DA:56,0
DA:57,0
DA:60,0
DA:63,0
DA:65,0
DA:67,0
DA:74,0
DA:75,0
DA:76,0
DA:77,0
DA:81,0
DA:83,0
DA:85,0
DA:88,0
DA:90,0
DA:92,0
DA:94,0
DA:96,0
DA:97,0
DA:98,0
DA:108,0
DA:109,0
DA:122,0
DA:123,0
DA:126,0
DA:129,0
DA:130,0
DA:134,0
DA:136,0
DA:144,0
DA:149,0
DA:151,0
DA:152,0
DA:153,0
DA:164,0
DA:166,0
DA:167,0
DA:168,0
DA:169,0
DA:171,0
DA:176,0
DA:184,0
DA:199,0
DA:209,0
DA:215,0
DA:220,0
DA:221,0
DA:222,0
DA:224,0
LF:57
LH:0
BRDA:56,0,0,0
BRDA:56,0,1,0
BRDA:75,1,0,0
BRDA:75,1,1,0
BRDA:108,2,0,0
BRDA:108,2,1,0
BRDA:108,3,0,0
BRDA:108,3,1,0
BRDA:129,4,0,0
BRDA:129,4,1,0
BRF:10
BRH:0
end_of_record
TN:
SF:resources/js/controllers/FileController.js
FN:28,constructor
FN:39,bindEvents
FN:50,handleFilesSelected
FN:73,handleValidation
FN:87,(anonymous_4)
FN:109,handleClear
FN:128,getSelectedFiles
FN:136,getFileCount
FN:145,hasFiles
FNF:9
FNH:9
FNDA:40,constructor
FNDA:41,bindEvents
FNDA:9,handleFilesSelected
FNDA:13,handleValidation
FNDA:4,(anonymous_4)
FNDA:8,handleClear
FNDA:19,getSelectedFiles
FNDA:16,getFileCount
FNDA:7,hasFiles
DA:29,40
DA:31,40
DA:32,40
DA:33,40
DA:40,41
DA:41,41
DA:42,41
DA:51,9
DA:52,9
DA:58,9
DA:60,9
DA:62,2
DA:63,2
DA:74,13
DA:75,13
DA:78,13
DA:80,13
DA:86,13
DA:87,4
DA:88,3
DA:92,11
DA:98,11
DA:100,2
DA:101,2
DA:102,2
DA:110,8
DA:113,8
DA:116,8
DA:117,0
DA:121,8
DA:129,19
DA:137,16
DA:138,16
DA:146,7
LF:34
LH:33
BRDA:32,0,0,40
BRDA:32,0,1,1
BRDA:73,1,0,13
BRDA:86,2,0,3
BRDA:86,2,1,10
BRDA:86,3,0,13
BRDA:86,3,1,9
BRDA:116,4,0,0
BRDA:116,4,1,8
BRDA:116,5,0,8
BRDA:116,5,1,0
BRF:11
BRH:9
end_of_record
TN:
SF:resources/js/controllers/JobController.js
FN:38,constructor
FN:50,bindEvents
FN:66,handleSubmit
FN:118,handlePoll
FN:125,(anonymous_4)
FN:131,(anonymous_5)
FN:134,(anonymous_6)
FN:137,(anonymous_7)
FN:155,handleStatusUpdate
FN:175,handleJobComplete
FN:205,handleJobError
FN:221,handlePollError
FN:237,handleTerminalFailure
FN:265,handleCancel
FN:289,handleRetry
FN:319,handleDownload
FN:337,getJob
FN:346,getAllJobs
FN:348,(anonymous_18)
FN:354,cleanup
FNF:20
FNH:18
FNDA:42,constructor
FNDA:42,bindEvents
FNDA:9,handleSubmit
FNDA:6,handlePoll
FNDA:1,(anonymous_4)
FNDA:0,(anonymous_5)
FNDA:0,(anonymous_6)
FNDA:2,(anonymous_7)
FNDA:3,handleStatusUpdate
FNDA:6,handleJobComplete
FNDA:2,handleJobError
FNDA:5,handlePollError
FNDA:7,handleTerminalFailure
FNDA:3,handleCancel
FNDA:3,handleRetry
FNDA:2,handleDownload
FNDA:2,getJob
FNDA:4,getAllJobs
FNDA:6,(anonymous_18)
FNDA:2,cleanup
DA:39,42
DA:41,42
DA:42,42
DA:43,42
DA:44,42
DA:51,42
DA:52,42
DA:53,42
DA:54,42
DA:55,42
DA:67,9
DA:68,9
DA:71,9
DA:72,9
DA:75,9
DA:78,7
DA:86,9
DA:89,9
DA:96,9
DA:98,9
DA:100,9
DA:102,2
DA:103,2
DA:106,2
DA:107,2
DA:109,2
DA:119,6
DA:120,6
DA:123,6
DA:126,1
DA:132,0
DA:135,0
DA:138,2
DA:144,6
DA:146,0
DA:156,3
DA:158,3
DA:161,3
DA:164,3
DA:167,3
DA:179,6
DA:180,2
DA:181,2
DA:184,4
DA:187,4
DA:190,4
DA:193,4
DA:194,4
DA:197,4
DA:206,2
DA:222,5
DA:223,2
DA:227,2
DA:230,3
DA:240,7
DA:242,7
DA:245,7
DA:248,7
DA:249,7
DA:250,7
DA:253,7
DA:254,7
DA:257,7
DA:266,3
DA:269,3
DA:270,3
DA:271,2
DA:275,3
DA:278,3
DA:281,3
DA:290,3
DA:291,3
DA:294,3
DA:295,3
DA:296,1
DA:300,2
DA:307,2
DA:309,1
DA:310,1
DA:320,2
DA:323,2
DA:326,2
DA:327,2
DA:329,2
DA:338,2
DA:339,2
DA:347,4
DA:348,6
DA:356,2
DA:357,2
DA:358,4
DA:359,2
DA:363,2
LF:93
LH:90
BRDA:80,0,0,7
BRDA:80,0,1,4
BRDA:179,1,0,2
BRDA:179,1,1,4
BRDA:180,2,0,2
BRDA:180,2,1,1
BRDA:222,3,0,2
BRDA:222,3,1,3
BRDA:222,4,0,5
BRDA:222,4,1,4
BRDA:240,5,0,5
BRDA:240,5,1,2
BRDA:270,6,0,2
BRDA:270,6,1,1
BRDA:295,7,0,1
BRDA:295,7,1,2
BRDA:339,8,0,1
BRDA:339,8,1,1
BRDA:358,9,0,2
BRDA:358,9,1,2
BRF:20
BRH:20
end_of_record
TN:
SF:resources/js/models/Cohort.js
FN:37,constructor
FN:63,validateCohortId
FN:80,addJob
FN:97,removeJob
FN:100,(anonymous_4)
FN:110,hasJob
FN:118,getJobCount
FN:126,isEmpty
FN:134,hasAlias
FN:142,getDisplayName
FN:151,updateAlias
FN:164,updateShareableLink
FN:177,startAnalysis
FN:191,updateAnalysisStatus
FN:203,isAnalysisComplete
FN:211,isAnalysisFailed
FN:219,getAge
FN:227,toJSON
FN:249,fromAPI
FN:267,clone
FN:278,toString
FNF:21
FNH:3
FNDA:1,constructor
FNDA:1,validateCohortId
FNDA:0,addJob
FNDA:0,removeJob
FNDA:0,(anonymous_4)
FNDA:0,hasJob
FNDA:0,getJobCount
FNDA:0,isEmpty
FNDA:0,hasAlias
FNDA:0,getDisplayName
FNDA:0,updateAlias
FNDA:0,updateShareableLink
FNDA:0,startAnalysis
FNDA:0,updateAnalysisStatus
FNDA:0,isAnalysisComplete
FNDA:0,isAnalysisFailed
FNDA:0,getAge
FNDA:0,toJSON
FNDA:3,fromAPI
FNDA:0,clone
FNDA:0,toString
DA:38,1
DA:40,1
DA:41,1
DA:42,1
DA:43,1
DA:44,1
DA:45,1
DA:46,1
DA:47,1
DA:50,1
DA:51,1
DA:54,1
DA:55,1
DA:64,1
DA:65,0
DA:69,1
DA:70,1
DA:71,0
DA:81,0
DA:82,0
DA:85,0
DA:98,0
DA:100,0
DA:111,0
DA:119,0
DA:127,0
DA:135,0
DA:143,0
DA:152,0
DA:165,0
DA:178,0
DA:192,0
DA:204,0
DA:212,0
DA:220,0
DA:228,0
DA:250,0
DA:268,0
DA:279,0
DA:280,0
LF:40
LH:16
BRDA:41,0,0,1
BRDA:41,0,1,0
BRDA:42,1,0,1
BRDA:42,1,1,0
BRDA:43,2,0,1
BRDA:43,2,1,1
BRDA:44,3,0,1
BRDA:44,3,1,1
BRDA:45,4,0,1
BRDA:45,4,1,1
BRDA:46,5,0,1
BRDA:46,5,1,1
BRDA:47,6,0,1
BRDA:47,6,1,1
BRDA:50,7,0,1
BRDA:50,7,1,1
BRDA:51,8,0,1
BRDA:51,8,1,1
BRDA:54,9,0,1
BRDA:54,9,1,1
BRDA:55,10,0,1
BRDA:55,10,1,1
BRDA:64,11,0,0
BRDA:64,11,1,1
BRDA:64,12,0,1
BRDA:64,12,1,1
BRDA:70,13,0,0
BRDA:70,13,1,1
BRDA:81,14,0,0
BRDA:81,14,1,0
BRDA:143,15,0,0
BRDA:143,15,1,0
BRDA:251,16,0,0
BRDA:251,16,1,0
BRDA:253,17,0,0
BRDA:253,17,1,0
BRDA:253,17,2,0
BRDA:254,18,0,0
BRDA:254,18,1,0
BRDA:254,18,2,0
BRDA:255,19,0,0
BRDA:255,19,1,0
BRDA:256,20,0,0
BRDA:256,20,1,0
BRDA:257,21,0,0
BRDA:257,21,1,0
BRDA:258,22,0,0
BRDA:258,22,1,0
BRDA:267,23,0,0
BRDA:279,24,0,0
BRDA:279,24,1,0
BRF:51
BRH:24
end_of_record
TN:
SF:resources/js/models/Job.js
FN:54,constructor
FN:83,validateJobId
FN:100,updateStatus
FN:117,complete
FN:131,fail
FN:149,isTerminal
FN:157,isActive
FN:165,isPending
FN:173,isCompleted
FN:181,isFailed
FN:189,getDuration
FN:197,getAge
FN:205,canRetry
FN:213,incrementRetry
FN:225,toJSON
FN:250,fromAPI
FN:271,fromFormData
FN:298,clone
FN:309,toString
FNF:19
FNH:4
FNDA:7,constructor
FNDA:7,validateJobId
FNDA:0,updateStatus
FNDA:0,complete
FNDA:0,fail
FNDA:0,isTerminal
FNDA:0,isActive
FNDA:0,isPending
FNDA:0,isCompleted
FNDA:0,isFailed
FNDA:0,getDuration
FNDA:0,getAge
FNDA:0,canRetry
FNDA:0,incrementRetry
FNDA:0,toJSON
FNDA:4,fromAPI
FNDA:4,fromFormData
FNDA:0,clone
FNDA:0,toString
DA:26,4
DA:55,7
DA:57,7
DA:58,7
DA:59,7
DA:60,7
DA:61,7
DA:62,7
DA:63,7
DA:64,7
DA:65,7
DA:66,7
DA:69,7
DA:70,7
DA:71,7
DA:72,7
DA:75,7
DA:84,7
DA:85,0
DA:89,7
DA:90,7
DA:91,0
DA:101,0
DA:102,0
DA:105,0
DA:118,0
DA:133,0
DA:137,0
DA:150,0
DA:158,0
DA:166,0
DA:174,0
DA:182,0
DA:190,0
DA:198,0
DA:206,0
DA:214,0
DA:226,0
DA:251,0
DA:275,0
DA:276,0
DA:277,0
DA:279,0
DA:299,0
DA:310,0
LF:45
LH:20
BRDA:58,0,0,7
BRDA:58,0,1,4
BRDA:59,1,0,7
BRDA:59,1,1,4
BRDA:60,2,0,7
BRDA:60,2,1,7
BRDA:61,3,0,7
BRDA:61,3,1,7
BRDA:62,4,0,7
BRDA:62,4,1,7
BRDA:63,5,0,7
BRDA:63,5,1,7
BRDA:64,6,0,7
BRDA:64,6,1,7
BRDA:65,7,0,7
BRDA:65,7,1,7
BRDA:66,8,0,7
BRDA:66,8,1,7
BRDA:69,9,0,7
BRDA:69,9,1,5
BRDA:70,10,0,7
BRDA:70,10,1,7
BRDA:71,11,0,7
BRDA:71,11,1,7
BRDA:72,12,0,7
BRDA:72,12,1,7
BRDA:75,13,0,7
BRDA:75,13,1,7
BRDA:84,14,0,0
BRDA:84,14,1,7
BRDA:84,15,0,7
BRDA:84,15,1,7
BRDA:90,16,0,0
BRDA:90,16,1,7
BRDA:101,17,0,0
BRDA:101,17,1,0
BRDA:133,18,0,0
BRDA:133,18,1,0
BRDA:206,19,0,0
BRDA:206,19,1,0
BRDA:252,20,0,0
BRDA:252,20,1,0
BRDA:253,21,0,0
BRDA:253,21,1,0
BRDA:254,22,0,0
BRDA:254,22,1,0
BRDA:256,23,0,0
BRDA:256,23,1,0
BRDA:257,24,0,0
BRDA:257,24,1,0
BRDA:260,25,0,0
BRDA:260,25,1,0
BRDA:261,26,0,0
BRDA:261,26,1,0
BRDA:282,27,0,0
BRDA:282,27,1,0
BRDA:283,28,0,0
BRDA:283,28,1,0
BRDA:284,29,0,0
BRDA:284,29,1,0
BRDA:298,30,0,0
BRF:61
BRH:32
end_of_record
TN:
SF:resources/js/services/APIService.js
FN:41,constructor
FN:54,submitJob
FN:69,getJobStatus
FN:86,pollJobStatus
FN:101,createCohort
FN:118,getCohortStatus
FN:136,pollCohortStatus
FN:153,_handleError
FNF:8
FNH:8
FNDA:26,constructor
FNDA:3,submitJob
FNDA:2,getJobStatus
FNDA:2,pollJobStatus
FNDA:3,createCohort
FNDA:3,getCohortStatus
FNDA:2,pollCohortStatus
FNDA:8,_handleError
DA:42,26
DA:43,26
DA:44,26
DA:55,3
DA:56,3
DA:57,2
DA:59,1
DA:60,1
DA:70,2
DA:71,2
DA:73,1
DA:74,1
DA:87,2
DA:88,2
DA:90,1
DA:91,1
DA:102,3
DA:103,3
DA:104,2
DA:106,1
DA:107,1
DA:119,3
DA:120,3
DA:122,1
DA:123,1
DA:137,2
DA:142,2
DA:144,1
DA:145,1
DA:154,8
DA:156,8
DA:157,7
DA:159,1
LF:33
LH:33
BRDA:41,0,0,26
BRDA:42,1,0,26
BRDA:42,1,1,1
BRDA:43,2,0,26
BRDA:43,2,1,3
BRDA:54,3,0,3
BRDA:54,4,0,3
BRDA:101,5,0,3
BRDA:118,6,0,3
BRDA:118,7,0,3
BRDA:156,8,0,7
BRDA:156,8,1,1
BRDA:156,9,0,8
BRDA:156,9,1,8
BRF:14
BRH:14
end_of_record
TN:
SF:resources/js/services/httpUtils.js
FN:32,fetchWithTimeout
FN:35,(anonymous_1)
FN:83,parseErrorResponse
FN:93,(anonymous_3)
FN:161,retryRequest
FN:193,(anonymous_5)
FNF:6
FNH:6
FNDA:9,fetchWithTimeout
FNDA:9,(anonymous_1)
FNDA:12,parseErrorResponse
FNDA:4,(anonymous_3)
FNDA:13,retryRequest
FNDA:16,(anonymous_5)
DA:34,9
DA:35,9
DA:37,9
DA:39,9
DA:44,5
DA:47,4
DA:48,2
DA:49,2
DA:50,2
DA:52,2
DA:55,9
DA:84,12
DA:86,12
DA:88,12
DA:90,10
DA:91,7
DA:93,4
DA:95,3
DA:96,2
DA:98,4
DA:100,3
DA:101,2
DA:103,1
DA:105,1
DA:107,3
DA:109,2
DA:110,1
DA:115,2
DA:120,12
DA:121,12
DA:122,12
DA:123,12
DA:125,12
DA:164,13
DA:165,29
DA:167,29
DA:169,20
DA:173,20
DA:174,3
DA:175,3
DA:179,17
DA:180,1
DA:181,1
DA:185,16
DA:187,16
DA:193,16
DA:194,16
DA:200,16
LF:48
LH:48
BRDA:32,0,0,9
BRDA:32,1,0,9
BRDA:41,2,0,9
BRDA:41,2,1,8
BRDA:47,3,0,2
BRDA:47,3,1,2
BRDA:90,4,0,7
BRDA:90,4,1,3
BRDA:91,5,0,3
BRDA:91,5,1,4
BRDA:93,6,0,4
BRDA:93,6,1,2
BRDA:95,7,0,2
BRDA:95,7,1,1
BRDA:98,8,0,3
BRDA:98,8,1,1
BRDA:100,9,0,2
BRDA:100,9,1,1
BRDA:103,10,0,1
BRDA:103,10,1,0
BRDA:107,11,0,2
BRDA:107,11,1,1
BRDA:109,12,0,1
BRDA:109,12,1,1
BRDA:109,13,0,2
BRDA:109,13,1,2
BRDA:115,14,0,2
BRDA:115,14,1,1
BRDA:161,15,0,13
BRDA:161,16,0,13
BRDA:173,17,0,3
BRDA:173,17,1,17
BRDA:173,18,0,20
BRDA:173,18,1,18
BRDA:179,19,0,1
BRDA:179,19,1,16
BRF:36
BRH:35
end_of_record
TN:
SF:resources/js/utils/DI.js
FN:30,constructor
FN:56,register
FN:88,registerSingleton
FN:97,registerFactory
FN:106,resolve
FN:162,resolveMany
FN:175,has
FN:183,unregister
FN:196,clear
FN:212,getRegistered
FN:220,createChild
FN:243,create
FN:265,_getConstructorDeps
FN:275,(anonymous_13)
FN:282,setDebug
FN:292,inspect
FN:312,inspectAll
FN:313,(anonymous_17)
FNF:18
FNH:18
FNDA:50,constructor
FNDA:51,register
FNDA:9,registerSingleton
FNDA:11,registerFactory
FNDA:32,resolve
FNDA:2,resolveMany
FNDA:5,has
FNDA:3,unregister
FNDA:2,clear
FNDA:2,getRegistered
FNDA:4,createChild
FNDA:2,create
FNDA:2,_getConstructorDeps
FNDA:3,(anonymous_13)
FNDA:2,setDebug
FNDA:7,inspect
FNDA:2,inspectAll
FNDA:3,(anonymous_17)
DA:32,50
DA:35,50
DA:38,50
DA:41,50
DA:44,50
DA:47,50
DA:57,51
DA:60,51
DA:61,1
DA:64,50
DA:65,1
DA:68,49
DA:75,49
DA:76,4
DA:89,9
DA:98,11
DA:108,32
DA:109,3
DA:110,3
DA:114,29
DA:115,2
DA:116,0
DA:118,2
DA:122,27
DA:123,27
DA:124,1
DA:127,26
DA:129,26
DA:133,26
DA:135,15
DA:138,11
DA:142,20
DA:143,5
DA:146,20
DA:147,0
DA:150,20
DA:153,26
DA:163,2
DA:164,2
DA:165,3
DA:167,2
DA:176,5
DA:184,3
DA:185,3
DA:186,3
DA:188,3
DA:189,1
DA:197,2
DA:198,2
DA:199,2
DA:200,2
DA:201,2
DA:203,2
DA:204,1
DA:213,2
DA:221,4
DA:222,4
DA:225,4
DA:226,3
DA:230,4
DA:231,1
DA:234,4
DA:245,2
DA:248,2
DA:249,2
DA:250,3
DA:251,1
DA:253,2
DA:258,2
DA:268,2
DA:269,2
DA:271,2
DA:272,0
DA:275,3
DA:283,2
DA:284,2
DA:293,7
DA:294,7
DA:295,2
DA:298,5
DA:313,3
DA:318,1
DA:321,1
DA:322,1
LF:84
LH:81
BRDA:56,0,0,51
BRDA:57,1,0,51
BRDA:57,2,0,51
BRDA:57,3,0,51
BRDA:60,4,0,1
BRDA:60,4,1,50
BRDA:60,5,0,51
BRDA:60,5,1,3
BRDA:64,6,0,1
BRDA:64,6,1,49
BRDA:64,7,0,50
BRDA:64,7,1,21
BRDA:75,8,0,4
BRDA:75,8,1,45
BRDA:108,9,0,3
BRDA:108,9,1,29
BRDA:114,10,0,2
BRDA:114,10,1,27
BRDA:115,11,0,0
BRDA:115,11,1,2
BRDA:123,12,0,1
BRDA:123,12,1,26
BRDA:133,13,0,15
BRDA:133,13,1,11
BRDA:142,14,0,5
BRDA:142,14,1,15
BRDA:146,15,0,0
BRDA:146,15,1,20
BRDA:188,16,0,1
BRDA:188,16,1,2
BRDA:203,17,0,1
BRDA:203,17,1,1
BRDA:243,18,0,2
BRDA:250,19,0,1
BRDA:250,19,1,2
BRDA:271,20,0,0
BRDA:271,20,1,2
BRDA:284,21,0,1
BRDA:284,21,1,1
BRDA:294,22,0,2
BRDA:294,22,1,5
BRDA:321,23,0,1
BRDA:321,23,1,0
BRF:43
BRH:39
end_of_record
TN:
SF:resources/js/utils/EventBus.js
FN:24,constructor
FN:48,on
FN:65,(anonymous_2)
FN:81,(anonymous_3)
FN:90,once
FN:99,off
FN:124,emit
FN:165,emitAsync
FN:201,clear
FN:221,listenerCount
FN:230,eventNames
FN:238,_recordEvent
FN:257,getHistory
FN:268,setDebug
FNF:14
FNH:14
FNDA:51,constructor
FNDA:64,on
FNDA:3,(anonymous_2)
FNDA:2,(anonymous_3)
FNDA:3,once
FNDA:13,off
FNDA:35,emit
FNDA:4,emitAsync
FNDA:3,clear
FNDA:7,listenerCount
FNDA:4,eventNames
FNDA:39,_recordEvent
FNDA:7,getHistory
FNDA:7,setDebug
DA:26,51
DA:32,51
DA:35,51
DA:38,51
DA:49,64
DA:50,4
DA:53,60
DA:54,3
DA:57,57
DA:58,39
DA:61,57
DA:64,57
DA:66,3
DA:67,3
DA:71,64
DA:73,64
DA:74,5
DA:81,57
DA:91,3
DA:100,13
DA:101,13
DA:102,12
DA:105,12
DA:106,10
DA:109,12
DA:110,1
DA:125,35
DA:126,35
DA:128,35
DA:130,16
DA:132,16
DA:133,25
DA:134,25
DA:135,25
DA:137,1
DA:147,35
DA:149,35
DA:150,1
DA:156,35
DA:166,4
DA:167,4
DA:169,4
DA:170,4
DA:172,4
DA:173,7
DA:174,7
DA:175,6
DA:177,1
DA:185,4
DA:187,4
DA:188,0
DA:194,4
DA:202,3
DA:203,1
DA:204,1
DA:205,0
DA:208,2
DA:209,2
DA:210,2
DA:211,1
DA:222,7
DA:223,7
DA:231,4
DA:239,39
DA:247,39
DA:248,1
DA:258,7
DA:259,1
DA:261,6
DA:269,7
DA:270,7
DA:275,1
DA:278,1
DA:279,1
LF:74
LH:72
BRDA:48,0,0,64
BRDA:49,1,0,4
BRDA:49,1,1,60
BRDA:49,2,0,64
BRDA:49,2,1,61
BRDA:53,3,0,3
BRDA:53,3,1,57
BRDA:57,4,0,39
BRDA:57,4,1,18
BRDA:64,5,0,3
BRDA:64,5,1,53
BRDA:73,6,0,5
BRDA:73,6,1,59
BRDA:101,7,0,12
BRDA:101,7,1,1
BRDA:105,8,0,10
BRDA:105,8,1,2
BRDA:109,9,0,1
BRDA:109,9,1,11
BRDA:128,10,0,16
BRDA:128,10,1,19
BRDA:128,11,0,35
BRDA:128,11,1,16
BRDA:138,12,0,1
BRDA:138,12,1,0
BRDA:149,13,0,1
BRDA:149,13,1,34
BRDA:169,14,0,4
BRDA:169,14,1,0
BRDA:169,15,0,4
BRDA:169,15,1,4
BRDA:178,16,0,1
BRDA:178,16,1,0
BRDA:187,17,0,0
BRDA:187,17,1,4
BRDA:202,18,0,1
BRDA:202,18,1,2
BRDA:204,19,0,0
BRDA:204,19,1,1
BRDA:210,20,0,1
BRDA:210,20,1,1
BRDA:223,21,0,3
BRDA:223,21,1,4
BRDA:247,22,0,1
BRDA:247,22,1,38
BRDA:258,23,0,1
BRDA:258,23,1,6
BRDA:270,24,0,6
BRDA:270,24,1,1
BRDA:278,25,0,1
BRDA:278,25,1,0
BRF:51
BRH:45
end_of_record
TN:
SF:resources/js/utils/safeStorage.js
FN:22,getItem
FN:36,setItem
FN:50,removeItem
FNF:3
FNH:3
FNDA:8,getItem
FNDA:6,setItem
FNDA:3,removeItem
DA:16,6
DA:23,8
DA:24,8
DA:26,5
DA:37,6
DA:38,6
DA:39,6
DA:41,5
DA:51,3
DA:52,3
DA:53,3
DA:55,2
LF:12
LH:12
BRF:0
BRH:0
end_of_record
TN:
SF:resources/js/views/CohortView.js
FN:30,constructor
FN:40,showCohort
FN:64,updateCohort
FN:99,showShareableLink
FN:116,addJobToCohort
FN:132,showAnalysisSection
FN:149,updateAnalysisStatus
FN:166,removeCohort
FN:177,clearAll
FN:188,_createCohortElement
FN:257,_formatStatus
FN:273,getCohortElement
FN:282,hasCohort
FNF:13
FNH:0
FNDA:0,constructor
FNDA:0,showCohort
FNDA:0,updateCohort
FNDA:0,showShareableLink
FNDA:0,addJobToCohort
FNDA:0,showAnalysisSection
FNDA:0,updateAnalysisStatus
FNDA:0,removeCohort
FNDA:0,clearAll
FNDA:0,_createCohortElement
FNDA:0,_formatStatus
FNDA:0,getCohortElement
FNDA:0,hasCohort
DA:31,0
DA:32,0
DA:42,0
DA:43,0
DA:47,0
DA:49,0
DA:50,0
DA:52,0
DA:53,0
DA:56,0
DA:65,0
DA:66,0
DA:67,0
DA:71,0
DA:72,0
DA:73,0
DA:74,0
DA:79,0
DA:80,0
DA:81,0
DA:82,0
DA:83,0
DA:100,0
DA:101,0
DA:102,0
DA:105,0
DA:106,0
DA:107,0
DA:117,0
DA:118,0
DA:119,0
DA:122,0
DA:123,0
DA:124,0
DA:133,0
DA:134,0
DA:135,0
DA:138,0
DA:139,0
DA:140,0
DA:150,0
DA:151,0
DA:152,0
DA:155,0
DA:156,0
DA:157,0
DA:158,0
DA:167,0
DA:168,0
DA:169,0
DA:171,0
DA:178,0
DA:179,0
DA:181,0
DA:189,0
DA:190,0
DA:191,0
DA:194,0
DA:195,0
DA:198,0
DA:199,0
DA:200,0
DA:201,0
DA:204,0
DA:205,0
DA:209,0
DA:213,0
DA:216,0
DA:218,0
DA:221,0
DA:222,0
DA:223,0
DA:224,0
DA:228,0
DA:229,0
DA:230,0
DA:233,0
DA:234,0
DA:236,0
DA:237,0
DA:238,0
DA:240,0
DA:241,0
DA:242,0
DA:244,0
DA:245,0
DA:246,0
DA:248,0
DA:250,0
DA:258,0
DA:265,0
DA:274,0
DA:283,0
LF:93
LH:0
BRDA:30,0,0,0
BRDA:31,1,0,0
BRDA:31,1,1,0
BRDA:40,2,0,0
BRDA:42,3,0,0
BRDA:42,3,1,0
BRDA:52,4,0,0
BRDA:52,4,1,0
BRDA:66,5,0,0
BRDA:66,5,1,0
BRDA:71,6,0,0
BRDA:71,6,1,0
BRDA:73,7,0,0
BRDA:73,7,1,0
BRDA:79,8,0,0
BRDA:79,8,1,0
BRDA:81,9,0,0
BRDA:81,9,1,0
BRDA:101,10,0,0
BRDA:101,10,1,0
BRDA:106,11,0,0
BRDA:106,11,1,0
BRDA:118,12,0,0
BRDA:118,12,1,0
BRDA:123,13,0,0
BRDA:123,13,1,0
BRDA:134,14,0,0
BRDA:134,14,1,0
BRDA:139,15,0,0
BRDA:139,15,1,0
BRDA:151,16,0,0
BRDA:151,16,1,0
BRDA:156,17,0,0
BRDA:156,17,1,0
BRDA:168,18,0,0
BRDA:168,18,1,0
BRDA:168,19,0,0
BRDA:168,19,1,0
BRDA:178,20,0,0
BRDA:178,20,1,0
BRDA:188,21,0,0
BRDA:204,22,0,0
BRDA:204,22,1,0
BRDA:221,23,0,0
BRDA:221,23,1,0
BRDA:265,24,0,0
BRDA:265,24,1,0
BRDA:274,25,0,0
BRDA:274,25,1,0
BRF:49
BRH:0
end_of_record
TN:
SF:resources/js/views/ErrorView.js
FN:29,constructor
FN:38,show
FN:49,showValidation
FN:57,showNetwork
FN:66,showAPI
FN:75,showGeneric
FN:82,clear
FN:90,showMultiple
FN:95,(anonymous_8)
FNF:9
FNH:0
FNDA:0,constructor
FNDA:0,show
FNDA:0,showValidation
FNDA:0,showNetwork
FNDA:0,showAPI
FNDA:0,showGeneric
FNDA:0,clear
FNDA:0,showMultiple
FNDA:0,(anonymous_8)
DA:30,0
DA:39,0
DA:40,0
DA:42,0
DA:50,0
DA:58,0
DA:67,0
DA:68,0
DA:76,0
DA:83,0
DA:91,0
DA:92,0
DA:95,0
DA:97,0
LF:14
LH:0
BRDA:29,0,0,0
BRDA:30,1,0,0
BRDA:30,1,1,0
BRDA:38,2,0,0
BRDA:39,3,0,0
BRDA:39,3,1,0
BRDA:40,4,0,0
BRDA:40,4,1,0
BRDA:67,5,0,0
BRDA:67,5,1,0
BRDA:91,6,0,0
BRDA:91,6,1,0
BRDA:91,7,0,0
BRDA:91,7,1,0
BRDA:95,8,0,0
BRDA:95,8,1,0
BRF:16
BRH:0
end_of_record
TN:
SF:resources/js/views/JobView.js
FN:30,constructor
FN:39,showJob
FN:60,showShareableLink
FN:75,updateStatus
FN:92,showDownloadLink
FN:128,hideDownloadLink
FN:152,showError
FN:170,updateProgress
FN:192,removeJob
FN:203,clearAll
FN:214,_createJobElement
FN:272,_createProgressBar
FN:302,_formatStatus
FN:321,getJobElement
FN:330,hasJob
FNF:15
FNH:8
FNDA:3,constructor
FNDA:2,showJob
FNDA:2,showShareableLink
FNDA:0,updateStatus
FNDA:1,showDownloadLink
FNDA:3,hideDownloadLink
FNDA:0,showError
FNDA:0,updateProgress
FNDA:0,removeJob
FNDA:0,clearAll
FNDA:2,_createJobElement
FNDA:2,_createProgressBar
FNDA:2,_formatStatus
FNDA:0,getJobElement
FNDA:0,hasJob
DA:31,3
DA:32,3
DA:41,2
DA:43,2
DA:44,2
DA:46,2
DA:47,2
DA:51,2
DA:53,2
DA:61,2
DA:62,2
DA:63,0
DA:67,2
DA:76,0
DA:77,0
DA:78,0
DA:81,0
DA:82,0
DA:83,0
DA:84,0
DA:93,1
DA:94,1
DA:95,0
DA:98,1
DA:99,1
DA:100,0
DA:104,1
DA:107,1
DA:109,1
DA:110,1
DA:111,1
DA:112,1
DA:113,1
DA:114,1
DA:116,1
DA:129,3
DA:130,3
DA:131,1
DA:134,2
DA:135,2
DA:136,0
DA:139,2
DA:140,2
DA:141,1
DA:144,2
DA:153,0
DA:154,0
DA:155,0
DA:158,0
DA:159,0
DA:160,0
DA:161,0
DA:171,0
DA:172,0
DA:173,0
DA:176,0
DA:177,0
DA:178,0
DA:179,0
DA:182,0
DA:183,0
DA:184,0
DA:193,0
DA:194,0
DA:195,0
DA:197,0
DA:204,0
DA:205,0
DA:207,0
DA:215,2
DA:216,2
DA:217,2
DA:220,2
DA:224,2
DA:227,2
DA:228,2
DA:232,2
DA:236,2
DA:237,2
DA:239,2
DA:240,2
DA:242,2
DA:243,2
DA:244,2
DA:245,2
DA:247,2
DA:250,2
DA:251,2
DA:252,2
DA:256,2
DA:257,2
DA:258,2
DA:261,2
DA:262,2
DA:263,2
DA:265,2
DA:273,2
DA:274,2
DA:276,2
DA:277,2
DA:278,2
DA:279,2
DA:280,2
DA:281,2
DA:283,2
DA:284,2
DA:285,2
DA:287,2
DA:288,2
DA:290,2
DA:291,2
DA:292,2
DA:293,2
DA:295,2
DA:303,2
DA:313,2
DA:322,0
DA:331,0
LF:118
LH:81
BRDA:30,0,0,3
BRDA:31,1,0,3
BRDA:31,1,1,0
BRDA:46,2,0,2
BRDA:46,2,1,0
BRDA:62,3,0,0
BRDA:62,3,1,2
BRDA:77,4,0,0
BRDA:77,4,1,0
BRDA:82,5,0,0
BRDA:82,5,1,0
BRDA:94,6,0,0
BRDA:94,6,1,1
BRDA:99,7,0,0
BRDA:99,7,1,1
BRDA:130,8,0,1
BRDA:130,8,1,2
BRDA:135,9,0,0
BRDA:135,9,1,2
BRDA:140,10,0,1
BRDA:140,10,1,1
BRDA:154,11,0,0
BRDA:154,11,1,0
BRDA:159,12,0,0
BRDA:159,12,1,0
BRDA:172,13,0,0
BRDA:172,13,1,0
BRDA:177,14,0,0
BRDA:177,14,1,0
BRDA:183,15,0,0
BRDA:183,15,1,0
BRDA:194,16,0,0
BRDA:194,16,1,0
BRDA:194,17,0,0
BRDA:194,17,1,0
BRDA:204,18,0,0
BRDA:204,18,1,0
BRDA:227,19,0,2
BRDA:227,19,1,0
BRDA:250,20,0,2
BRDA:250,20,1,0
BRDA:313,21,0,2
BRDA:313,21,1,0
BRDA:322,22,0,0
BRDA:322,22,1,0
BRF:45
BRH:14
end_of_record
